# Log started: 2019-09-11 00:00:07 +0100
[2019-09-11 00:00:07] <^Stay_Hydrated_Bot>* @failarmy stayhyBottle You've been live for just over 16 hours. By this point in your broadcast you should have consumed at least 64oz (1.92L) of water to maintain optimum hydration.
[2019-09-11 00:01:05] JOIN: Bonusboots, Benjium, Rabies86, Dannceitt1990, Neddyteddy38
[2019-09-11 00:01:05] PART: Bigjokto, Valholl_awaits_me, Robmasters80, Rhuvian
[2019-09-11 00:01:34] VIEWERS: 113
[2019-09-11 00:01:54] VIEWERS: 113
[2019-09-11 00:03:34] VIEWERS: 109
[2019-09-11 00:04:13] JOIN: Bangbuds, Hapabae
[2019-09-11 00:04:13] PART: Bringmethememe, Wiskers5, sharkyman419, Bearbasse, Mrsgamer3000, Benjium
[2019-09-11 00:05:14] VIEWERS: 108
[2019-09-11 00:05:34] VIEWERS: 106
[2019-09-11 00:07:34] VIEWERS: 102
[2019-09-11 00:08:34] JOIN: S1faka, Madeinfinland40, Dizboard, Bolddark
[2019-09-11 00:08:34] PART: Maradona_1986, Bangbuds, kato2kato
[2019-09-11 00:08:34] VIEWERS: 104
[2019-09-11 00:09:34] VIEWERS: 104
[2019-09-11 00:10:42] JOIN: Traelar, Dabbler604
[2019-09-11 00:10:42] PART: BavarianFiredrill, Pixelkiller0815, Bolddark, Rabies86
[2019-09-11 00:11:35] VIEWERS: 111
[2019-09-11 00:11:54] VIEWERS: 111
[2019-09-11 00:12:49] JOIN: Velkoor, Shak_n_baik, Bizthewizz, Senseidiablo, sharkyman419, Devilkiss68
[2019-09-11 00:12:49] PART: Dizboard, Jnkchris, Traelar, Dabbler604
[2019-09-11 00:13:39] VIEWERS: 111
[2019-09-11 00:14:45] <%doubledot> !roulette all
[2019-09-11 00:14:45] <@^StreamElements>* doubledot went all in and lost every single one of their 190 Coins LUL
[2019-09-11 00:14:52] JOIN: Jnkchris, tsp1der
[2019-09-11 00:14:52] PART: Sgtbob8, V_and_k, Hostmeraffle, Virgoproz, S1faka
[2019-09-11 00:15:14] VIEWERS: 108
[2019-09-11 00:15:39] VIEWERS: 110
[2019-09-11 00:16:00] JOIN: Hostmeraffle
[2019-09-11 00:16:00] PART: Dannceitt1990, Sonnenbrot
[2019-09-11 00:17:40] VIEWERS: 112
[2019-09-11 00:18:35] VIEWERS: 114
[2019-09-11 00:19:17] JOIN: Kibsnbritches, Nickbgohard, imMachete, S1faka, Saru_tx, Plumtuckeredglass, Plungerjim, ftgri
[2019-09-11 00:19:17] PART: Jnkchris, Carmack_xw8k, Shak_n_baik, Twitchdatamining, Johnnybaerbel, Sunred_
[2019-09-11 00:19:40] VIEWERS: 108
[2019-09-11 00:20:24] JOIN: Mustangx7, Mizu_22, Shermworm
[2019-09-11 00:20:24] PART: Xterminatorqc, Nickbgohard
[2019-09-11 00:21:28] JOIN: Reiner_zufall__
[2019-09-11 00:21:28] PART: Trampel81, Plungerjim
[2019-09-11 00:21:40] VIEWERS: 110
[2019-09-11 00:21:55] VIEWERS: 110
[2019-09-11 00:23:40] VIEWERS: 112
[2019-09-11 00:25:15] VIEWERS: 112
[2019-09-11 00:25:40] VIEWERS: 113
[2019-09-11 00:26:55] JOIN: Virgoproz, Ggsonego, Gf1ddle, White_owl1369, Logviewer, V_and_k, Jnkchris
[2019-09-11 00:26:55] PART: Brezel_kasper, Dragon_disciple, Azulcavallo
[2019-09-11 00:26:55] MOD: Logviewer
[2019-09-11 00:27:40] Viewerstats (23:59-00:27): avg:110 min:102 max:117 [15/117-4-4-3-4+2+7+0-1+2-4+2+2+1+4]
[2019-09-11 00:27:40] VIEWERS: 117
[2019-09-11 00:28:35] VIEWERS: 116
[2019-09-11 00:29:04] JOIN: Mrblazed1214, Paizuero, Kj00le, Derspeckistweg, Skippy3
[2019-09-11 00:29:04] PART: Ggsonego
[2019-09-11 00:29:40] VIEWERS: 118
[2019-09-11 00:31:40] VIEWERS: 119
[2019-09-11 00:31:55] VIEWERS: 119
[2019-09-11 00:33:40] VIEWERS: 115
[2019-09-11 00:35:15] VIEWERS: 110
[2019-09-11 00:35:40] VIEWERS: 114
[2019-09-11 00:37:40] VIEWERS: 117
[2019-09-11 00:38:36] VIEWERS: 118
[2019-09-11 00:39:41] VIEWERS: 116
[2019-09-11 00:40:06] JOIN: Nhdrumline17, Trampel81, One_shot88, Awerewolfboy, Macholinoo, Mr_lovin, Realsarge198, Mrfish99, Admiralaudio
[2019-09-11 00:40:06] PART: Mrblazed1214, S1faka, ftgri, Paizuero
[2019-09-11 00:41:03] JOIN: S1faka, Sunred_
[2019-09-11 00:41:03] PART: Mrfish99, Bonusboots, Kj00le, Mr_lovin, One_shot88, Mustangx7
[2019-09-11 00:41:41] VIEWERS: 111
[2019-09-11 00:41:56] VIEWERS: 111
[2019-09-11 00:43:41] VIEWERS: 115
[2019-09-11 00:45:16] VIEWERS: 117
[2019-09-11 00:45:41] VIEWERS: 117
[2019-09-11 00:47:41] VIEWERS: 116
[2019-09-11 00:48:36] VIEWERS: 114
[2019-09-11 00:49:28] <+DerSpeckIstWeg> !coins
[2019-09-11 00:49:41] VIEWERS: 108
[2019-09-11 00:51:41] VIEWERS: 111
[2019-09-11 00:51:56] VIEWERS: 111
[2019-09-11 00:53:41] VIEWERS: 115
[2019-09-11 00:55:16] VIEWERS: 113
[2019-09-11 00:55:41] VIEWERS: 110
[2019-09-11 00:57:41] Viewerstats (00:29-00:57): avg:114 min:108 max:119 [15/118+1-4-1+3-1-5+4+2-1-8+3+4-5+1]
[2019-09-11 00:57:41] VIEWERS: 111
[2019-09-11 00:58:36] VIEWERS: 111
[2019-09-11 00:59:41] VIEWERS: 107
[2019-09-11 01:00:06] <^Stay_Hydrated_Bot>* @failarmy stayhyBottle You've been live for just over 17 hours. By this point in your broadcast you should have consumed at least 68oz (2.04L) of water to maintain optimum hydration.
[2019-09-11 01:01:39] <kokkai_> !roulette all
[2019-09-11 01:01:39] <@^StreamElements>* PogChamp kokkai_ went all in and won 40 Coins PogChamp they now have 80 Coins HSWP
[2019-09-11 01:01:41] VIEWERS: 116
[2019-09-11 01:01:56] VIEWERS: 116
[2019-09-11 01:03:41] VIEWERS: 118
[2019-09-11 01:04:22] <%doubledot> !roulette all
[2019-09-11 01:04:22] <@^StreamElements>* doubledot went all in and lost every single one of their 100 Coins LUL
[2019-09-11 01:05:16] VIEWERS: 116
[2019-09-11 01:05:17] JOIN: Zeldaninty, Dizzy95187, Azulcavallo, Miitcherino, Spaenny, kokkai_, Kenmtv, Shameems, Dunasbh, Drizzlmanizzl
[2019-09-11 01:05:17] JOIN: Madbloodyt, Kotamusprim3, Twitchdatamining, Freddyybot, clubberson, Onearrowleft, Ender006, J_dna
[2019-09-11 01:05:17] PART: Macholinoo, Admiralaudio, Velkoor, Tefarrus, Never2minder, DerSpeckIstWeg, Devilkiss68, V_and_k, Nhdrumline17, Plumtuckeredglass
[2019-09-11 01:05:17] PART: rocketpsyence420, Skippy3, Lady_sparky, Awerewolfboy, Saru_tx, Hostmeraffle, Madeinfinland40
[2019-09-11 01:05:41] VIEWERS: 115
[2019-09-11 07:32:33] Disconnected
[2019-09-11 07:32:33] Attempting to reconnect in 1 seconds.. (1/40)
[2019-09-11 07:32:34] Trying to connect to irc.chat.twitch.tv:6697 (secured)
[2019-09-11 07:32:37] Joining #failarmy..
[2019-09-11 07:32:37] You have joined #failarmy
[2019-09-11 07:32:54] <mellomaniacfocus> !roulette 200
[2019-09-11 07:32:54] <@^StreamElements>* mellomaniacfocus lost 200 Coins in roulette and now has 3880 Coins! WutFace
[2019-09-11 07:33:35] JOIN: Chooseneye, Nimhnoid, Spaenny, Virgoproz, Ryoko_tv, Vinnarn, sugarle666, Dontworryidontreallyexist, Nikolaos1, Angeloflight
[2019-09-11 07:33:35] JOIN: Spiritofakira, Praze_ghostz, Lukix29, oortam, hawkedandloaded, Rigidydigitydog, Da_clownz, tsp1der, Grayfox3d, Phlig10
[2019-09-11 07:33:35] JOIN: Nohandsneto, Liege97, Kenmtv, ilynx73, Reiner_zufall__, Winsock, Bl1zzared, Unmewzykl, Drozd_13, NightMaiden
[2019-09-11 07:33:35] JOIN: ixNevix, mcreamer, Jackblack1972, Nodurex4you, Killervirusger, Sumthingshiny, Shroomroom01, Hapabae, Amazeful, yolunchguys
[2019-09-11 07:33:35] JOIN: Rocjestergaming, Lolbbq, Vxthewolfxv, Doala1999, Pocrevocrednu, Commanderroot, Garvsehgal98, Itsvodoo, mellomaniacfocus, sharkyman419
[2019-09-11 07:33:35] JOIN: Theforeignhunter, Predator26363, Sephtis_1, Dizboard, Pierrotputeaux22, onehotginga, Jobi_Essen, bone71collector, Forscientificpurposes, StreamElements
[2019-09-11 07:33:35] JOIN: Acva01, Neddyteddy38, Zekev2, twitch_lilmanSnake, Luki4fun_bot_master, Icetoast_on_twitch, Susieuzi, solring, Jeremysnake, Realsarge198
[2019-09-11 07:33:35] JOIN: 0x4c554b49, SHIZZLER73, Xbox_alive, Jnkchris, Brocainiac, Twitchdatamining, Skalagan, doubledot, Freast, Darksilhouette
[2019-09-11 07:33:35] JOIN: Jupiterblue, BellaMiaVamp, Incageek, Photogirlgaming, Tefarrus, cdranobm, redrover235, Jimmyboycbs, marchetto__, Manukunta
[2019-09-11 07:33:35] JOIN: Never2minder, Icdedsquids, Oascyrix404, Sps2000, P0lizei_, Inflatablehammer, Duk_er, Sibbigali, h1ruleLIVE, Siixsten
[2019-09-11 07:33:35] JOIN: Januszrulez, Deep5, Sethurlp, Trampel81, Pompeiimagnus, Viptherod, Hostmeraffle, Varvajk, Dafalis87, Twitchprimereminder
[2019-09-11 07:33:35] JOIN: Lilydaisie, Dq_creative, Fredmainthetrain, Swatowsky, rocketpsyence420, Megamodx, Xatang, Call_me_Rhino, Gamearnt, Perrapil
[2019-09-11 07:33:35] JOIN: Awneiferex, Tsoobegamad, Galisibbi, Fjett, Ladybaws, Lurxx, Salvage_, Binbaguk, Waschbaer_mampft_kuchen, Raskal042
[2019-09-11 07:33:35] JOIN: Daemodra, nekedcsaklisa, Mr_nachooo, 0_doriii_0, Mrlandstroem, loft, Spectatorlo_ol, sebastian_01995, Maplestory2stream, Slayer
[2019-09-11 07:33:35] JOIN: SanktSid
[2019-09-11 07:33:35] MOD: StreamElements
[2019-09-11 07:34:35] JOIN: Azulcavallo
[2019-09-11 07:34:35] PART: Maplestory2stream
[2019-09-11 07:34:40] Viewerstats (07:34-07:34): avg:111 min:111 max:111 [1/111]
[2019-09-11 07:34:40] VIEWERS: 111
[2019-09-11 07:35:36] JOIN: Talar0n, Mr_teapea
[2019-09-11 07:35:36] PART: oortam, Dafalis87, Theforeignhunter, Hostmeraffle, Raskal042, Megamodx
[2019-09-11 07:36:21] VIEWERS: 105
[2019-09-11 07:36:41] VIEWERS: 105
[2019-09-11 07:37:31] JOIN: Frostbyte3011, Megamodx, oortam, Naseaxt950, Raskal042, Marj4, Atomictiger91, Dafalis87, Bacardiaccident
[2019-09-11 07:37:31] PART: Virgoproz, Spiritofakira, Unmewzykl
[2019-09-11 07:38:40] JOIN: Ruthlessrog, Swebb93
[2019-09-11 07:38:40] PART: rocketpsyence420, Mr_teapea, Spaenny
[2019-09-11 07:38:41] VIEWERS: 114
[2019-09-11 07:39:38] JOIN: rocketpsyence420, Spaenny, Hostmeraffle, Miitcherino, V_and_k
[2019-09-11 07:39:38] PART: Garvsehgal98, Awneiferex, Dq_creative, Swebb93
[2019-09-11 07:39:41] VIEWERS: 108
[2019-09-11 07:40:36] JOIN: Beawesome31, S1faka
[2019-09-11 07:40:36] PART: Frostbyte3011, Killervirusger
[2019-09-11 07:40:42] VIEWERS: 111
[2019-09-11 07:41:22] Viewerstats (07:36-07:40): avg:110 min:105 max:114 [3/105+9-3]
# Log closed: 2019-09-11 07:41:23 +0100
-
