# Log started: 2019-08-27 00:00:25 +0100
[2019-08-27 00:00:25] VIEWERS: 128
[2019-08-27 00:01:58] JOIN: Pipomon_, Pederasztadiszno
[2019-08-27 00:01:58] PART: Meuchel_
[2019-08-27 00:02:03] <GladiFN> !subcount
[2019-08-27 00:02:13] <%TazMania2003> !subs
[2019-08-27 00:02:14] <@^StreamElements> We currently have 25 Subscribers!
[2019-08-27 00:02:25] VIEWERS: 132
[2019-08-27 00:03:01] JOIN: Kneterich, Wiskers5, Markusmontana, Professorcavey
[2019-08-27 00:03:01] PART: Logviewer, Ikexp, Spike2739
[2019-08-27 00:03:01] UNMOD: Logviewer
[2019-08-27 00:03:10] VIEWERS: 132
[2019-08-27 00:03:27] <$Lisbeth111> !roulette 120
[2019-08-27 00:03:27] <@^StreamElements>* Lisbeth111 lost 120 Coins in roulette and now has 63560 Coins! WutFace
[2019-08-27 00:04:07] JOIN: GladiFN, Spike2739, Jeremy33510
[2019-08-27 00:04:07] PART: Arkam4577, Ibzern, Astrosweat
[2019-08-27 00:04:25] VIEWERS: 137
[2019-08-27 00:05:04] PART: Imtheman2019, Danimal736, Lisbeth111, Taizun
[2019-08-27 00:05:29] <%+Nimhnoid> !roulette 500
[2019-08-27 00:05:30] <@^StreamElements>* Nimhnoid won 500 Coins in roulette and now has 25360 Coins! HSWP
[2019-08-27 00:06:12] JOIN: Longshotjohnson, Taizun, Nkfuri4, Bigdonkey26
[2019-08-27 00:06:12] PART: Cdranobm, Tsp1der, Norbech, 0_doriii_0
[2019-08-27 00:06:25] VIEWERS: 129
[2019-08-27 00:06:28] <%+Nimhnoid> nimhnoGGdude nimhnoGGdude
[2019-08-27 00:06:30] VIEWERS: 129
[2019-08-27 00:06:42] <%+Nimhnoid> new emote got approved Taz
[2019-08-27 00:07:03] <%TazMania2003> It looks awesome :D
[2019-08-27 00:07:22] <%TazMania2003> nimhnoGGdude
[2019-08-27 00:07:32] <%+Nimhnoid> I hate it
[2019-08-27 00:07:38] <%+Nimhnoid> going to replace it lol
[2019-08-27 00:07:52] <%TazMania2003> Fair enough LUL
[2019-08-27 00:08:13] JOIN: Norbech, 0_doriii_0, Truenecro, Tsp1der, Cdranobm, Mg_potter
[2019-08-27 00:08:13] PART: Officer_sandwitch, GladiFN, Longshotjohnson
[2019-08-27 00:08:20] <%+Nimhnoid> but thank you
[2019-08-27 00:08:25] VIEWERS: 132
[2019-08-27 00:08:43] <%TazMania2003> :)
[2019-08-27 00:09:14] JOIN: Jdoomed
[2019-08-27 00:09:14] PART: Norbech
[2019-08-27 00:09:37] <ritzenwind0815> Get a room... LUL
[2019-08-27 00:09:50] VIEWERS: 133
[2019-08-27 00:10:25] VIEWERS: 133
[2019-08-27 00:11:25] JOIN: Fodilabdenacer, Danimal736, Basehusky539
[2019-08-27 00:11:25] PART: Jeremy33510, Nimhnoid, Mg_potter, Wiskers5, Bigdonkey26, Mrbluesky1987
[2019-08-27 00:12:25] VIEWERS: 127
[2019-08-27 00:12:28] JOIN: Luckymonks
[2019-08-27 00:12:28] PART: Basehusky539, Fodilabdenacer
[2019-08-27 00:13:10] VIEWERS: 124
[2019-08-27 00:13:36] JOIN: Frozentouch, GladiFN, Socialgamer, Whatasloth, F0xy18
[2019-08-27 00:13:36] PART: Pocrevocrednu, Luckymonks
[2019-08-27 00:13:45] <JimmyBoyCBS> !roulette 25%
[2019-08-27 00:13:45] <@^StreamElements>* JimmyBoyCBS lost 3884 Coins in roulette and now has 11654 Coins! WutFace
[2019-08-27 00:14:25] VIEWERS: 134
[2019-08-27 00:15:37] JOIN: Daehawktitan
[2019-08-27 00:15:37] PART: Socialgamer
[2019-08-27 00:15:48] <ritzenwind0815> outch
[2019-08-27 00:16:25] Viewerstats (23:48-00:16): avg:132 min:127 max:145 [15/145-8-4-1-3+0-1+4+5-8+3+1-6+7-6]
[2019-08-27 00:16:25] VIEWERS: 128
[2019-08-27 00:16:30] VIEWERS: 128
[2019-08-27 00:16:42] JOIN: Deryan3
[2019-08-27 00:16:42] PART: F0xy18, Xxquiet, Daehawktitan, Jhonpermag, Nzfishkiller
[2019-08-27 00:17:57] <+Mr_Ransoo> !roulette all
[2019-08-27 00:17:57] <@^StreamElements>* Mr_Ransoo went all in and lost every single one of their 240 Coins LUL
[2019-08-27 00:18:25] VIEWERS: 120
[2019-08-27 00:18:28] <%+Nimhnoid> !roulette 100
[2019-08-27 00:18:29] <@^StreamElements>* Nimhnoid lost 100 Coins in roulette and now has 25280 Coins! WutFace
[2019-08-27 00:18:48] JOIN: Bosa_hd, Ravenbtw
[2019-08-27 00:18:48] PART: Frozentouch
[2019-08-27 00:19:50] VIEWERS: 119
[2019-08-27 00:19:51] JOIN: Sh3varash_
[2019-08-27 00:19:51] PART: ritzenwind0815, Danimal736, Nkfuri4
[2019-08-27 00:20:20] <%TazMania2003> I'm off for a little while. I'll catch you guys later
[2019-08-27 00:20:25] VIEWERS: 121
[2019-08-27 00:20:50] JOIN: Nimhnoid, Bdad, Nworbcire, Juniornkelly
[2019-08-27 00:20:50] PART: Mr_Ransoo, GladiFN, Edu_dogfaceboy
[2019-08-27 00:21:54] JOIN: GladiFN
[2019-08-27 00:22:25] VIEWERS: 122
[2019-08-27 00:23:10] VIEWERS: 121
[2019-08-27 00:23:52] JOIN: Us3dn, Lvlajlb4ik, Allanbalder, Nzfishkiller
[2019-08-27 00:23:52] PART: Bobafeht
[2019-08-27 00:24:25] VIEWERS: 125
[2019-08-27 00:25:00] JOIN: Agamemnom616
[2019-08-27 00:25:00] PART: S1faka, Us3dn, TazMania2003
[2019-08-27 00:25:52] <%ilynx73> !roulette 999
[2019-08-27 00:25:55] <@^StreamElements>* ilynx73 lost 999 Coins in roulette and now has 15101 Coins! WutFace
[2019-08-27 00:26:02] JOIN: Elcommandantehd, Rjslow1, Demonnecromorph, Noriskqc, Tatu72
[2019-08-27 00:26:02] PART: Allanbalder, Lvlajlb4ik
[2019-08-27 00:26:25] VIEWERS: 132
[2019-08-27 00:26:30] VIEWERS: 132
[2019-08-27 00:27:05] JOIN: Sykohatchetman, Dooky1973
[2019-08-27 00:27:05] PART: Whatasloth, Demonnecromorph, JimmyBoyCBS
[2019-08-27 00:27:22] <%ilynx73> !slot 101
[2019-08-27 00:27:23] <@^StreamElements> @ilynx73 you got PJSalt | BibleThump | PJSalt and lost your 101 Coins LUL
[2019-08-27 00:28:13] JOIN: Kevinseven77, Triganato666, ChillBandiit, Killerkaztv
[2019-08-27 00:28:13] PART: Dooky1973, 0x4c554b49, Nworbcire
[2019-08-27 00:28:25] VIEWERS: 127
[2019-08-27 00:29:17] PART: Killerkaztv, Shininghill, Kevinseven77, GladiFN, Sk0rgs
[2019-08-27 00:29:51] VIEWERS: 126
[2019-08-27 00:30:03] <Eriyt> !points
[2019-08-27 00:30:04] <@^StreamElements> @Eriyt, Eriyt has 150 Coins and is rank 78150/155340 on the leaderboard.
[2019-08-27 00:30:11] <Eriyt> !slot 150
[2019-08-27 00:30:11] <@^StreamElements> @Eriyt you got PJSugar | PogChamp | PJSugar and lost your 150 Coins LUL
[2019-08-27 00:30:19] JOIN: Shininghill, Jhonpermag, Megamodx, Sk0rgs
[2019-08-27 00:30:19] PART: Rjslow1
[2019-08-27 00:30:25] VIEWERS: 126
[2019-08-27 00:31:21] JOIN: Gambler927
[2019-08-27 00:32:26] VIEWERS: 124
[2019-08-27 00:32:27] JOIN: GladiFN, S1faka
[2019-08-27 00:32:27] PART: Elcommandantehd, Gambler927
[2019-08-27 00:33:11] VIEWERS: 124
[2019-08-27 00:33:33] JOIN: Freddyybot, Pocrevocrednu
[2019-08-27 00:33:33] PART: Eriyt, Truenecro
[2019-08-27 00:34:26] VIEWERS: 125
[2019-08-27 00:34:37] JOIN: Knanorc, Lordgamervx
[2019-08-27 00:34:37] PART: Noriskqc
[2019-08-27 00:35:45] JOIN: Kubieck
[2019-08-27 00:36:26] VIEWERS: 124
[2019-08-27 00:36:31] VIEWERS: 124
[2019-08-27 00:36:49] JOIN: Wakatanga, Thevolc
[2019-08-27 00:36:49] PART: Triganato666, Jdoomed
[2019-08-27 00:37:57] JOIN: Vamfyre, Thegoaliemaster
[2019-08-27 00:37:57] PART: Eytinine, Thevolc
[2019-08-27 00:38:26] VIEWERS: 132
[2019-08-27 00:39:00] JOIN: Nerdgames737, A_snake_doc
[2019-08-27 00:39:00] PART: Twitchprimereminder, Bdad
[2019-08-27 00:39:51] VIEWERS: 129
[2019-08-27 00:40:03] JOIN: Waldhof_liebisch
[2019-08-27 00:40:03] PART: Kubieck, Vamfyre, Sh3varash_, Wakatanga, Lordgamervx, Pewpewmaylay, A_snake_doc
[2019-08-27 00:40:26] VIEWERS: 125
[2019-08-27 00:41:59] JOIN: Eytinine, Stim1k, Twitchprimereminder
[2019-08-27 00:42:26] VIEWERS: 123
[2019-08-27 00:43:11] VIEWERS: 121
[2019-08-27 00:44:05] JOIN: Devilkiss68, Nomubiku, Alkalide
[2019-08-27 00:44:05] PART: Agamemnom616, Freddyybot, Virgoproz, Hostmeraffle
[2019-08-27 00:44:26] VIEWERS: 127
[2019-08-27 00:46:05] JOIN: Ripleyy__1, Jackpj2005, Vorg1
[2019-08-27 00:46:05] PART: Thegoaliemaster, Alkalide, Knanorc
[2019-08-27 00:46:26] Viewerstats (00:18-00:46): avg:125 min:120 max:132 [15/120+1+1+3+7-5-1-2+1-1+8-7-2+4+1]
[2019-08-27 00:46:26] VIEWERS: 128
[2019-08-27 00:46:31] VIEWERS: 127
[2019-08-27 00:47:03] JOIN: Battlestar1013, Bdad
[2019-08-27 00:47:03] PART: Tsoobegamad, Jobi_essen, V_and_k, Ripleyy__1
[2019-08-27 00:47:25] <+tsp1der> !slot
[2019-08-27 00:47:26] <@^StreamElements> @tsp1der you got DoritosChip | BibleThump | PJSugar and lost your 100 Coins LUL
[2019-08-27 00:48:00] JOIN: Tsoobegamad, Jobi_essen, Thwb1, Spawnblake, Whiteprincess22
[2019-08-27 00:48:00] PART: Battlestar1013, Devilkiss68, Nomubiku, Vorg1
[2019-08-27 00:48:26] VIEWERS: 126
[2019-08-27 00:49:51] VIEWERS: 123
[2019-08-27 00:50:09] JOIN: Loldaniz, Drsmulegood, Renny_s
[2019-08-27 00:50:09] PART: Burnpogostick, Jackpj2005, Thwb1, GladiFN
[2019-08-27 00:50:26] VIEWERS: 123
[2019-08-27 00:51:12] JOIN: Xsnmx, Heeresmann
[2019-08-27 00:52:09] JOIN: Dartaka, GladiFN, Paulkoan1
[2019-08-27 00:52:09] PART: Pipomon_, Ozcorp, Renny_s
[2019-08-27 00:52:26] VIEWERS: 128
[2019-08-27 00:52:31] <%+Nimhnoid> !roulette 250
[2019-08-27 00:52:32] <@^StreamElements>* Nimhnoid lost 250 Coins in roulette and now has 25090 Coins! WutFace
[2019-08-27 00:52:44] <%+Nimhnoid> damn lynx you are still up man?
[2019-08-27 00:52:53] <+drsmulegood> jaysHey
[2019-08-27 00:53:10] JOIN: Wakatanga, Cptbudweiser57, V_and_k
[2019-08-27 00:53:10] PART: Dartaka, Warinc, Heeresmann
[2019-08-27 00:53:11] VIEWERS: 126
[2019-08-27 00:53:15] <%+Nimhnoid> ceezPeace
[2019-08-27 00:54:26] VIEWERS: 125
[2019-08-27 00:55:23] JOIN: Virgoproz, Nomubiku
[2019-08-27 00:55:23] PART: Senseidiablo, Bdad, Salvage_, Forscientificpurposes
[2019-08-27 00:56:11] <+drsmulegood> lantyFail
[2019-08-27 00:56:25] JOIN: JimmyBoyCBS, Salvage_, Gangerdale, Dartaka, Forscientificpurposes, Nexiantheta
[2019-08-27 00:56:25] PART: Nomubiku, Wakatanga
[2019-08-27 00:56:26] VIEWERS: 124
[2019-08-27 00:56:31] VIEWERS: 124
[2019-08-27 00:57:31] JOIN: Dizboard
[2019-08-27 00:57:31] PART: Spawnblake, Pederasztadiszno, Gangerdale
[2019-08-27 00:58:26] VIEWERS: 122
[2019-08-27 00:58:36] JOIN: Ignotushub, Pederasztadiszno, Gogoneko
[2019-08-27 00:58:36] PART: Dartaka
[2019-08-27 00:59:38] JOIN: Dartaka, Lamozinda, Senseidiablo
[2019-08-27 00:59:38] PART: Waldhof_liebisch, Siixsten
[2019-08-27 00:59:51] VIEWERS: 125
[2019-08-27 01:00:27] VIEWERS: 126
[2019-08-27 01:00:48] JOIN: Siixsten, Alexholly_
[2019-08-27 01:00:48] PART: drsmulegood
[2019-08-27 01:01:44] JOIN: Amandaalmonds, Ttwasher, Wiskers5, M4ngemonpain
[2019-08-27 01:01:44] PART: Bosa_hd, Dartaka, Gogoneko
[2019-08-27 01:02:10] <%+Nimhnoid> !roulette 500
[2019-08-27 01:02:10] <@^StreamElements>* Nimhnoid lost 500 Coins in roulette and now has 24610 Coins! WutFace
[2019-08-27 01:02:26] VIEWERS: 127
[2019-08-27 01:03:11] VIEWERS: 126
[2019-08-27 01:03:44] PART: M4ngemonpain, Amandaalmonds
[2019-08-27 01:04:27] VIEWERS: 127
[2019-08-27 01:04:52] JOIN: Chuligros, Vxthewolfxv
[2019-08-27 01:04:52] PART: Madbloodyt, Loldaniz, Wiskers5, Nerdgames737, Paulkoan1
[2019-08-27 01:05:59] JOIN: Germanstar1985, Hazetvum, Pilot_
[2019-08-27 01:05:59] PART: Chuligros, Jhonpermag
[2019-08-27 01:06:27] VIEWERS: 122
[2019-08-27 01:06:32] VIEWERS: 122
[2019-08-27 01:07:04] JOIN: Pete_and_repeat_, Cringer294
[2019-08-27 01:08:27] VIEWERS: 125
[2019-08-27 01:09:11] JOIN: My9u3l, R3dc0n, Bdad, Grimscribev, Call_me_rhino, Oglurkerr
[2019-08-27 01:09:11] PART: Germanstar1985, Virgoproz, V_and_k
[2019-08-27 01:09:52] VIEWERS: 126
[2019-08-27 01:10:15] PART: Pocrevocrednu, Cringer294, Ttwasher
[2019-08-27 01:10:27] VIEWERS: 126
[2019-08-27 01:11:18] PART: Pilot_, Ravenbtw, JimmyBoyCBS
[2019-08-27 01:11:49] <%doubledot> !roulette all
[2019-08-27 01:11:49] <@^StreamElements>* PogChamp doubledot went all in and won 200 Coins PogChamp they now have 400 Coins HSWP
[2019-08-27 01:12:27] VIEWERS: 128
[2019-08-27 01:13:12] VIEWERS: 130
[2019-08-27 01:13:35] JOIN: Dartaka, Lpilon01, Mrmeowsz, Forsaken_iceman, Czski
[2019-08-27 01:13:35] PART: Malcofire, MissBellaQ, Kopp09
[2019-08-27 01:14:27] VIEWERS: 134
[2019-08-27 01:15:45] JOIN: MissBellaQ, Batlowed, Malcofire, 0x4c554b49
[2019-08-27 01:15:45] PART: Oglurkerr, Hazetvum, Dartaka
[2019-08-27 01:16:27] Viewerstats (00:48-01:16): avg:126 min:122 max:134 [15/126-3+5-3-1-2+4+1+0-5+3+1+2+6-4]
[2019-08-27 01:16:27] VIEWERS: 130
[2019-08-27 01:16:32] VIEWERS: 130
[2019-08-27 01:16:43] PART: Jobi_essen, Batlowed, Tsoobegamad
[2019-08-27 01:17:47] JOIN: Tigercubs22, Jobi_essen, Tsoobegamad
[2019-08-27 01:17:47] PART: Lamozinda, Lpilon01
[2019-08-27 01:18:27] VIEWERS: 124
[2019-08-27 01:18:44] JOIN: V_and_k, Virgoproz
[2019-08-27 01:18:44] PART: Tigercubs22, Alexholly_
[2019-08-27 01:19:17] [Notification] belohoubek subscribed at Tier 1. They've subscribed for 2 months! [Hi guys]
[2019-08-27 01:19:17] <@^StreamElements> belohoubek just subscribed for 2 months in a row PogChamp
[2019-08-27 01:19:48] PART: Kneterich, Pete_and_repeat_
[2019-08-27 01:19:52] VIEWERS: 114
[2019-08-27 01:20:27] VIEWERS: 115
[2019-08-27 01:20:50] JOIN: Karimtn35, belohoubek
[2019-08-27 01:21:51] JOIN: Tigercubs22, Freddyybot, Hostmeraffle
[2019-08-27 01:21:51] PART: Karimtn35
[2019-08-27 01:22:27] VIEWERS: 118
[2019-08-27 01:22:59] PART: Whiteprincess22, Stim1k, belohoubek
[2019-08-27 01:23:12] VIEWERS: 116
[2019-08-27 01:24:02] JOIN: Dunasbh
[2019-08-27 01:24:02] PART: Sephtis_1
[2019-08-27 01:24:27] VIEWERS: 116
[2019-08-27 01:25:00] JOIN: Cheesyakakaese
[2019-08-27 01:25:11] <+itsyob0ibrody> oof
[2019-08-27 01:25:46] <+itsyob0ibrody> rip this chat
[2019-08-27 01:26:08] JOIN: itsyob0ibrody, Dannyboi365
[2019-08-27 01:26:08] PART: Freddyybot, Cheesyakakaese, Sogbombs, Tefarrus
[2019-08-27 01:26:27] VIEWERS: 120
[2019-08-27 01:26:32] VIEWERS: 120
[2019-08-27 01:27:01] <+TioJin> !roulette 5%
[2019-08-27 01:27:01] <@^StreamElements>* TioJin won 213 Coins in roulette and now has 4486 Coins! HSWP
[2019-08-27 01:27:10] JOIN: Tefarrus
[2019-08-27 01:27:10] PART: Dannyboi365, Deryan3, itsyob0ibrody
[2019-08-27 01:28:27] VIEWERS: 116
[2019-08-27 01:29:06] JOIN: Deryan3, Killerkaztv, TioJin
[2019-08-27 01:29:06] PART: Bdad
[2019-08-27 01:29:52] VIEWERS: 117
[2019-08-27 01:30:05] JOIN: M_c_a_d, Lince_246
[2019-08-27 01:30:27] VIEWERS: 116
[2019-08-27 01:31:05] PART: Killerkaztv, S1faka
[2019-08-27 01:32:12] JOIN: Eskimo_cboy, S1faka, Wulpa
[2019-08-27 01:32:27] VIEWERS: 117
[2019-08-27 01:33:11] PART: Lince_246
[2019-08-27 01:33:12] VIEWERS: 121
[2019-08-27 01:34:27] VIEWERS: 126
[2019-08-27 01:35:14] JOIN: Subtrohs, Logancio
[2019-08-27 01:35:14] PART: Eskimo_cboy, Cptbudweiser57
[2019-08-27 01:36:10] JOIN: Lucariowastaken
[2019-08-27 01:36:10] PART: Forsaken_iceman
[2019-08-27 01:36:28] VIEWERS: 117
[2019-08-27 01:36:32] VIEWERS: 117
[2019-08-27 01:37:05] UNMOD: StreamElements
[2019-08-27 01:38:07] JOIN: Lordhoma, Oryx_xbl, Mikhangel
[2019-08-27 01:38:07] PART: Lucariowastaken, Wulpa, Tigercubs22
[2019-08-27 01:38:07] MOD: StreamElements
[2019-08-27 01:38:28] VIEWERS: 114
[2019-08-27 01:39:13] JOIN: Kio_b, Ii_sierrabravo_ii, Raylangivens47
[2019-08-27 01:39:13] PART: Lordhoma
[2019-08-27 01:39:53] VIEWERS: 118
[2019-08-27 01:40:28] VIEWERS: 117
[2019-08-27 01:41:23] PART: Ladygamergeek, Raylangivens47, Logancio
[2019-08-27 01:41:47] <%doubledot> !points
[2019-08-27 01:41:47] <@^StreamElements> @doubledot, doubledot has 460 Coins and is rank 36212/155344 on the leaderboard.
[2019-08-27 01:42:19] JOIN: Noxvil19, Erikthepenguin23
[2019-08-27 01:42:19] PART: Oryx_xbl
[2019-08-27 01:42:28] VIEWERS: 115
[2019-08-27 01:43:13] VIEWERS: 116
[2019-08-27 01:43:23] PART: Mikhangel, Ii_sierrabravo_ii, GladiFN, Mrmeowsz
[2019-08-27 01:44:28] VIEWERS: 117
[2019-08-27 01:44:29] JOIN: Renny_s, Tigercubs22, Lolifolder, Personne_24
[2019-08-27 01:44:29] PART: MissBellaQ, Malcofire
[2019-08-27 01:46:28] Viewerstats (01:18-01:46): avg:117 min:114 max:126 [15/124-9+3-2+4-4+0+1+9-9-3+3-2+2+4]
[2019-08-27 01:46:28] VIEWERS: 121
[2019-08-27 01:46:31] JOIN: Malcofire, MissBellaQ
[2019-08-27 01:46:31] PART: Vaultgarry, Jobi_essen, Tsoobegamad, Czski, 0x4c554b49
[2019-08-27 01:46:33] VIEWERS: 121
[2019-08-27 01:47:37] JOIN: Tsoobegamad, 0x4c554b49, Jobi_essen
[2019-08-27 01:47:37] PART: Virgoproz, Kibsnbritches, Noxvil19
[2019-08-27 01:47:53] <LadyTyraLOL> !roulette 29%
[2019-08-27 01:47:53] <@^StreamElements>* LadyTyraLOL lost 517 Coins in roulette and now has 1268 Coins! WutFace
[2019-08-27 01:48:28] VIEWERS: 117
[2019-08-27 01:48:44] JOIN: Ak100_, Kibsnbritches
[2019-08-27 01:49:53] VIEWERS: 119
[2019-08-27 01:49:54] JOIN: Always100_, LadyTyraLOL
[2019-08-27 01:49:54] PART: Tigercubs22, Lolifolder, Dizboard
[2019-08-27 01:50:28] VIEWERS: 119
[2019-08-27 01:50:55] JOIN: Dizboard, Wulpa
[2019-08-27 01:50:55] PART: Nexiantheta, 0x4c554b49
[2019-08-27 01:51:08] <%doubledot> !roulette all
[2019-08-27 01:51:09] <@^StreamElements>* doubledot went all in and lost every single one of their 480 Coins LUL
[2019-08-27 01:51:53] JOIN: Croadfer
[2019-08-27 01:52:28] VIEWERS: 120
[2019-08-27 01:53:01] JOIN: Gazziboy69
[2019-08-27 01:53:01] PART: Croadfer
[2019-08-27 01:53:13] VIEWERS: 123
[2019-08-27 01:54:10] <+TioJin> !roulette 5%
[2019-08-27 01:54:10] JOIN: Alessandrocristiano, Williefloss, Pocrevocrednu, Tigercubs22
[2019-08-27 01:54:10] PART: Salvage_, Forscientificpurposes, Gazziboy69
[2019-08-27 01:54:10] <@^StreamElements>* TioJin lost 225 Coins in roulette and now has 4281 Coins! WutFace
[2019-08-27 01:54:28] VIEWERS: 125
[2019-08-27 01:54:41] <+TioJin> !roulette 5%
[2019-08-27 01:54:51] <+TioJin> !roulette 10%
[2019-08-27 01:56:26] JOIN: Lorken, Fasmic, Azz_lambo_90, Forscientificpurposes, Virgoproz, Salvage_
[2019-08-27 01:56:26] PART: Williefloss, Ak100_, Alessandrocristiano, Tigercubs22, M_c_a_d, Personne_24, Kio_b, Always100_
[2019-08-27 01:56:28] VIEWERS: 126
[2019-08-27 01:56:33] VIEWERS: 126
[2019-08-27 01:57:23] JOIN: Tigercubs22, Renegadefiremen
[2019-08-27 01:57:23] PART: Fasmic
[2019-08-27 01:57:42] <LadyTyraLOL> !roulette all
[2019-08-27 01:57:43] <@^StreamElements>* LadyTyraLOL went all in and lost every single one of their 1278 Coins LUL
[2019-08-27 01:58:28] VIEWERS: 116
[2019-08-27 01:58:29] JOIN: Regslax17, Batsu888, Jkb94
[2019-08-27 01:58:29] PART: Lorken, Rhuvian
[2019-08-27 01:59:20] <%+onehotginga> !roulette all
[2019-08-27 01:59:20] <@^StreamElements>* PogChamp onehotginga went all in and won 2394 Coins PogChamp they now have 4788 Coins HSWP
[2019-08-27 01:59:53] VIEWERS: 122
[2019-08-27 02:00:28] VIEWERS: 119
[2019-08-27 02:00:41] JOIN: Rhuvian, Garfish, Jennybear25
[2019-08-27 02:00:41] PART: Renegadefiremen, Wulpa
[2019-08-27 02:01:39] JOIN: Xxquiet
[2019-08-27 02:02:28] VIEWERS: 118
[2019-08-27 02:03:13] VIEWERS: 120
[2019-08-27 02:04:28] VIEWERS: 112
[2019-08-27 02:04:47] JOIN: Wod1nn
[2019-08-27 02:04:47] PART: Dunasbh, Jennybear25, Tatu72, Subtrohs, Xxquiet, Jkb94
[2019-08-27 02:05:55] JOIN: Gamingteach
[2019-08-27 02:06:28] VIEWERS: 114
[2019-08-27 02:06:33] VIEWERS: 114
[2019-08-27 02:07:02] JOIN: Noriskqc
[2019-08-27 02:08:08] JOIN: Tsm_gamers, Valholl_awaits_me
[2019-08-27 02:08:08] PART: Tigercubs22
[2019-08-27 02:08:11] <+Call_me_Rhino> !roulette all
[2019-08-27 02:08:13] <@^StreamElements>* Call_me_Rhino went all in and lost every single one of their 60 Coins LUL
[2019-08-27 02:08:28] VIEWERS: 118
[2019-08-27 02:09:16] JOIN: Tigercubs22, Your_death4
[2019-08-27 02:09:16] PART: Dboymcc
[2019-08-27 02:09:53] VIEWERS: 124
[2019-08-27 02:10:20] JOIN: Missjessomg, Domi1988, Dunasbh
[2019-08-27 02:10:20] PART: Garfish, LadyTyraLOL, Jobi_essen, Valholl_awaits_me
[2019-08-27 02:10:29] VIEWERS: 123
[2019-08-27 02:11:24] JOIN: R0nin1, Hman89
[2019-08-27 02:11:24] PART: Domi1988, Noriskqc, Reiner_zufall__, Call_me_Rhino, Wod1nn
[2019-08-27 02:12:26] JOIN: Elcid8, Moivroumvroum, Jltorosian, Invisible_twin
[2019-08-27 02:12:26] PART: Your_death4, Tigercubs22, 0_doriii_0, Regslax17
[2019-08-27 02:12:29] VIEWERS: 111
[2019-08-27 02:13:14] VIEWERS: 111
[2019-08-27 02:13:23] JOIN: Ftowgreg, Freddyybot
[2019-08-27 02:14:29] VIEWERS: 118
[2019-08-27 02:15:31] JOIN: Tigercubs22, Mrblazed1214, Kiljoi, Kio_b, Reiner_zufall__
[2019-08-27 02:15:31] PART: Elcid8, Ftowgreg, Tsm_gamers, Virgoproz, Tenshimoyama
[2019-08-27 02:16:28] JOIN: Giant_rob, Duckpondog, Mars_justice47
[2019-08-27 02:16:28] PART: Tigercubs22
[2019-08-27 02:16:29] Viewerstats (01:48-02:16): avg:117 min:111 max:126 [15/117+2+1+5+1-10+3-1-6+2+4+5-12+7-7]
[2019-08-27 02:16:29] VIEWERS: 111
[2019-08-27 02:16:34] VIEWERS: 111
[2019-08-27 02:18:29] VIEWERS: 119
[2019-08-27 02:18:29] JOIN: 0_doriii_0, Domi1988, Chadybigdaddy, Tigercubs22
[2019-08-27 02:18:29] PART: R3dc0n, Kio_b, Invisible_twin, Duckpondog, Mars_justice47
[2019-08-27 02:19:37] JOIN: Nam_yi, Der_checker90
[2019-08-27 02:19:37] PART: Jltorosian, Professorcavey
[2019-08-27 02:19:54] VIEWERS: 172
[2019-08-27 02:20:29] VIEWERS: 142
[2019-08-27 02:21:43] JOIN: Illtron, Mrbenza2000, Erikitsmeteka, Darlacattz, Valholl_awaits_me, Virgoproz
[2019-08-27 02:21:43] PART: Tigercubs22
[2019-08-27 02:22:29] VIEWERS: 140
[2019-08-27 02:22:39] JOIN: Brain_frame, Tigercubs22, Reason38, Ryan_the_rhino05, Torbinator97
[2019-08-27 02:22:39] PART: Corsar_rus, Freddyybot, Ladybaws
[2019-08-27 02:23:14] VIEWERS: 145
[2019-08-27 02:23:47] JOIN: Corsar_rus, Poshganache, Nexiantheta, Ladybaws
[2019-08-27 02:23:47] PART: Rafter_man21, Illtron, Mrbenza2000
[2019-08-27 02:24:20] <+Torbinator97> so sick of these stupid jumping kids
[2019-08-27 02:24:29] VIEWERS: 150
[2019-08-27 02:24:46] JOIN: Aaronrudy90
[2019-08-27 02:24:46] PART: Ryan_the_rhino05, Deryan3, Twitchprimereminder
[2019-08-27 02:25:46] JOIN: Twitchprimereminder, Rincon0258, Krutal, Tristan559
[2019-08-27 02:25:46] PART: Domi1988, Valholl_awaits_me, Azz_lambo_90, Brain_frame
[2019-08-27 02:26:29] VIEWERS: 148
[2019-08-27 02:26:34] VIEWERS: 148
[2019-08-27 02:26:50] JOIN: hawkedandloaded, Wulpa
[2019-08-27 02:26:50] PART: Torbinator97, Pocrevocrednu, Der_checker90, My9u3l
[2019-08-27 02:28:29] VIEWERS: 142
[2019-08-27 02:28:57] JOIN: Drdisimpact, Bluedevildan
[2019-08-27 02:28:57] PART: Wulpa
[2019-08-27 02:29:53] JOIN: Mareksun, Dodouble, Martimcflaye, Patau759, Mrbenza2000
[2019-08-27 02:29:53] PART: Missjessomg, Erikthepenguin23
[2019-08-27 02:29:54] VIEWERS: 144
[2019-08-27 02:30:29] VIEWERS: 145
[2019-08-27 02:31:01] JOIN: Jkb94
[2019-08-27 02:31:01] PART: Vulkat, Drdisimpact, V_and_k, Bluedevildan
[2019-08-27 02:32:09] JOIN: Phatz420710
[2019-08-27 02:32:09] PART: Poshganache, Kibsnbritches, Tigercubs22, Sk0rgs, Virgoproz
[2019-08-27 02:32:29] VIEWERS: 144
[2019-08-27 02:33:11] JOIN: Devilkiss68, Whoisnitrate
[2019-08-27 02:33:11] PART: Rincon0258, Jkb94, Mareksun, Boelol
[2019-08-27 02:33:14] VIEWERS: 143
[2019-08-27 02:34:09] JOIN: Virgoproz, Physhstyx
[2019-08-27 02:34:09] PART: Whoisnitrate, Patau759, Dodouble
[2019-08-27 02:34:29] VIEWERS: 141
[2019-08-27 02:35:09] JOIN: Bdad, Donwonbegone
[2019-08-27 02:35:09] PART: Tristan559, Kiljoi
[2019-08-27 02:36:12] JOIN: Thelegendaryninjacat, Ravenbtw, Solo_is_back503
[2019-08-27 02:36:12] PART: Settle_down_b, Donwonbegone
[2019-08-27 02:36:29] VIEWERS: 133
[2019-08-27 02:36:34] VIEWERS: 133
[2019-08-27 02:37:08] JOIN: Uncleborg, Tigercubs22
[2019-08-27 02:37:08] PART: Solo_is_back503, Senseidiablo, Corsar_rus, Krutal, Ladybaws
[2019-08-27 02:38:06] JOIN: Jazz1jerry, Corsar_rus, Ladybaws
[2019-08-27 02:38:06] PART: Mrbenza2000, Tigercubs22
[2019-08-27 02:38:29] VIEWERS: 133
[2019-08-27 02:39:02] JOIN: Mrbenza2000, Tigercubs22
[2019-08-27 02:39:02] PART: Thelegendaryninjacat, Batsu888
[2019-08-27 02:39:55] VIEWERS: 138
[2019-08-27 02:40:02] JOIN: Mvpatrick, Blackeagle3693
[2019-08-27 02:40:02] PART: Mrbenza2000, Ladybaws, Martimcflaye, Tigercubs22
[2019-08-27 02:40:30] VIEWERS: 135
[2019-08-27 02:41:00] JOIN: Whiteprincess22, Ladybaws, Tigercubs22
[2019-08-27 02:41:00] PART: Erikitsmeteka, Hman89
[2019-08-27 02:41:10] <+NicholasInfante92> Such words of advice
[2019-08-27 02:41:59] JOIN: Mrbenza2000, Xatang
[2019-08-27 02:41:59] PART: Devilkiss68, Bellamiavamp
[2019-08-27 02:42:30] VIEWERS: 131
[2019-08-27 02:43:15] VIEWERS: 131
[2019-08-27 02:44:05] JOIN: V_and_k, NicholasInfante92, Kiljoi
[2019-08-27 02:44:05] PART: Mrbenza2000, Da_clownz, Grumpy99
[2019-08-27 02:44:30] VIEWERS: 132
[2019-08-27 02:45:03] JOIN: Mrbenza2000
[2019-08-27 02:45:03] PART: Virgoproz, Tigercubs22
[2019-08-27 02:46:11] JOIN: Patau759, Lusatian
[2019-08-27 02:46:30] Viewerstats (02:18-02:46): avg:137 min:119 max:150 [15/119+23-2+10-2-6+3-1-3-8+0+2-4+1+2]
[2019-08-27 02:46:30] VIEWERS: 134
[2019-08-27 02:46:35] VIEWERS: 134
[2019-08-27 02:47:17] JOIN: Hman89, Kyntoh, Tigercubs22, Virgoproz
[2019-08-27 02:48:21] PART: Randomhero6_5, Mrblazed1214, Patau759, Kiljoi
[2019-08-27 02:48:30] VIEWERS: 120
[2019-08-27 02:48:35] <MissBellaQ> !points
[2019-08-27 02:48:36] <@^StreamElements> @MissBellaQ, MissBellaQ has 8380 Coins and is rank 1809/155356 on the leaderboard.
[2019-08-27 02:49:18] PART: Jazz1jerry, Reason38, Blackeagle3693, Tigercubs22
[2019-08-27 02:49:32] <+Kyntoh> !points
[2019-08-27 02:49:32] <@^StreamElements> @Kyntoh, Kyntoh has 4250 Coins and is rank 3820/155356 on the leaderboard.
[2019-08-27 02:49:34] <mystic_peanut_butter> !points
[2019-08-27 02:49:35] <@^StreamElements> @mystic_peanut_butter, mystic_peanut_butter has 42778 Coins and is rank 348/155356 on the leaderboard.
[2019-08-27 02:49:55] VIEWERS: 114
[2019-08-27 02:50:17] JOIN: Jetskiyeenyeeen
[2019-08-27 02:50:17] PART: Hostmeraffle, Mrbenza2000
[2019-08-27 02:50:25] <+NicholasInfante92> Never air horn your mother
[2019-08-27 02:50:30] VIEWERS: 111
[2019-08-27 02:51:10] <+NicholasInfante92> What a great trick
[2019-08-27 02:51:13] JOIN: 0x4c554b49
[2019-08-27 02:51:38] <+NicholasInfante92> she don't get it
[2019-08-27 02:52:21] JOIN: Tigercubs22, Hostmeraffle, mystic_peanut_butter
[2019-08-27 02:52:21] PART: Kyntoh
[2019-08-27 02:52:30] VIEWERS: 118
[2019-08-27 02:53:15] VIEWERS: 116
[2019-08-27 02:53:18] PART: Fingerection
[2019-08-27 02:54:28] JOIN: Fingerection
[2019-08-27 02:54:28] PART: NicholasInfante92, Tigercubs22
[2019-08-27 02:54:30] VIEWERS: 119
[2019-08-27 02:55:32] JOIN: Digitalmarble
[2019-08-27 02:55:32] PART: Whiteprincess22
[2019-08-27 02:56:30] VIEWERS: 116
[2019-08-27 02:56:35] VIEWERS: 116
[2019-08-27 02:56:38] JOIN: Jobi_essen
[2019-08-27 02:56:38] PART: Digitalmarble
[2019-08-27 02:57:46] JOIN: Neutri3n0, Whiteprincess22
[2019-08-27 02:57:46] PART: Juniornkelly
[2019-08-27 02:58:30] VIEWERS: 113
[2019-08-27 02:59:55] VIEWERS: 110
[2019-08-27 03:00:30] VIEWERS: 114
[2019-08-27 03:00:54] JOIN: Gamenguide, Acewingman, Bellamiavamp, Deathlyzerg
[2019-08-27 03:00:54] PART: Reiner_zufall__, Jobi_essen, twitch_lilmansnake, Phatz420710
[2019-08-27 03:02:30] VIEWERS: 113
[2019-08-27 03:03:05] JOIN: Freddyybot, Skillwasnotfound, Phatz420710, Granite247
[2019-08-27 03:03:05] PART: Nzfishkiller, Gamenguide
[2019-08-27 03:03:15] VIEWERS: 115
[2019-08-27 03:04:10] JOIN: Sanktsid, Stoicpegasus, Dwilliams, Madnessmersa
[2019-08-27 03:04:10] PART: Deathlyzerg, Neutri3n0
[2019-08-27 03:04:30] VIEWERS: 119
[2019-08-27 03:05:17] JOIN: Jorgontheranger, Kreemerz, Noriskqc
[2019-08-27 03:05:17] PART: Renny_s, ilynx73, onehotginga
[2019-08-27 03:06:19] JOIN: ilynx73, Renny_s, onehotginga, Depechemoog, Prophetdivy
[2019-08-27 03:06:19] PART: Acewingman
[2019-08-27 03:06:30] VIEWERS: 125
[2019-08-27 03:06:35] VIEWERS: 125
[2019-08-27 03:07:28] JOIN: Tish1na, Chydax
[2019-08-27 03:07:28] PART: Depechemoog
[2019-08-27 03:08:29] PART: V_and_k, Bellamiavamp
[2019-08-27 03:08:30] VIEWERS: 122
[2019-08-27 03:09:56] VIEWERS: 122
[2019-08-27 03:10:31] VIEWERS: 122
[2019-08-27 03:10:35] JOIN: Rumbledad, Bellamiavamp
[2019-08-27 03:10:35] PART: Giant_rob, Jorgontheranger, Tish1na, Aaronrudy90, Xsnmx, S1faka
[2019-08-27 03:11:43] JOIN: Letumvelox, Runyum2, 303x3
[2019-08-27 03:11:43] PART: Chydax, Orangesmurfette
[2019-08-27 03:12:31] VIEWERS: 114
[2019-08-27 03:12:52] JOIN: Praze_ghostz
[2019-08-27 03:12:52] PART: Rumbledad, Twitchprimereminder
[2019-08-27 03:13:16] VIEWERS: 112
[2019-08-27 03:14:31] VIEWERS: 113
[2019-08-27 03:15:02] JOIN: Twitchprimereminder
[2019-08-27 03:15:02] PART: 303x3, Jetskiyeenyeeen, 0x4c554b49, Virgoproz
[2019-08-27 03:16:01] JOIN: Ggabo, Mrblinky6000, Rimligramt
[2019-08-27 03:16:31] Viewerstats (02:48-03:16): avg:116 min:111 max:125 [15/120-9+7+1-3-3+1-1+6+6-3+0-8-1+1]
[2019-08-27 03:16:31] VIEWERS: 114
[2019-08-27 03:16:36] VIEWERS: 114
[2019-08-27 03:18:13] JOIN: Gibborim_, Drunkentiger69, Ventbot, Mrmeowsz
[2019-08-27 03:18:13] PART: Stoicpegasus, Mrblinky6000, Ignotushub, R0nin1, Freddyybot, Malcofire, MissBellaQ, Granite247, Rimligramt
[2019-08-27 03:18:31] VIEWERS: 118
[2019-08-27 03:19:17] JOIN: MissBellaQ, Jaybee3500
[2019-08-27 03:19:17] PART: Letumvelox, Physhstyx, Gibborim_, Chadybigdaddy
[2019-08-27 03:19:56] VIEWERS: 114
[2019-08-27 03:20:14] PART: Kreemerz, Runyum2
[2019-08-27 03:20:31] VIEWERS: 114
[2019-08-27 03:21:14] JOIN: Sheckels, V_and_k, S1faka
[2019-08-27 03:22:23] PART: Phatz420710
[2019-08-27 03:22:31] VIEWERS: 110
[2019-08-27 03:23:16] VIEWERS: 111
[2019-08-27 03:23:28] PART: Mrmeowsz
[2019-08-27 03:24:31] VIEWERS: 111
[2019-08-27 03:24:35] JOIN: Virgoproz, Skaven70
[2019-08-27 03:25:42] JOIN: Settle_down_b, Ch3zilla, Kchota, Were_brothers, Pocrevocrednu
[2019-08-27 03:25:42] PART: Madnessmersa, Drunkentiger69
[2019-08-27 03:26:31] VIEWERS: 122
[2019-08-27 03:26:36] VIEWERS: 122
[2019-08-27 03:27:42] JOIN: Weblm, Kneeelbow13
[2019-08-27 03:27:42] PART: Were_brothers, Skaven70, MrNightworker5
[2019-08-27 03:28:31] VIEWERS: 112
[2019-08-27 03:28:38] JOIN: MrNightworker5, Joker3525, Onetwofalconpunch
[2019-08-27 03:28:38] PART: Grimscribev
[2019-08-27 03:29:45] JOIN: Bodiddliey, Elkyrox
[2019-08-27 03:29:57] VIEWERS: 112
[2019-08-27 03:30:33] VIEWERS: 112
[2019-08-27 03:30:42] JOIN: Urban_deity, Madnessmersa, Coco_el_oso, twitch_lilmansnake
[2019-08-27 03:30:42] PART: Noriskqc
[2019-08-27 03:31:38] JOIN: Tealbluegreen
[2019-08-27 03:31:38] PART: Onetwofalconpunch
[2019-08-27 03:32:33] VIEWERS: 122
[2019-08-27 03:32:36] PART: Urban_deity, Spectatorlo_ol, Coco_el_oso, Sibbigali, Nexiantheta
[2019-08-27 03:33:18] VIEWERS: 117
[2019-08-27 03:33:44] JOIN: Sibbigali, Spectatorlo_ol, Dermardius, Nexiantheta
[2019-08-27 03:34:33] VIEWERS: 116
[2019-08-27 03:34:49] <+svinrov> !points
[2019-08-27 03:34:49] <@^StreamElements> @svinrov, svinrov has 2890 Coins and is rank 5959/155361 on the leaderboard.
[2019-08-27 03:34:53] JOIN: Devil_robot
[2019-08-27 03:34:53] PART: Virgoproz, Kneeelbow13, Pocrevocrednu, Nexiantheta
[2019-08-27 03:36:01] PART: V_and_k
[2019-08-27 03:36:34] VIEWERS: 115
[2019-08-27 03:36:38] VIEWERS: 115
[2019-08-27 03:37:09] JOIN: svinrov, Virgoproz
[2019-08-27 03:37:09] PART: Renny_s
[2019-08-27 03:38:19] JOIN: Vang0at, Malcofire, Nick_e_g
[2019-08-27 03:38:19] PART: Bdad
[2019-08-27 03:38:34] VIEWERS: 117
[2019-08-27 03:39:59] VIEWERS: 113
[2019-08-27 03:40:28] JOIN: Jefflb78, Dujotv
[2019-08-27 03:40:28] PART: Vang0at, Devil_robot, Nick_e_g
[2019-08-27 03:40:34] VIEWERS: 113
[2019-08-27 03:41:25] JOIN: Devil_robot, Kroranha
[2019-08-27 03:41:25] PART: Darlacattz, Jefflb78, MrNightworker5, Dujotv, TioJin
[2019-08-27 03:42:25] PART: Uncleborg
[2019-08-27 03:42:34] VIEWERS: 109
[2019-08-27 03:43:19] VIEWERS: 111
[2019-08-27 03:44:20] JOIN: Todi_tkgaming, Static412, Captainbligh, Alex69andre
[2019-08-27 03:44:20] PART: Joker3525, Kroranha, Elkyrox
[2019-08-27 03:44:34] VIEWERS: 113
[2019-08-27 03:45:17] JOIN: Glendahlman, Kroranha
[2019-08-27 03:45:17] PART: Ch3zilla, Captainbligh, Alex69andre
[2019-08-27 03:45:48] <+shameems> !roulette 75%
[2019-08-27 03:45:49] <@^StreamElements>* shameems won 116730 Coins in roulette and now has 272370 Coins! HSWP
[2019-08-27 03:46:34] Viewerstats (03:18-03:46): avg:114 min:109 max:122 [15/118-4-4+1+11-10+0+10-6-1+2-4-4+4+1]
[2019-08-27 03:46:34] VIEWERS: 114
[2019-08-27 03:46:39] VIEWERS: 115
[2019-08-27 03:48:08] JOIN: 0x4c554b49, Rafnek87, Lisbeth111, shameems, Ddave1889, V_and_k, Ziggyo7
[2019-08-27 03:48:08] PART: Nam_yi, Ventbot, Static412
[2019-08-27 03:48:34] VIEWERS: 112
[2019-08-27 03:49:07] PART: ixNevix, Dunasbh, Phasskione, Ziggyo7, Lynnmarlee, Rafnek87, Weblm, Ddave1889, Januszrulez, Malcofire
[2019-08-27 03:49:07] PART: Timeok, Devil_robot
[2019-08-27 03:49:59] VIEWERS: 112
[2019-08-27 03:50:11] JOIN: Dunasbh, Timeok, Malcofire, Phasskione, Januszrulez, Lynnmarlee, Devil_robot, ixNevix
[2019-08-27 03:50:34] VIEWERS: 108
[2019-08-27 03:51:09] JOIN: Flauschigeraupe
[2019-08-27 03:51:09] PART: Dunasbh, Lalisahime_, Virgoproz, Raskal042
[2019-08-27 03:52:09] JOIN: Raskal042, Jameson2029, Lalisahime_
[2019-08-27 03:52:34] VIEWERS: 109
[2019-08-27 03:53:18] JOIN: Voidformm
[2019-08-27 03:53:18] PART: Praze_ghostz, Zekev2
[2019-08-27 03:53:19] VIEWERS: 109
[2019-08-27 03:54:27] JOIN: Dunasbh, Zekev2
[2019-08-27 03:54:34] VIEWERS: 112
[2019-08-27 03:55:14] <EsLeo> GHAAAAAY
[2019-08-27 03:55:22] <EsLeo> mizkifCup mizkifCup mizkifCup
[2019-08-27 03:56:32] <EsLeo> LMAOOOOOOOOOOO
[2019-08-27 03:56:34] VIEWERS: 119
[2019-08-27 03:56:39] VIEWERS: 119
[2019-08-27 03:57:24] <EsLeo> AHAHAHAHAHAH
[2019-08-27 03:57:30] JOIN: Ybz755844587, Honorfist, Lunyfix, Bigjow_, EsLeo, Awesomeaidan0917, Redhurst25
[2019-08-27 03:57:30] PART: Ace550554, Jameson2029, Timeok, Dwilliams, ChillBandiit
[2019-08-27 03:57:32] <EsLeo> mizkifCorn mizkifCorn mizkifCorn mizkifCorn
[2019-08-27 03:58:28] JOIN: Freddyybot, Ottofer_
[2019-08-27 03:58:28] PART: Dermardius
[2019-08-27 03:58:34] VIEWERS: 118
[2019-08-27 03:59:31] <EsLeo> LMAOAOAOAO
[2019-08-27 03:59:37] PART: Lusatian, Ybz755844587
[2019-08-27 03:59:59] VIEWERS: 110
[2019-08-27 04:00:34] VIEWERS: 107
[2019-08-27 04:00:45] JOIN: Timeok
[2019-08-27 04:00:45] PART: Skillwasnotfound
[2019-08-27 04:02:34] VIEWERS: 109
[2019-08-27 04:02:45] JOIN: Virgoproz
[2019-08-27 04:02:45] PART: Timeok, V_and_k, Flauschigeraupe, Xatang, Devil_robot, Fingerection
[2019-08-27 04:03:19] VIEWERS: 106
[2019-08-27 04:03:43] JOIN: Robertpjr
[2019-08-27 04:03:43] PART: Lunyfix, Honorfist, Voidformm, Bigjow_
[2019-08-27 04:04:34] VIEWERS: 103
[2019-08-27 04:04:44] PART: Redhurst25, Robertpjr, Freddyybot
[2019-08-27 04:05:53] JOIN: Kokkai_, Otter19700
[2019-08-27 04:06:34] VIEWERS: 104
[2019-08-27 04:06:39] VIEWERS: 105
[2019-08-27 04:07:01] JOIN: Hatsu_cl
[2019-08-27 04:07:01] PART: Todi_tkgaming
[2019-08-27 04:08:05] JOIN: Gscotty2, Moneymakertv
[2019-08-27 04:08:05] PART: Judoboy69, Madnessmersa
[2019-08-27 04:08:34] VIEWERS: 109
[2019-08-27 04:09:13] JOIN: Dblock100
[2019-08-27 04:09:13] PART: Moneymakertv, Otter19700, Ottofer_
[2019-08-27 04:09:53] <$Lisbeth111> !roulette 30
[2019-08-27 04:09:54] <@^StreamElements>* Lisbeth111 lost 30 Coins in roulette and now has 63550 Coins! WutFace
[2019-08-27 04:09:59] VIEWERS: 104
[2019-08-27 04:10:34] VIEWERS: 105
[2019-08-27 04:11:20] JOIN: Pitbullix12, V_and_k, Vyonight, Boelol
[2019-08-27 04:11:20] PART: S1faka, Dblock100, Hostmeraffle, Whiteprincess22, EsLeo
[2019-08-27 04:12:25] PART: Kokkai_
[2019-08-27 04:12:34] VIEWERS: 102
[2019-08-27 04:13:19] VIEWERS: 103
[2019-08-27 04:13:22] JOIN: Medg5, Killa_mike_productions, I_bims_da_akula, El_53
[2019-08-27 04:13:22] PART: Ahitchcock, Virgoproz, Vyonight
[2019-08-27 04:14:18] JOIN: Ahitchcock, Virgoproz
[2019-08-27 04:14:18] PART: Sheckels, Sykohatchetman, Daemodra, Yksiloe
[2019-08-27 04:14:22] <rocketpsyence420> !slot
[2019-08-27 04:14:22] <@^StreamElements> @rocketpsyence420 you got DoritosChip | PogChamp | BibleThump and lost your 100 Coins LUL
[2019-08-27 04:14:34] VIEWERS: 104
[2019-08-27 04:14:35] <rocketpsyence420> !roulette 200
[2019-08-27 04:14:35] <@^StreamElements>* rocketpsyence420 lost 200 Coins in roulette and now has 9872 Coins! WutFace
[2019-08-27 04:15:13] <Killa_Mike_Productions> !roulette 100
[2019-08-27 04:15:13] <@^StreamElements> @Killa_Mike_Productions, you only have 20 Coins.
[2019-08-27 04:15:15] JOIN: Daemodra, Sykohatchetman, Bdad, Sheckels, Yksiloe
[2019-08-27 04:15:15] PART: Awesomeaidan0917, El_53
[2019-08-27 04:15:31] <Killa_Mike_Productions> !roulette 20
[2019-08-27 04:16:20] PART: Pitbullix12
[2019-08-27 04:16:34] Viewerstats (03:48-04:16): avg:108 min:102 max:119 [15/112-4+1+3+7-1-11+2-6+1+5-4-3+2+4]
[2019-08-27 04:16:34] VIEWERS: 108
[2019-08-27 04:16:39] VIEWERS: 108
[2019-08-27 04:17:17] JOIN: Monblan, Shrmp0, Klubber
[2019-08-27 04:17:17] PART: Bone71collector, Killa_Mike_Productions
[2019-08-27 04:18:23] PART: Medg5, I_bims_da_akula
[2019-08-27 04:18:34] VIEWERS: 102
[2019-08-27 04:19:59] VIEWERS: 101
[2019-08-27 04:20:34] VIEWERS: 101
[2019-08-27 04:21:39] JOIN: S1faka
[2019-08-27 04:21:39] PART: Hman89, Klubber
[2019-08-27 04:22:34] VIEWERS: 98
[2019-08-27 04:23:19] VIEWERS: 105
[2019-08-27 04:23:55] JOIN: Deterianwp, Chrisbruner83, Gerathon
[2019-08-27 04:24:14] <+Gscotty2> !roulette all
[2019-08-27 04:24:14] <@^StreamElements>* PogChamp Gscotty2 went all in and won 40 Coins PogChamp they now have 80 Coins HSWP
[2019-08-27 04:24:34] VIEWERS: 108
[2019-08-27 04:25:58] PART: Bdad, Kroranha
[2019-08-27 04:26:34] VIEWERS: 106
[2019-08-27 04:26:39] VIEWERS: 106
[2019-08-27 04:26:59] PART: Mvpatrick, Dunasbh, Tealbluegreen
[2019-08-27 04:27:55] JOIN: Rafnek87, Mrdjem, Dunasbh, Todi_tkgaming, I_bims_da_akula
[2019-08-27 04:27:55] PART: Galisibbi, Justinsanity804, Moivroumvroum, Zeruel87
[2019-08-27 04:28:34] VIEWERS: 101
[2019-08-27 04:29:59] VIEWERS: 108
[2019-08-27 04:30:07] JOIN: Zeruel87, Justinsanity804, Lvlop_restobar, Sephtis_1, Galisibbi
[2019-08-27 04:30:34] VIEWERS: 108
[2019-08-27 04:31:12] JOIN: El_fuego, Skeeziikz, Nlcet, Fallingstariv
[2019-08-27 04:31:12] PART: Virgoproz, Ravenbtw, V_and_k, Deterianwp
[2019-08-27 04:32:12] JOIN: Themegabeaver
[2019-08-27 04:32:12] PART: Rafnek87, Corsar_rus, Sheckels, Nlcet
[2019-08-27 04:32:34] VIEWERS: 105
[2019-08-27 04:33:19] JOIN: Sprout1985, Kevlortie, Corsar_rus
[2019-08-27 04:33:19] PART: Skeeziikz
[2019-08-27 04:33:19] VIEWERS: 107
[2019-08-27 04:34:16] JOIN: Watarishubu, Slyderzh
[2019-08-27 04:34:16] PART: Monblan, I_bims_da_akula, Gerathon
[2019-08-27 04:34:34] VIEWERS: 108
[2019-08-27 04:35:20] JOIN: Valeraisback, Padictive
[2019-08-27 04:35:20] PART: Watarishubu, cac_, Lisbeth111
[2019-08-27 04:36:34] VIEWERS: 108
[2019-08-27 04:36:39] VIEWERS: 108
[2019-08-27 04:37:26] JOIN: Talent757, Vercingetorix5, V_and_k, cac_, Dylown
[2019-08-27 04:37:26] PART: Eytinine, Kevlortie
[2019-08-27 04:38:34] VIEWERS: 108
[2019-08-27 04:39:31] JOIN: Benjieq, Yuvaltheshort, Focalpointuk, Virgoproz, Sepax11, Logviewer
[2019-08-27 04:39:31] PART: S1faka, Vercingetorix5, Valeraisback
[2019-08-27 04:39:31] MOD: Logviewer
[2019-08-27 04:39:59] VIEWERS: 111
[2019-08-27 04:40:34] <%+Nimhnoid> !roulette 100
[2019-08-27 04:40:34] <@^StreamElements>* Nimhnoid won 100 Coins in roulette and now has 25150 Coins! HSWP
[2019-08-27 04:40:34] VIEWERS: 106
[2019-08-27 04:40:38] JOIN: Hostmeraffle, Mysterious_blaze, Eytinine
[2019-08-27 04:40:38] PART: Dylown, Hatsu_cl, Yuvaltheshort, Blippie, Themegabeaver
[2019-08-27 04:41:45] JOIN: Amdcrashdrive, Arrowz10, S1faka
[2019-08-27 04:41:45] PART: Sepax11, Mysterious_blaze
[2019-08-27 04:42:34] VIEWERS: 97
[2019-08-27 04:42:45] JOIN: Pxaxkxaxlxoxlxo
[2019-08-27 04:42:45] PART: Focalpointuk, El_fuego, Amdcrashdrive
[2019-08-27 04:43:19] VIEWERS: 97
[2019-08-27 04:43:55] JOIN: Ariesnyuratik, Captainbligh
[2019-08-27 04:43:55] PART: Forscientificpurposes, Salvage_, Logviewer
[2019-08-27 04:43:55] UNMOD: Logviewer
[2019-08-27 04:44:34] VIEWERS: 105
[2019-08-27 04:45:03] JOIN: Xbox_alive, Salvage_, Galacticstyle, Forscientificpurposes
[2019-08-27 04:45:03] PART: Captainbligh
[2019-08-27 04:46:11] JOIN: 801pwnz
[2019-08-27 04:46:11] PART: Ahitchcock, 0x4c554b49
[2019-08-27 04:46:15] <+Gscotty2> !roulette all
[2019-08-27 04:46:15] <@^StreamElements>* Gscotty2 went all in and lost every single one of their 100 Coins LUL
[2019-08-27 04:46:34] Viewerstats (04:18-04:46): avg:104 min:97 max:108 [15/102-1-3+10-2-5+7-3+3+0+0-2-9+8-1]
[2019-08-27 04:46:34] VIEWERS: 104
[2019-08-27 04:46:39] VIEWERS: 104
[2019-08-27 04:47:22] JOIN: Derangedmunk, Ahitchcock
[2019-08-27 04:47:22] PART: V_and_k
[2019-08-27 04:48:25] JOIN: Djwolfdude, Justkylehere, Mysterious_blaze
[2019-08-27 04:48:34] VIEWERS: 109
[2019-08-27 04:49:30] JOIN: V_and_k, Inicexonei
[2019-08-27 04:49:30] PART: Gscotty2, Padictive, Mysterious_blaze, Pxaxkxaxlxoxlxo, Justkylehere, Slyderzh, Zeruel87, Lvlop_restobar, shameems, Benjieq
[2019-08-27 04:49:59] VIEWERS: 108
[2019-08-27 04:50:34] VIEWERS: 108
[2019-08-27 04:50:37] JOIN: Thetrappedcow
[2019-08-27 04:50:37] PART: Galacticstyle
[2019-08-27 04:51:42] JOIN: Bolendian
[2019-08-27 04:51:42] PART: Shininghill
[2019-08-27 04:52:34] VIEWERS: 99
[2019-08-27 04:52:52] JOIN: Rag3club
[2019-08-27 04:53:19] VIEWERS: 97
[2019-08-27 04:53:56] JOIN: Klubber, Veryoldracer
[2019-08-27 04:54:34] VIEWERS: 104
[2019-08-27 04:55:51] <+tijo1521> !points
[2019-08-27 04:55:52] <@^StreamElements> @tijo1521, tijo1521 has 10 Coins and is rank 145686/155368 on the leaderboard.
[2019-08-27 04:56:03] <+tijo1521> !roulette 10
[2019-08-27 04:56:03] <@^StreamElements>* PogChamp tijo1521 went all in and won 10 Coins PogChamp they now have 20 Coins HSWP
[2019-08-27 04:56:05] JOIN: Puredeathmonger
[2019-08-27 04:56:05] PART: Mrdjem, Doala1999
[2019-08-27 04:56:34] VIEWERS: 99
[2019-08-27 04:56:39] VIEWERS: 99
[2019-08-27 04:57:13] PART: 801pwnz, S1faka, Puredeathmonger
[2019-08-27 04:58:21] JOIN: Bcemkpahtbl
[2019-08-27 04:58:21] PART: Bolendian, Twitchprimereminder, hawkedandloaded
[2019-08-27 04:58:34] VIEWERS: 96
[2019-08-27 04:59:21] JOIN: Cetiiva, Lilpooh1215, hawkedandloaded
[2019-08-27 04:59:21] PART: Virgoproz
[2019-08-27 05:00:00] VIEWERS: 97
[2019-08-27 05:00:30] JOIN: S1faka, Twitchprimereminder, Praze_ghostz
[2019-08-27 05:00:30] PART: Thetrappedcow, V_and_k
[2019-08-27 05:00:34] VIEWERS: 97
[2019-08-27 05:01:58] <%+Nimhnoid> roulette 100
[2019-08-27 05:02:17] <%+Nimhnoid> !roulette 100
[2019-08-27 05:02:17] <@^StreamElements>* Nimhnoid won 100 Coins in roulette and now has 25290 Coins! HSWP
[2019-08-27 05:02:33] JOIN: V_and_k, Theforeignhunter, Piler_12, Mweran
[2019-08-27 05:02:34] VIEWERS: 100
[2019-08-27 05:03:20] VIEWERS: 100
[2019-08-27 05:03:39] JOIN: Gotspawn321456, Mattropo1is
[2019-08-27 05:03:39] PART: Mweran, Piler_12
[2019-08-27 05:04:35] VIEWERS: 97
[2019-08-27 05:04:46] JOIN: Zukuu1000
[2019-08-27 05:04:46] PART: Lilpooh1215, Derangedmunk
[2019-08-27 05:05:51] JOIN: Virgoproz, Aviyahluce0, Lisbeth111
[2019-08-27 05:05:51] PART: Zukuu1000, Sprout1985, Nimhnoid
[2019-08-27 05:06:19] <+klubber> !roulette all
[2019-08-27 05:06:19] <@^StreamElements>* PogChamp klubber went all in and won 270 Coins PogChamp they now have 540 Coins HSWP
[2019-08-27 05:06:35] VIEWERS: 99
[2019-08-27 05:06:40] VIEWERS: 100
[2019-08-27 05:06:56] JOIN: Trykturbo, Matiazf
[2019-08-27 05:08:04] JOIN: Nohandsneto, Hamrum, Pau260, Noriskqc, Kio_b
[2019-08-27 05:08:35] VIEWERS: 107
[2019-08-27 05:09:13] JOIN: Poor_man_, Gonzo033, Megaramp, Imfrommars, 0x4c554b49
[2019-08-27 05:09:13] PART: Matiazf, Justinsanity804, Pau260
[2019-08-27 05:10:00] VIEWERS: 107
[2019-08-27 05:10:35] VIEWERS: 107
[2019-08-27 05:11:17] PART: Mattropo1is, Todi_tkgaming, Imfrommars
[2019-08-27 05:12:35] VIEWERS: 105
[2019-08-27 05:13:20] VIEWERS: 107
[2019-08-27 05:13:25] JOIN: Pocrevocrednu
[2019-08-27 05:13:25] PART: klubber, Arrowz10, Veryoldracer
[2019-08-27 05:14:34] JOIN: Saud_vicious, Ulkiorr4, Tnerolf_gti
[2019-08-27 05:14:35] VIEWERS: 109
[2019-08-27 05:15:38] JOIN: Tombot75, Derangedmunk, Pizmat
[2019-08-27 05:15:38] PART: Ulkiorr4, Megaramp
[2019-08-27 05:16:35] Viewerstats (04:48-05:16): avg:102 min:96 max:109 [15/109-1-9+5-5-3+1+3-3+2+8+0-2+4-2]
[2019-08-27 05:16:35] VIEWERS: 107
[2019-08-27 05:16:40] VIEWERS: 107
[2019-08-27 05:16:42] JOIN: Smudgelexirocky, Rynnalee
[2019-08-27 05:16:42] PART: Noriskqc, S1faka, Hamrum, Poor_man_
[2019-08-27 05:17:46] JOIN: Spacebunstv, Kevthego4t
[2019-08-27 05:17:46] PART: Derangedmunk
[2019-08-27 05:18:35] VIEWERS: 107
[2019-08-27 05:19:51] JOIN: Doala1999, Morbusegosum
[2019-08-27 05:19:51] PART: Pizmat
[2019-08-27 05:20:00] VIEWERS: 106
[2019-08-27 05:20:35] VIEWERS: 103
[2019-08-27 05:21:58] JOIN: Yyooggyy, S1faka
[2019-08-27 05:21:58] PART: Twitchprimereminder
[2019-08-27 05:22:24] <Pommesstube> !roulette all
[2019-08-27 05:22:24] <@^StreamElements>* Pommesstube went all in and lost every single one of their 1120 Coins LUL
[2019-08-27 05:22:35] VIEWERS: 105
[2019-08-27 05:22:55] JOIN: Twitchprimereminder
[2019-08-27 05:22:55] PART: Bcemkpahtbl, Solring
[2019-08-27 05:23:15] <+solring> !points
[2019-08-27 05:23:15] <@^StreamElements> @solring, solring has 368261 Coins and is rank 36/155372 on the leaderboard.
[2019-08-27 05:23:20] VIEWERS: 105
[2019-08-27 05:23:27] <sebastian_01995> !points
[2019-08-27 05:23:28] <@^StreamElements> @sebastian_01995, sebastian_01995 has 47210 Coins and is rank 323/155372 on the leaderboard.
[2019-08-27 05:24:01] JOIN: solring, Jannistheseeker, Pommesstube
[2019-08-27 05:24:29] <MorbusEgoSum> !points
[2019-08-27 05:24:29] <@^StreamElements> @MorbusEgoSum, MorbusEgoSum has 1410 Coins and is rank 12870/155372 on the leaderboard.
[2019-08-27 05:24:35] VIEWERS: 109
[2019-08-27 05:24:49] <MorbusEgoSum> !roulette 205
[2019-08-27 05:24:50] <@^StreamElements>* MorbusEgoSum lost 205 Coins in roulette and now has 1205 Coins! WutFace
[2019-08-27 05:25:01] PART: Twitchprimereminder, Talent757, Tnerolf_gti
[2019-08-27 05:25:15] <%+Nimhnoid> if I had 1000 points for every time I saw that fail army add I would be #1 on the leader board
[2019-08-27 05:25:21] <%+Nimhnoid> !roulette 100
[2019-08-27 05:25:21] <@^StreamElements>* Nimhnoid won 100 Coins in roulette and now has 25390 Coins! HSWP
[2019-08-27 05:26:35] VIEWERS: 101
[2019-08-27 05:26:40] VIEWERS: 101
[2019-08-27 05:27:01] JOIN: Dave2682, Highneer, Tnerolf_gti, Swaug, Twitchprimereminder, Nimhnoid
[2019-08-27 05:27:01] PART: Pommesstube, Jannistheseeker, Shrmp0, Yyooggyy, Gonzo033, Praze_ghostz, Cetiiva, V_and_k
[2019-08-27 05:28:07] JOIN: Zavraus
[2019-08-27 05:28:07] PART: Nimhnoid, Angeloflight, Tombot75
[2019-08-27 05:28:35] VIEWERS: 104
[2019-08-27 05:29:14] JOIN: Pinkkoi, Arkturis3, Angeloflight
[2019-08-27 05:29:14] PART: Kevthego4t, Virgoproz, Zavraus
[2019-08-27 05:30:00] VIEWERS: 108
[2019-08-27 05:30:22] JOIN: Spiderwilliams, Nimhnoid
[2019-08-27 05:30:22] PART: Arkturis3, Settle_down_b
[2019-08-27 05:30:35] VIEWERS: 108
[2019-08-27 05:32:23] JOIN: Coobiexd
[2019-08-27 05:32:23] PART: Mistr_k, Swaug
[2019-08-27 05:32:35] VIEWERS: 107
[2019-08-27 05:33:20] VIEWERS: 109
[2019-08-27 05:33:28] PART: Dunasbh, Spiderwilliams
[2019-08-27 05:34:31] JOIN: Tombot75, Martimcflaye
[2019-08-27 05:34:31] PART: Dave2682, Nodurex4you, Pinkkoi, Coobiexd, sebastian_01995
[2019-08-27 05:34:35] VIEWERS: 108
[2019-08-27 05:34:51] <MissBellaQ> !points
[2019-08-27 05:34:51] <@^StreamElements> @MissBellaQ, MissBellaQ has 8540 Coins and is rank 1767/155374 on the leaderboard.
[2019-08-27 05:35:26] <%+Nimhnoid> !roulette 100
[2019-08-27 05:35:26] <@^StreamElements>* Nimhnoid won 100 Coins in roulette and now has 25490 Coins! HSWP
[2019-08-27 05:35:31] JOIN: Nodurex4you, Rezanoidd, Predator26363, sebastian_01995, Pinkkoi
[2019-08-27 05:35:31] PART: Ariesnyuratik, Gotspawn321456, Bodiddliey, Lurxx
[2019-08-27 05:36:35] VIEWERS: 113
[2019-08-27 05:36:40] VIEWERS: 113
[2019-08-27 05:37:37] JOIN: Lurxx, Wtfplayer458, Ariesnyuratik
[2019-08-27 05:38:35] VIEWERS: 103
[2019-08-27 05:38:37] JOIN: Coobiexd
[2019-08-27 05:38:37] PART: Pocrevocrednu, Predator26363
[2019-08-27 05:39:46] JOIN: V_and_k, Ron_mazz, Nm007, Freddyybot, Psychon1ghtmar3
[2019-08-27 05:39:46] PART: Nimhnoid, svinrov, Coobiexd
[2019-08-27 05:40:00] VIEWERS: 108
[2019-08-27 05:40:35] VIEWERS: 108
[2019-08-27 05:40:55] JOIN: Dino572
[2019-08-27 05:40:55] PART: Rezanoidd, Tombot75, Highneer, Nm007
[2019-08-27 05:41:53] JOIN: Virgoproz, Kevthego4t, Nimhnoid, Rezanoidd
[2019-08-27 05:41:53] PART: Martimcflaye, Psychon1ghtmar3, Dino572
[2019-08-27 05:42:35] VIEWERS: 107
[2019-08-27 05:43:02] JOIN: Dantana
[2019-08-27 05:43:02] PART: Kevthego4t
[2019-08-27 05:43:20] VIEWERS: 108
[2019-08-27 05:43:59] JOIN: Dabeanster78, Harlock_1984, Lordfalkor2
[2019-08-27 05:43:59] PART: Dontworryidontreallyexist, Skalagan, Commanderroot
[2019-08-27 05:44:35] VIEWERS: 106
[2019-08-27 05:44:59] JOIN: Skalagan, Commanderroot, Dontworryidontreallyexist
[2019-08-27 05:44:59] PART: Dantana, Smudgelexirocky, Lordfalkor2
[2019-08-27 05:46:04] PART: Hostmeraffle, Daemodra
[2019-08-27 05:46:35] Viewerstats (05:18-05:46): avg:106 min:101 max:113 [15/107-4+2+4-8+3+4-1+1+5-10+5-1-1+0]
[2019-08-27 05:46:35] VIEWERS: 106
[2019-08-27 05:46:35] <MorbusEgoSum> !roulette 215
[2019-08-27 05:46:36] <@^StreamElements>* MorbusEgoSum won 215 Coins in roulette and now has 1450 Coins! HSWP
[2019-08-27 05:46:40] VIEWERS: 107
[2019-08-27 05:48:35] VIEWERS: 110
[2019-08-27 05:49:07] JOIN: Tehjoshie, Ygap_tokom, Derspiegel_
[2019-08-27 05:49:07] PART: Freddyybot, Dabeanster78
[2019-08-27 05:50:00] VIEWERS: 110
[2019-08-27 05:50:12] JOIN: Slavibg89, Pocrevocrednu, Coobiexd
[2019-08-27 05:50:12] PART: Ygap_tokom, V_and_k, Derspiegel_
[2019-08-27 05:50:35] VIEWERS: 111
[2019-08-27 05:51:19] JOIN: Dabeanster78, Hostmeraffle, Preachersmitty
[2019-08-27 05:51:19] PART: Coobiexd
[2019-08-27 05:52:23] JOIN: Justariusthered, V_and_k
[2019-08-27 05:52:35] VIEWERS: 112
[2019-08-27 05:53:20] VIEWERS: 116
[2019-08-27 05:53:24] JOIN: B0b1n, Coobiexd, Ela_gamer, Net0ormcree
[2019-08-27 05:53:24] PART: Virgoproz
[2019-08-27 05:54:21] JOIN: Lynch__007, Vaultgarry, Thejoecalderon, Ravenbtw, Mfeco01
[2019-08-27 05:54:21] PART: B0b1n, Coobiexd
[2019-08-27 05:54:35] VIEWERS: 118
[2019-08-27 05:55:22] JOIN: Medyukvolley, Martimcflaye, Virgoproz
[2019-08-27 05:56:21] JOIN: Alathenafokk, Edu_dogfaceboy, Smudgelexirocky, Kibsnbritches
[2019-08-27 05:56:21] PART: Dabeanster78, Justariusthered
[2019-08-27 05:56:35] VIEWERS: 115
[2019-08-27 05:56:40] VIEWERS: 115
[2019-08-27 05:57:19] JOIN: Derangedmunk
[2019-08-27 05:57:19] PART: Lynch__007, Alathenafokk, Edu_dogfaceboy, Rezanoidd, Smudgelexirocky, Twitchprimereminder
[2019-08-27 05:58:21] JOIN: Plagueknight666, Fortuna1895, Sikorm, Ezemode8, Twitchprimereminder, Grindsultan, Edu_dogfaceboy
[2019-08-27 05:58:21] PART: Mfeco01, Thejoecalderon
[2019-08-27 05:58:35] VIEWERS: 113
[2019-08-27 06:00:00] VIEWERS: 114
[2019-08-27 06:00:32] JOIN: Coobiexd, Wrenchman, Nefikcz
[2019-08-27 06:00:32] PART: Chrisbruner83, Lisbeth111, Lalisahime_, Vxthewolfxv, Ezemode8, Grindsultan
[2019-08-27 06:00:35] VIEWERS: 111
[2019-08-27 06:01:34] JOIN: Lisbeth111, Lalisahime_, Vxthewolfxv
[2019-08-27 06:01:34] PART: Nefikcz, Ggabo, Coobiexd
[2019-08-27 06:02:33] JOIN: Timeok, Coobiexd
[2019-08-27 06:02:35] VIEWERS: 108
[2019-08-27 06:02:56] <+orianna56>               
[2019-08-27 06:03:20] VIEWERS: 111
[2019-08-27 06:03:38] JOIN: Iccupclass1c0
[2019-08-27 06:03:38] PART: Net0ormcree, V_and_k, Hostmeraffle
[2019-08-27 06:04:11] <%+Nimhnoid> !roulette 10
[2019-08-27 06:04:11] <@^StreamElements>* Nimhnoid lost 10 Coins in roulette and now has 25540 Coins! WutFace
[2019-08-27 06:04:25] <%+Nimhnoid> nimhnoBruhMoment
[2019-08-27 06:04:27] <%+Nimhnoid> nimhnoBruhMoment nimhnoBruhMoment
[2019-08-27 06:04:29] <%+Nimhnoid> nimhnoBruhMoment nimhnoBruhMoment nimhnoBruhMoment
[2019-08-27 06:04:32] <%+Nimhnoid> nimhnoBruhMoment nimhnoBruhMoment nimhnoBruhMoment nimhnoBruhMoment
[2019-08-27 06:04:33] <%+Nimhnoid> nimhnoBruhMoment nimhnoBruhMoment nimhnoBruhMoment
[2019-08-27 06:04:34] JOIN: Moivroumvroum, Lynch__007, V_and_k, Warriorindeath
[2019-08-27 06:04:34] PART: Aviyahluce0, Rag3club, Sikorm, Ela_gamer, Edu_dogfaceboy, Martimcflaye, S1faka, Tehjoshie
[2019-08-27 06:04:35] <%+Nimhnoid> nimhnoBruhMoment nimhnoBruhMoment
[2019-08-27 06:04:35] VIEWERS: 110
[2019-08-27 06:04:37] <%+Nimhnoid> nimhnoBruhMoment
[2019-08-27 06:04:37] <@^StreamElements>* nice 4-width nimhnoBruhMoment pyramid Nimhnoid LUL
[2019-08-27 06:05:09] <+solring> !leaderboard
[2019-08-27 06:05:09] <@^StreamElements> 7x nimhnoBruhMoment combo
[2019-08-27 06:05:09] <@^StreamElements> @solring, Check out the Coins Leaderboard here https://StreamElements.com/failarmy/leaderboard
[2019-08-27 06:05:29] <%+Nimhnoid> !points solring
[2019-08-27 06:05:29] <@^StreamElements> @Nimhnoid, solring has 368301 Coins and is rank 36/155376 on the leaderboard.
[2019-08-27 06:05:42] <%+Nimhnoid> GG my dude
[2019-08-27 06:06:35] VIEWERS: 102
[2019-08-27 06:06:40] VIEWERS: 102
[2019-08-27 06:06:47] JOIN: Logviewer
[2019-08-27 06:06:47] PART: Medyukvolley, Virgoproz, Gamingteach, Coobiexd
[2019-08-27 06:06:47] MOD: Logviewer
[2019-08-27 06:07:52] JOIN: Budman269, Coobiexd, Lunafrow, Virgoproz
[2019-08-27 06:07:52] PART: Ron_mazz, Lynch__007, Warriorindeath
[2019-08-27 06:08:35] VIEWERS: 112
[2019-08-27 06:08:55] JOIN: Kwiekrause, 86er, Hulapoison, Edu_dogfaceboy
[2019-08-27 06:08:55] PART: Derangedmunk, Coobiexd, Budman269
[2019-08-27 06:10:00] VIEWERS: 110
[2019-08-27 06:10:06] <%+Nimhnoid> !roulette 50
[2019-08-27 06:10:07] <@^StreamElements>* Nimhnoid lost 50 Coins in roulette and now has 25510 Coins! WutFace
[2019-08-27 06:10:35] VIEWERS: 109
[2019-08-27 06:10:56] <loft> !points
[2019-08-27 06:10:56] <@^StreamElements> @loft, loft has 2548 Coins and is rank 6867/155376 on the leaderboard.
[2019-08-27 06:10:59] <loft> !roulette 20%
[2019-08-27 06:10:59] <@^StreamElements>* loft won 509 Coins in roulette and now has 3057 Coins! HSWP
[2019-08-27 06:11:05] JOIN: Lynch__007, Daer1er, Aviyahluce0, Blackfrostcasual, Simidavid95, Logit3x, Spaceknight99
[2019-08-27 06:11:05] PART: Saud_vicious, Sanktsid, Allthashenanigans, Lukix29, Plagueknight666, Kwiekrause
[2019-08-27 06:12:05] JOIN: Lukix29, Allthashenanigans, Sanktsid
[2019-08-27 06:12:05] PART: Xbox_alive, Hulapoison, Wtfplayer458
[2019-08-27 06:12:35] VIEWERS: 106
[2019-08-27 06:13:20] VIEWERS: 103
[2019-08-27 06:13:59] PART: Blackfrostcasual, Malcofire, Iccupclass1c0
[2019-08-27 06:14:35] VIEWERS: 104
[2019-08-27 06:15:06] JOIN: Reetydauos
[2019-08-27 06:15:06] PART: Aviyahluce0, Lynch__007, Spaceknight99, Lunafrow
[2019-08-27 06:16:10] JOIN: Lynch__007
[2019-08-27 06:16:10] PART: Daer1er
[2019-08-27 06:16:27] <%+Nimhnoid> nimhnoGGdude
[2019-08-27 06:16:35] Viewerstats (05:48-06:16): avg:109 min:102 max:118 [15/110+1+1+6-3-2-2-3+2-8+10-3-3-2-2]
[2019-08-27 06:16:35] VIEWERS: 102
[2019-08-27 06:16:40] VIEWERS: 102
[2019-08-27 06:16:52] <aetos16> !uptime
[2019-08-27 06:16:53] <@^StreamElements> Here at FailArmy, uptime is all the time!
[2019-08-27 06:17:06] <%+Nimhnoid> !roulette 150
[2019-08-27 06:17:06] <@^StreamElements>* Nimhnoid won 150 Coins in roulette and now has 25680 Coins! HSWP
[2019-08-27 06:17:10] <aetos16> !followsince
[2019-08-27 06:17:17] JOIN: Dooomer, Gregoryndow
[2019-08-27 06:17:17] PART: Lynch__007
[2019-08-27 06:17:21] <%+Nimhnoid> !followage
[2019-08-27 06:17:34] <aetos16> !followage
[2019-08-27 06:17:46] <aetos16> BabyRage
[2019-08-27 06:17:49] <mystic_peanut_butter> !points
[2019-08-27 06:17:49] <@^StreamElements> @mystic_peanut_butter, mystic_peanut_butter has 42988 Coins and is rank 348/155376 on the leaderboard.
[2019-08-27 06:17:52] <%+Nimhnoid> December 1st 2017 it looks like
[2019-08-27 06:18:00] <%+Nimhnoid> GG that is a long time man
[2019-08-27 06:18:15] JOIN: aetos16
[2019-08-27 06:18:15] PART: Logit3x, Simidavid95
[2019-08-27 06:18:16] <%+Nimhnoid> !watchtime aetos16
[2019-08-27 06:18:17] <@^StreamElements> aetos16 has spent 8 hours 40 mins watching failarmy
[2019-08-27 06:18:28] <mystic_peanut_butter> !watch time
[2019-08-27 06:18:35] VIEWERS: 109
[2019-08-27 06:18:36] <mystic_peanut_butter> !watchtime
[2019-08-27 06:18:36] <@^StreamElements> mystic_peanut_butter has spent 23 days 9 hours watching failarmy
[2019-08-27 06:18:44] <aetos16> :o
[2019-08-27 06:18:46] <%+Nimhnoid> mystic has those skills though
[2019-08-27 06:19:09] <mystic_peanut_butter> i have a labtop sitting AFK on failarmy all day since i made the account
[2019-08-27 06:19:09] <%+Nimhnoid> i usually have this tab up in the background to get points while I'm away
[2019-08-27 06:19:19] <aetos16> oh those animals are so cute :X
[2019-08-27 06:19:23] JOIN: Coobiexd, Slammer612, Zamenga
[2019-08-27 06:19:23] PART: Reetydauos, Wrenchman, Timeok
[2019-08-27 06:19:34] <%+Nimhnoid> !points @mystic_peanut_butter
[2019-08-27 06:19:35] <@^StreamElements> @Nimhnoid, mystic_peanut_butter has 42988 Coins and is rank 348/155376 on the leaderboard.
[2019-08-27 06:19:45] <aetos16> !points
[2019-08-27 06:19:45] <@^StreamElements> @aetos16, aetos16 has 10 Coins and is rank 154240/155376 on the leaderboard.
[2019-08-27 06:19:55] <hellblade425> Were are the FAILS???
[2019-08-27 06:20:00] VIEWERS: 104
[2019-08-27 06:20:03] <aetos16> i giveaway all my points when they get 100-200 :P
[2019-08-27 06:20:05] <%+Nimhnoid> !give aetos16 250
[2019-08-27 06:20:05] <@^StreamElements> Nimhnoid gave 250 Coins to aetos16 PogChamp
[2019-08-27 06:20:26] <aetos16> !give Nimhnoid all
[2019-08-27 06:20:27] <@^StreamElements> aetos16 gave 260 Coins to nimhnoid PogChamp
[2019-08-27 06:20:31] <aetos16> Kappa
[2019-08-27 06:20:32] JOIN: hellblade425, Hostmeraffle
[2019-08-27 06:20:32] PART: Coobiexd, Edu_dogfaceboy
[2019-08-27 06:20:35] VIEWERS: 101
[2019-08-27 06:20:38] <%+Nimhnoid> failarmyOpenMouth
[2019-08-27 06:21:08] <hellblade425> LUL
[2019-08-27 06:21:31] <aetos16> thorlarNLT thorlarFeels
[2019-08-27 06:21:38] JOIN: Keggity
[2019-08-27 06:21:38] PART: Tefarrus, Dooomer
[2019-08-27 06:22:12] <aetos16> PogChamp PogChamp
[2019-08-27 06:22:35] VIEWERS: 98
[2019-08-27 06:23:10] <hellblade425> DansGame DansGame DansGame DansGame DansGame
[2019-08-27 06:23:20] VIEWERS: 99
[2019-08-27 06:23:28] <aetos16> wtf xD
[2019-08-27 06:23:44] JOIN: Jeezyfosheezy
[2019-08-27 06:23:44] PART: Rynnalee, Harlock_1984
[2019-08-27 06:24:35] VIEWERS: 99
[2019-08-27 06:24:38] <hellblade425> LUL LUL LUL LUL
[2019-08-27 06:24:46] JOIN: NetworkPro
[2019-08-27 06:24:46] PART: Ahitchcock, 0x4c554b49, Twitchprimereminder
[2019-08-27 06:24:48] <aetos16> you are watching failfactory stay stuned Kappa
[2019-08-27 06:25:44] <hellblade425> PogChamp
[2019-08-27 06:25:48] JOIN: Sp4yk, Twitchprimereminder, Promax_b7, 0x4c554b49, Ron_mazz, Ahitchcock
[2019-08-27 06:25:48] PART: Pinkkoi
[2019-08-27 06:26:35] VIEWERS: 102
[2019-08-27 06:26:40] <%doubledot> !roulette all
[2019-08-27 06:26:40] <@^StreamElements>* PogChamp doubledot went all in and won 560 Coins PogChamp they now have 1120 Coins HSWP
[2019-08-27 06:26:40] VIEWERS: 102
[2019-08-27 06:27:43] <+Pwnito> ! 200
[2019-08-27 06:27:47] <+Pwnito> !slot 200
[2019-08-27 06:27:48] <@^StreamElements> @Pwnito you got PJSugar | PJSugar | DoritosChip and lost your 200 Coins LUL
[2019-08-27 06:27:59] JOIN: Edu_dogfaceboy, Mcfredl, Mouldiez, Dironox, Darioelnoob, N3td3v, Crimsonspud
[2019-08-27 06:27:59] PART: Ron_mazz, aetos16, 0x4c554b49, Keggity, Slammer612
[2019-08-27 06:28:36] VIEWERS: 101
[2019-08-27 06:29:05] JOIN: Pwnito, Verraad_, Darktouris
[2019-08-27 06:29:05] PART: Zamenga, Mouldiez, Promax_b7
[2019-08-27 06:30:01] VIEWERS: 103
[2019-08-27 06:30:02] JOIN: Tefarrus, Coobiexd
[2019-08-27 06:30:36] VIEWERS: 102
[2019-08-27 06:32:04] JOIN: S1faka, Keggity
[2019-08-27 06:32:04] PART: Darktouris
[2019-08-27 06:32:36] VIEWERS: 101
[2019-08-27 06:33:06] JOIN: Starvigames, Aaronjfurtado
[2019-08-27 06:33:06] PART: Edu_dogfaceboy, Coobiexd, Darioelnoob, Verraad_, Hostmeraffle
[2019-08-27 06:33:21] VIEWERS: 102
[2019-08-27 06:34:15] JOIN: Edu_dogfaceboy, Grandmofftarkin, Jadmau5, Consumatore
[2019-08-27 06:34:15] PART: Starvigames
[2019-08-27 06:34:36] VIEWERS: 108
[2019-08-27 06:35:16] JOIN: Markusgame33, Spaceknight99, M3tatai
[2019-08-27 06:35:16] PART: Edu_dogfaceboy, Aaronjfurtado, Mcfredl
[2019-08-27 06:35:26] <+Pwnito> !slot 200
[2019-08-27 06:35:27] <@^StreamElements> @Pwnito you got PJSugar | PogChamp | PogChamp and lost your 200 Coins LUL
[2019-08-27 06:35:34] <%ilynx73> !points
[2019-08-27 06:35:34] <@^StreamElements> @ilynx73, ilynx73 has 15740 Coins and is rank 929/155377 on the leaderboard.
[2019-08-27 06:36:00] <%ilynx73> !roulette 240
[2019-08-27 06:36:00] <@^StreamElements>* ilynx73 won 240 Coins in roulette and now has 15980 Coins! HSWP
[2019-08-27 06:36:24] JOIN: Pulsewp, Murik051
[2019-08-27 06:36:24] PART: Lynnmarlee, 0_doriii_0, Doala1999, Plungerjim, Spaceknight99, Ladybaws
[2019-08-27 06:36:36] VIEWERS: 104
[2019-08-27 06:36:41] VIEWERS: 104
[2019-08-27 06:37:34] JOIN: Ladybaws, Doala1999, 0_doriii_0, Psishock101, Plungerjim
[2019-08-27 06:37:34] PART: Consumatore, Markusgame33, Pwnito
[2019-08-27 06:38:33] JOIN: Pwnito
[2019-08-27 06:38:33] PART: Keggity, Pulsewp
[2019-08-27 06:38:36] VIEWERS: 105
[2019-08-27 06:39:41] JOIN: Saltemii
[2019-08-27 06:40:01] VIEWERS: 101
[2019-08-27 06:40:36] VIEWERS: 107
[2019-08-27 06:40:42] JOIN: citizen186, Xbox_alive
[2019-08-27 06:40:42] PART: Virgoproz
[2019-08-27 06:41:49] JOIN: Zu1779
[2019-08-27 06:41:49] PART: hellblade425, Eytinine, Grandmofftarkin
[2019-08-27 06:42:36] VIEWERS: 103
[2019-08-27 06:42:53] JOIN: Coobiexd
[2019-08-27 06:42:53] PART: S1faka, Zu1779, 86er, Dironox
[2019-08-27 06:43:21] VIEWERS: 98
[2019-08-27 06:43:52] JOIN: Slim_sl
[2019-08-27 06:43:52] PART: Crimsonspud
[2019-08-27 06:44:33] <%doubledot> !roulette all
[2019-08-27 06:44:33] <@^StreamElements>* doubledot went all in and lost every single one of their 1140 Coins LUL
[2019-08-27 06:44:36] VIEWERS: 107
[2019-08-27 06:45:52] JOIN: Tadas_blinda, Flash_hart, Gatorr, Vadimka8619, Shorteststraw83, Adayyendak, Virgoproz
[2019-08-27 06:45:52] PART: Sp4yk
[2019-08-27 06:46:28] <PsiShock101> !roulette all
[2019-08-27 06:46:28] <@^StreamElements>* PsiShock101 went all in and lost every single one of their 170 Coins LUL
[2019-08-27 06:46:36] Viewerstats (06:18-06:46): avg:103 min:98 max:109 [15/109-8-3+1+3-1+1-1+7-4+1+2-4+4-4]
[2019-08-27 06:46:36] VIEWERS: 103
[2019-08-27 06:46:41] VIEWERS: 102
[2019-08-27 06:46:51] JOIN: Eytinine, Room1964
[2019-08-27 06:46:51] PART: Coobiexd, Gatorr, Pocrevocrednu
[2019-08-27 06:48:36] VIEWERS: 101
[2019-08-27 06:49:04] JOIN: The_mr_jrod, Bob1bg, Bluexangelz, Coobiexd
[2019-08-27 06:49:04] PART: V_and_k, Flash_hart, Slim_sl
[2019-08-27 06:50:01] VIEWERS: 97
[2019-08-27 06:50:07] JOIN: Slb2k11
[2019-08-27 06:50:07] PART: Coobiexd, Adayyendak, PsiShock101
[2019-08-27 06:50:36] VIEWERS: 101
[2019-08-27 06:50:56] <%ilynx73> !roulette 250
[2019-08-27 06:50:56] <@^StreamElements>* ilynx73 won 250 Coins in roulette and now has 16270 Coins! HSWP
[2019-08-27 06:52:12] PART: Djwolfdude, Vadimka8619, Allthashenanigans, Gregoryndow
[2019-08-27 06:52:36] VIEWERS: 103
[2019-08-27 06:53:21] VIEWERS: 97
[2019-08-27 06:54:25] JOIN: V_and_k, Armingroskopf
[2019-08-27 06:54:25] PART: Murik051, Jeezyfosheezy
[2019-08-27 06:54:36] VIEWERS: 99
[2019-08-27 06:55:26] JOIN: Gogoneko
[2019-08-27 06:55:26] PART: Moivroumvroum
[2019-08-27 06:56:25] PART: Gogoneko, Tsoobegamad
[2019-08-27 06:56:36] VIEWERS: 93
[2019-08-27 06:56:41] VIEWERS: 93
[2019-08-27 06:57:19] <%ilynx73> !roulette 280
[2019-08-27 06:57:20] <@^StreamElements>* ilynx73 lost 280 Coins in roulette and now has 16010 Coins! WutFace
[2019-08-27 06:58:36] VIEWERS: 94
[2019-08-27 06:58:44] JOIN: Lizardpicasso, Tsoobegamad
[2019-08-27 06:58:44] PART: Tadas_blinda, Scott3648, M3tatai
[2019-08-27 06:59:41] JOIN: Parsa0138, Coobiexd, Shadowmaster775
[2019-08-27 06:59:41] PART: Lizardpicasso, Preachersmitty
[2019-08-27 06:59:45] <%doubledot> !roulette all
[2019-08-27 06:59:45] <@^StreamElements>* PogChamp doubledot went all in and won 40 Coins PogChamp they now have 80 Coins HSWP
[2019-08-27 07:00:01] VIEWERS: 92
[2019-08-27 07:00:36] VIEWERS: 92
[2019-08-27 07:00:47] JOIN: Hostmeraffle, 0x4c554b49, S1faka, Kiwi5_saft
[2019-08-27 07:01:51] PART: Coobiexd
[2019-08-27 07:02:36] VIEWERS: 92
[2019-08-27 07:02:55] PART: Sanktsid, Lukix29
[2019-08-27 07:03:18] <%ilynx73> !roulette 350
[2019-08-27 07:03:19] <@^StreamElements>* ilynx73 won 350 Coins in roulette and now has 16360 Coins! HSWP
[2019-08-27 07:03:21] VIEWERS: 95
[2019-08-27 07:04:05] JOIN: Lukix29, Coobiexd, Sanktsid, Naseaxt950
[2019-08-27 07:04:05] PART: Vaultgarry, Parsa0138, Armingroskopf, Shadowmaster775
[2019-08-27 07:04:36] VIEWERS: 92
[2019-08-27 07:05:11] JOIN: Sb_dil, Grrly0ne, Diro212
[2019-08-27 07:05:11] PART: V_and_k, Bellamiavamp, Jadmau5, Coobiexd, Theforeignhunter
[2019-08-27 07:05:30] <+Pwnito> !slot 200
[2019-08-27 07:05:30] <@^StreamElements> @Pwnito you got DoritosChip | PJSalt | PJSugar and lost your 200 Coins LUL
[2019-08-27 07:06:18] JOIN: Kevinseven77, V_and_k, Coobiexd, Jadmau5, Caciquepatagonico, Flusenverteiler, Bellamiavamp
[2019-08-27 07:06:36] VIEWERS: 94
[2019-08-27 07:06:41] VIEWERS: 94
[2019-08-27 07:06:43] <+Pwnito> lol
[2019-08-27 07:07:23] PART: Kevinseven77, Coobiexd, Fortuna1895, Caciquepatagonico, Saltemii, Bluexangelz
[2019-08-27 07:08:32] JOIN: Coobiexd, Fortuna1895, Bluexangelz, Saltemii
[2019-08-27 07:08:36] VIEWERS: 93
[2019-08-27 07:09:12] <%doubledot> !roulette all
[2019-08-27 07:09:12] <@^StreamElements>* doubledot went all in and lost every single one of their 100 Coins LUL
[2019-08-27 07:09:34] PART: Diro212, Coobiexd
[2019-08-27 07:10:01] VIEWERS: 95
[2019-08-27 07:10:36] VIEWERS: 95
[2019-08-27 07:11:36] JOIN: Coobiexd, Sammyme68, Huglife69
[2019-08-27 07:11:36] PART: Kiwi5_saft, Grrly0ne
[2019-08-27 07:12:33] PART: Sb_dil, Coobiexd, Room1964
[2019-08-27 07:12:36] VIEWERS: 92
[2019-08-27 07:13:21] VIEWERS: 94
[2019-08-27 07:13:38] JOIN: Washers2, Consumatore, A7xbum, Coobiexd
[2019-08-27 07:13:38] PART: mystic_peanut_butter, Twitchprimereminder, Vxthewolfxv
[2019-08-27 07:14:36] VIEWERS: 97
[2019-08-27 07:14:42] JOIN: Twitchprimereminder, mystic_peanut_butter
[2019-08-27 07:14:42] PART: A7xbum, Coobiexd, Flusenverteiler
[2019-08-27 07:15:24] <%ilynx73> !roulette 600
[2019-08-27 07:15:24] <@^StreamElements>* ilynx73 lost 600 Coins in roulette and now has 15780 Coins! WutFace
[2019-08-27 07:15:44] JOIN: Charlie_brown_bob, Lillen85, Legionx6
[2019-08-27 07:15:44] PART: Consumatore, Tsoobegamad, Shorteststraw83
[2019-08-27 07:16:36] Viewerstats (06:48-07:16): avg:95 min:92 max:103 [15/101+0+2-4-6+1-2+0+0+2-1+2-3+5+0]
[2019-08-27 07:16:36] VIEWERS: 97
[2019-08-27 07:16:41] VIEWERS: 97
[2019-08-27 07:16:51] JOIN: Tsoobegamad, Consumatore
[2019-08-27 07:17:48] JOIN: Dunasbh, Mrsevenfigures, Coobiexd
[2019-08-27 07:18:36] VIEWERS: 104
[2019-08-27 07:18:48] JOIN: Liege97
[2019-08-27 07:18:48] PART: Huglife69, Sammyme68, Mrsevenfigures, Coobiexd, Doala1999
[2019-08-27 07:19:45] JOIN: Drakemaus, Johnmetal7, Doala1999, Freddyybot
[2019-08-27 07:19:45] PART: cac_
[2019-08-27 07:20:01] VIEWERS: 97
[2019-08-27 07:20:36] VIEWERS: 97
[2019-08-27 07:20:48] JOIN: Sabaumarov
[2019-08-27 07:20:48] PART: S1faka
[2019-08-27 07:22:36] VIEWERS: 96
[2019-08-27 07:22:46] JOIN: Pocrevocrednu
[2019-08-27 07:22:46] PART: Virgoproz, Freddyybot, Inicexonei
[2019-08-27 07:23:07] <%ilynx73> !roulette 1250
[2019-08-27 07:23:07] <@^StreamElements>* ilynx73 won 1250 Coins in roulette and now has 17050 Coins! HSWP
[2019-08-27 07:23:21] VIEWERS: 97
[2019-08-27 07:23:47] JOIN: Inicexonei
[2019-08-27 07:24:36] VIEWERS: 106
[2019-08-27 07:24:47] JOIN: Sugergirl36, Serialkil3r
[2019-08-27 07:24:47] PART: Ravenbtw
[2019-08-27 07:25:45] JOIN: Ravenbtw, Rigidydigitydog
[2019-08-27 07:26:29] <%doubledot> !roulette all
[2019-08-27 07:26:30] <@^StreamElements>* doubledot went all in and lost every single one of their 40 Coins LUL
[2019-08-27 07:26:36] VIEWERS: 106
[2019-08-27 07:26:41] VIEWERS: 106
[2019-08-27 07:26:42] PART: Sabaumarov, Legionx6
[2019-08-27 07:27:51] JOIN: Seaechxrz
[2019-08-27 07:27:51] PART: Bob1bg, Serialkil3r
[2019-08-27 07:28:36] VIEWERS: 101
[2019-08-27 07:28:48] PART: Sugergirl36, Tony71880
[2019-08-27 07:28:57] <MissBellaQ> !points
[2019-08-27 07:28:58] <@^StreamElements> @MissBellaQ, MissBellaQ has 8660 Coins and is rank 1739/155381 on the leaderboard.
[2019-08-27 07:29:30] <%ilynx73> !roulette 500
[2019-08-27 07:29:30] <@^StreamElements>* ilynx73 lost 500 Coins in roulette and now has 16570 Coins! WutFace
[2019-08-27 07:29:53] JOIN: Taskmaster37, Coobiexd, Berdos1973, Flusenverteiler, Captain_snokes, Jpdoinitbig
[2019-08-27 07:29:53] PART: Johnmetal7
[2019-08-27 07:30:01] VIEWERS: 105
[2019-08-27 07:30:36] VIEWERS: 103
[2019-08-27 07:30:50] JOIN: Mauro97arg, Ryukexo, S1faka
[2019-08-27 07:30:50] PART: Seaechxrz, Berdos1973, Fortuna1895, Sanktsid, Dunasbh, Lukix29
[2019-08-27 07:32:00] JOIN: Sanktsid, Lukix29, Dunasbh
[2019-08-27 07:32:00] PART: Ryukexo, V_and_k, Ravenbtw, Coobiexd
[2019-08-27 07:32:36] VIEWERS: 108
[2019-08-27 07:32:59] JOIN: Ravenbtw, Johnmetal7, Szopottgomboc
[2019-08-27 07:32:59] PART: Kibsnbritches
[2019-08-27 07:33:21] VIEWERS: 102
[2019-08-27 07:34:04] PART: Johnmetal7, Saltemii, Bluexangelz
[2019-08-27 07:34:20] <%ilynx73> !roulette 1000
[2019-08-27 07:34:36] VIEWERS: 104
[2019-08-27 07:35:08] <%ilynx73> !roulette 1000
[2019-08-27 07:35:08] <@^StreamElements>* ilynx73 won 1000 Coins in roulette and now has 17570 Coins! HSWP
[2019-08-27 07:36:04] JOIN: Bluexangelz, Saltemii, Vxthewolfxv, Diggnsaq, Coobiexd, Virgoproz
[2019-08-27 07:36:04] PART: Mauro97arg, Jpdoinitbig
[2019-08-27 07:36:36] VIEWERS: 99
[2019-08-27 07:36:41] VIEWERS: 99
[2019-08-27 07:37:04] PART: Coobiexd
[2019-08-27 07:38:14] JOIN: Coobiexd, Kaiserkarl2010
[2019-08-27 07:38:36] VIEWERS: 102
[2019-08-27 07:39:22] JOIN: Wishywashydark
[2019-08-27 07:39:22] PART: Ariesnyuratik, Taskmaster37
[2019-08-27 07:40:01] VIEWERS: 104
[2019-08-27 07:40:19] JOIN: Ariesnyuratik, Kildru
[2019-08-27 07:40:19] PART: Kaiserkarl2010, 0x4c554b49
[2019-08-27 07:40:36] VIEWERS: 104
[2019-08-27 07:41:10] <%ilynx73> !roulette 500
[2019-08-27 07:41:10] <@^StreamElements>* ilynx73 lost 500 Coins in roulette and now has 17090 Coins! WutFace
[2019-08-27 07:41:28] JOIN: Ahcene78, Thehappymaskmaker
[2019-08-27 07:41:28] PART: Hostmeraffle, S1faka, Diggnsaq
[2019-08-27 07:42:33] JOIN: Mrjuanathon
[2019-08-27 07:42:33] PART: Ahcene78
[2019-08-27 07:42:36] VIEWERS: 107
[2019-08-27 07:43:21] VIEWERS: 100
[2019-08-27 07:44:32] PART: Coobiexd
[2019-08-27 07:44:36] VIEWERS: 104
[2019-08-27 07:46:36] Viewerstats (07:18-07:46): avg:102 min:96 max:108 [15/104-7-1+10+0-5+2+5-4-5+3+2+3-3-1]
[2019-08-27 07:46:36] VIEWERS: 103
[2019-08-27 07:46:41] JOIN: Coobiexd, Licantien, V_and_k, Nzfishkiller, Brrox6774
[2019-08-27 07:46:41] PART: Szopottgomboc
[2019-08-27 07:46:41] VIEWERS: 103
[2019-08-27 07:47:16] <%ilynx73> !roulette 1000
[2019-08-27 07:47:17] <@^StreamElements>* ilynx73 won 1000 Coins in roulette and now has 18110 Coins! HSWP
[2019-08-27 07:47:39] JOIN: Gerryboulet85, Unrealistic_god
[2019-08-27 07:47:39] PART: Coobiexd
[2019-08-27 07:48:00] <+Pwnito> !slot 200
[2019-08-27 07:48:00] <@^StreamElements> @Pwnito you got PogChamp | PogChamp | PogChamp and won 4000 Coins PogChamp //
[2019-08-27 07:48:19] <TheHappyMaskMaker> !slot 5
[2019-08-27 07:48:19] <@^StreamElements> @TheHappyMaskMaker, the minimum bet for !slot is 100 Coins.
[2019-08-27 07:48:30] <TheHappyMaskMaker> !coins
[2019-08-27 07:48:33] <jadmau5> !roulette 10
[2019-08-27 07:48:34] <@^StreamElements>* jadmau5 lost 10 Coins in roulette and now has 2090 Coins! WutFace
[2019-08-27 07:48:36] VIEWERS: 107
[2019-08-27 07:48:43] JOIN: Coobiexd
[2019-08-27 07:48:43] PART: Tnerolf_gti, Brrox6774
[2019-08-27 07:49:24] <rocketpsyence420> !slot
[2019-08-27 07:49:25] <@^StreamElements> @rocketpsyence420 you got PJSugar | DoritosChip | PJSalt and lost your 100 Coins LUL
[2019-08-27 07:49:26] <TheHappyMaskMaker> !roulette 5
[2019-08-27 07:49:26] <@^StreamElements>* TheHappyMaskMaker won 5 Coins in roulette and now has 15 Coins! HSWP
[2019-08-27 07:49:41] PART: Coobiexd, Gerryboulet85
[2019-08-27 07:49:46] <rocketpsyence420> !roulette 500
[2019-08-27 07:50:01] VIEWERS: 104
[2019-08-27 07:50:25] <rocketpsyence420> !roulette 501
[2019-08-27 07:50:26] <@^StreamElements>* rocketpsyence420 lost 501 Coins in roulette and now has 9491 Coins! WutFace
[2019-08-27 07:50:37] VIEWERS: 109
[2019-08-27 07:50:37] JOIN: Firerage123, Coobiexd, S1faka
[2019-08-27 07:50:37] <%ilynx73> GG Pwnito :)
[2019-08-27 07:51:42] PART: Firerage123, jadmau5
[2019-08-27 07:52:37] VIEWERS: 105
[2019-08-27 07:52:44] PART: Mrjuanathon
[2019-08-27 07:53:22] VIEWERS: 105
[2019-08-27 07:53:45] JOIN: Jellykid68
[2019-08-27 07:53:45] PART: Coobiexd, Consumatore
[2019-08-27 07:53:54] <+Pwnito> @ilynx73 about time, lost all my points :P
[2019-08-27 07:54:28] <%ilynx73> yeah good win i could of had that but i thought i would leave slots today..
[2019-08-27 07:54:37] VIEWERS: 108
[2019-08-27 07:54:47] JOIN: Haddlles
[2019-08-27 07:54:47] PART: Washers2, Virgoproz, V_and_k, Wishywashydark, solring
[2019-08-27 07:54:59] <%ilynx73> were you getting low on points?
[2019-08-27 07:55:10] <%ilynx73> !roulette 500
[2019-08-27 07:55:11] <@^StreamElements>* ilynx73 lost 500 Coins in roulette and now has 17610 Coins! WutFace
[2019-08-27 07:55:53] JOIN: Coobiexd, solring, Bigfeeds, Nick_scott
[2019-08-27 07:55:53] PART: Angeloflight
[2019-08-27 07:56:37] VIEWERS: 106
[2019-08-27 07:56:42] VIEWERS: 106
[2019-08-27 07:57:47] JOIN: Maicotom, Angeloflight, V_and_k
[2019-08-27 07:57:47] PART: TheHappyMaskMaker, Haddlles, Pederasztadiszno, Jellykid68, Coobiexd, Bigfeeds
[2019-08-27 07:58:24] <dirty_red> 98
[2019-08-27 07:58:37] VIEWERS: 102
[2019-08-27 07:58:42] <+Pwnito> !points
[2019-08-27 07:58:42] <@^StreamElements> @Pwnito, Pwnito has 4750 Coins and is rank 3388/155383 on the leaderboard.
[2019-08-27 07:58:54] <+Pwnito> seems like ye :P
[2019-08-27 07:58:54] JOIN: dirty_red, Virgoproz
[2019-08-27 07:58:54] PART: Nick_scott
[2019-08-27 07:59:37] <dirty_red> lol
[2019-08-27 07:59:49] <%ilynx73> wow you really did need the points huh!
[2019-08-27 07:59:55] JOIN: Crudeblastedjim, Gscotty2
[2019-08-27 07:59:55] PART: Eisnova, Herrheil, Lalisahime_, Lisbeth111
[2019-08-27 07:59:56] <%ilynx73> gg..
[2019-08-27 08:00:02] VIEWERS: 105
[2019-08-27 08:00:19] <dirty_red> gg
[2019-08-27 08:00:29] <%ilynx73> 66
[2019-08-27 08:00:37] VIEWERS: 105
[2019-08-27 08:00:54] <@^StreamElements> FailArmy is now live! Streaming Always On: FailArmy Live | Celebrating Failure 24/7 | #FailArmy #FALive
[2019-08-27 08:00:54] JOIN: Eisnova, Bunty_b, Lisbeth111, Lalisahime_, Herrheil, Shaunathinshavis, X_skeeto_x
[2019-08-27 08:00:54] PART: Slb2k11, S1faka
[2019-08-27 08:01:10] <%ilynx73> !roulette 1000
[2019-08-27 08:01:10] <@^StreamElements>* ilynx73 lost 1000 Coins in roulette and now has 16630 Coins! WutFace
[2019-08-27 08:01:58] PART: Unrealistic_god, Shaunathinshavis, dirty_red
[2019-08-27 08:02:37] VIEWERS: 90
[2019-08-27 08:03:06] JOIN: Devinm6345, Bazzzinga73, Unrealistic_god, Elliot355, Fyllotfelix
[2019-08-27 08:03:06] PART: Captain_snokes, Crudeblastedjim, The_mr_jrod
[2019-08-27 08:03:22] VIEWERS: 77
[2019-08-27 08:03:56] <+Pwnito> i think i have to reconsider my tacts
[2019-08-27 08:04:15] JOIN: Ferrro, Triple_x_86
[2019-08-27 08:04:37] VIEWERS: 75
[2019-08-27 08:04:43] <%ilynx73> maybe built it up more with roulette..
[2019-08-27 08:06:21] JOIN: Viper7474
[2019-08-27 08:06:21] PART: Kildru
[2019-08-27 08:06:37] VIEWERS: 78
[2019-08-27 08:06:42] VIEWERS: 78
[2019-08-27 08:07:13] <%ilynx73> !roulette 1750
[2019-08-27 08:07:14] <@^StreamElements>* ilynx73 lost 1750 Coins in roulette and now has 14900 Coins! WutFace
[2019-08-27 08:07:21] JOIN: Djcanix
[2019-08-27 08:07:47] <carterlay> !roulette all
[2019-08-27 08:07:47] <@^StreamElements>* carterlay went all in and lost every single one of their 160 Coins LUL
[2019-08-27 08:08:09] <carterlay> Aww
[2019-08-27 08:08:29] JOIN: carterlay
[2019-08-27 08:08:29] PART: Devinm6345, Bunty_b, Bazzzinga73, Djcanix
[2019-08-27 08:08:37] VIEWERS: 77
[2019-08-27 08:10:02] VIEWERS: 76
[2019-08-27 08:10:31] JOIN: Underscoreboogiedown, Roootss, Haddlles
[2019-08-27 08:10:31] PART: Elliot355
[2019-08-27 08:10:37] VIEWERS: 76
[2019-08-27 08:11:04] <%doubledot> !roulette all
[2019-08-27 08:11:04] <@^StreamElements>* doubledot went all in and lost every single one of their 80 Coins LUL
[2019-08-27 08:12:34] JOIN: Yeti2187
[2019-08-27 08:12:34] PART: Trykturbo
[2019-08-27 08:12:37] VIEWERS: 76
[2019-08-27 08:13:22] VIEWERS: 81
[2019-08-27 08:13:27] <%ilynx73> !roulette 500
[2019-08-27 08:13:27] <@^StreamElements>* ilynx73 won 500 Coins in roulette and now has 15400 Coins! HSWP
[2019-08-27 08:13:36] JOIN: Thethreestooges808, Samdawolf, Fatninjasmokes
[2019-08-27 08:13:36] PART: Yeti2187, Licantien, Ariesnyuratik, Haddlles
[2019-08-27 08:14:37] VIEWERS: 76
[2019-08-27 08:16:37] Viewerstats (07:48-08:16): avg:90 min:73 max:109 [15/107+2-4+3-2-4+3-15-15+3-1-1+0+0-3]
[2019-08-27 08:16:37] VIEWERS: 73
[2019-08-27 08:16:42] VIEWERS: 73
[2019-08-27 08:16:48] JOIN: Ritterkraft, Da_clownz, Excellentwalter
[2019-08-27 08:16:48] PART: Fatninjasmokes, carterlay, Glendahlman, Roootss
[2019-08-27 08:17:54] JOIN: Alkashik_, Coobiexd
[2019-08-27 08:18:38] VIEWERS: 73
[2019-08-27 08:19:02] JOIN: Gerryboulet85
[2019-08-27 08:19:12] <%ilynx73> !roulette 3600
[2019-08-27 08:19:12] <@^StreamElements>* ilynx73 won 3600 Coins in roulette and now has 19020 Coins! HSWP
[2019-08-27 08:20:03] VIEWERS: 75
[2019-08-27 08:20:11] JOIN: Hostmeraffle, Panran
[2019-08-27 08:20:11] PART: Coobiexd, Excellentwalter, Gscotty2
[2019-08-27 08:20:39] VIEWERS: 75
[2019-08-27 08:21:17] JOIN: Coobiexd, Schdiewen, Roguebirdman
[2019-08-27 08:21:17] PART: Underscoreboogiedown
[2019-08-27 08:22:17] JOIN: Hippiepanda88, Cascas
[2019-08-27 08:22:17] PART: Pocrevocrednu
[2019-08-27 08:22:38] VIEWERS: 77
[2019-08-27 08:23:18] JOIN: Siydoody, Arturoo
[2019-08-27 08:23:18] PART: Roguebirdman, Coobiexd, Schdiewen
[2019-08-27 08:23:23] VIEWERS: 80
[2019-08-27 08:24:25] JOIN: Coobiexd, Kevinok81, Mickeym91
[2019-08-27 08:24:25] PART: Gerryboulet85, Slavibg89, Inicexonei, Panran, Arturoo, X_skeeto_x
[2019-08-27 08:24:38] VIEWERS: 76
[2019-08-27 08:25:07] <%ilynx73> !points
[2019-08-27 08:25:07] <@^StreamElements> @ilynx73, ilynx73 has 19020 Coins and is rank 745/155384 on the leaderboard.
[2019-08-27 08:25:14] <%ilynx73> !roulette 980
[2019-08-27 08:25:14] <@^StreamElements>* ilynx73 lost 980 Coins in roulette and now has 18040 Coins! WutFace
[2019-08-27 08:25:35] <rocketpsyence420> !roulette 980
[2019-08-27 08:25:41] <rocketpsyence420> !slot
[2019-08-27 08:25:41] <@^StreamElements> @rocketpsyence420 you got DoritosChip | PJSugar | DoritosChip and lost your 100 Coins LUL
[2019-08-27 08:26:03] <rocketpsyence420> !roulette 15%
[2019-08-27 08:26:03] <@^StreamElements>* rocketpsyence420 lost 1413 Coins in roulette and now has 8008 Coins! WutFace
[2019-08-27 08:26:34] JOIN: Cmartc, Zippitydoda, Silverbyane, Northcore_ger
[2019-08-27 08:26:38] VIEWERS: 80
[2019-08-27 08:26:43] VIEWERS: 80
[2019-08-27 08:26:50] <rocketpsyence420> !slot
[2019-08-27 08:26:50] <@^StreamElements> @rocketpsyence420 you got PJSugar | DoritosChip | BibleThump and lost your 100 Coins LUL
[2019-08-27 08:27:34] JOIN: Slavibg89, Criticalcrites, Chefpayne, Guwop_domm, Wiesel2103, Wrenchman, Agent_kruger_, Sardeth, Rayfinkle007
[2019-08-27 08:27:34] PART: Virgoproz, Coobiexd
[2019-08-27 08:28:38] VIEWERS: 85
[2019-08-27 08:29:40] JOIN: Isg___
[2019-08-27 08:29:40] PART: Alkashik_
[2019-08-27 08:29:50] <rocketpsyence420> !roulette 2000
[2019-08-27 08:30:03] VIEWERS: 86
[2019-08-27 08:30:39] VIEWERS: 86
[2019-08-27 08:30:39] JOIN: Coobiexd, Thegoldorak, S1faka
[2019-08-27 08:30:39] PART: Isg___
[2019-08-27 08:31:35] <%ilynx73> !roulette 1250
[2019-08-27 08:31:35] <@^StreamElements>* ilynx73 won 1250 Coins in roulette and now has 19310 Coins! HSWP
[2019-08-27 08:31:44] PART: Hostmeraffle
[2019-08-27 08:32:37] <rocketpsyence420> !roulette 2600
[2019-08-27 08:32:38] <@^StreamElements>* rocketpsyence420 won 2600 Coins in roulette and now has 10518 Coins! HSWP
[2019-08-27 08:32:39] VIEWERS: 86
[2019-08-27 08:32:41] <%doubledot> !roulette all
[2019-08-27 08:32:45] JOIN: Rottowitch
[2019-08-27 08:32:45] PART: Salvage_, Kevinok81, Cmartc, Zippitydoda, Forscientificpurposes, Chefpayne, Agent_kruger_, Thethreestooges808
[2019-08-27 08:33:12] <%doubledot> !roulette 100%
[2019-08-27 08:33:12] <@^StreamElements>* doubledot went all in and lost every single one of their 40 Coins LUL
[2019-08-27 08:33:24] VIEWERS: 84
[2019-08-27 08:33:32] <rocketpsyence420> lol
[2019-08-27 08:33:44] JOIN: Salvage_, Preben_t, Ladynitewishers, Forscientificpurposes
[2019-08-27 08:33:44] PART: Silverbyane
[2019-08-27 08:34:39] VIEWERS: 86
[2019-08-27 08:34:48] JOIN: Hutch66, Watermelon77777
[2019-08-27 08:34:48] PART: Coobiexd
[2019-08-27 08:35:12] <@^StreamElements> Roulette, dueling, points, what does it all mean?! Find out what you can cash those points in for here (applicable to our hosted content Tu/Fri): https://streamelements.com/failarmy/store
[2019-08-27 08:35:57] JOIN: Sinfaultnia, Cappuccino_al, Lankina, Virgoproz
[2019-08-27 08:35:57] PART: Triple_x_86, Samdawolf, Northcore_ger, loft, Rayfinkle007
[2019-08-27 08:36:30] <rocketpsyence420> i hate ants
[2019-08-27 08:36:39] VIEWERS: 87
[2019-08-27 08:36:43] VIEWERS: 87
[2019-08-27 08:36:44] <%ilynx73> are you getting over run..
[2019-08-27 08:36:54] <rocketpsyence420> i have before
[2019-08-27 08:37:01] <rocketpsyence420> i found their nest though
[2019-08-27 08:37:02] JOIN: 1vgroupkrass, Wildzmemez, Iamslum, loft, Lightchipnk, Tombot75
[2019-08-27 08:37:02] PART: Drakemaus, Lankina, Fyllotfelix
[2019-08-27 08:37:07] <rocketpsyence420> dumped acid into it
[2019-08-27 08:37:10] <%ilynx73> not good for the ants
[2019-08-27 08:37:18] <%ilynx73> !points
[2019-08-27 08:37:18] <@^StreamElements> @ilynx73, ilynx73 has 19330 Coins and is rank 736/155388 on the leaderboard.
[2019-08-27 08:37:19] <rocketpsyence420> lol
[2019-08-27 08:37:27] <rocketpsyence420> !slot
[2019-08-27 08:37:27] <@^StreamElements> @rocketpsyence420 you got DoritosChip | DoritosChip | PJSalt and lost your 100 Coins LUL
[2019-08-27 08:37:31] <%ilynx73> !roulette 670
[2019-08-27 08:37:31] <@^StreamElements>* ilynx73 lost 670 Coins in roulette and now has 18660 Coins! WutFace
[2019-08-27 08:37:35] <rocketpsyence420> lets hit the slots hard
[2019-08-27 08:38:06] JOIN: Coobiexd, Loose_canon, Roguebirdman, Zena543683333
[2019-08-27 08:38:06] PART: Ferrro, Tombot75
[2019-08-27 08:38:09] <%ilynx73> @Pwnito just won 4k on them
[2019-08-27 08:38:15] <rocketpsyence420> nice
[2019-08-27 08:38:39] VIEWERS: 91
[2019-08-27 08:38:52] <%ilynx73> im leaving them past few days i'v spend thousands on them and no win BibleThump
[2019-08-27 08:39:15] JOIN: Hostmeraffle
[2019-08-27 08:39:15] PART: Sinfaultnia, Wiesel2103, 1vgroupkrass, Coobiexd, Slavibg89, Loose_canon, Cappuccino_al
[2019-08-27 08:39:37] <rocketpsyence420> lol
[2019-08-27 08:40:04] VIEWERS: 83
[2019-08-27 08:40:14] JOIN: Sternchen7777777, Cactusann0101, Vampirehunterd
[2019-08-27 08:40:14] PART: Zena543683333, Guwop_domm
[2019-08-27 08:40:39] VIEWERS: 84
[2019-08-27 08:41:18] JOIN: Bubly470, Ninkazie
[2019-08-27 08:41:18] PART: Ladynitewishers, Viper7474, Cactusann0101
[2019-08-27 08:42:19] JOIN: Flofeni80, Coobiexd
[2019-08-27 08:42:19] PART: Pierrotputeaux22, Bubly470, Sardeth, Ninkazie, Rottowitch
[2019-08-27 08:42:39] VIEWERS: 87
[2019-08-27 08:43:13] <%ilynx73> !roulette 750
[2019-08-27 08:43:13] <@^StreamElements>* ilynx73 won 750 Coins in roulette and now has 19410 Coins! HSWP
[2019-08-27 08:43:24] VIEWERS: 83
[2019-08-27 08:43:29] JOIN: Sardeth, Pierrotputeaux22, Red__plague, Mesotuff1
[2019-08-27 08:43:29] PART: Thegoldorak
[2019-08-27 08:44:35] <+Pwnito> !slot 200
[2019-08-27 08:44:36] <@^StreamElements> @Pwnito you got PogChamp | PogChamp | PogChamp and won 4000 Coins PogChamp //
[2019-08-27 08:44:39] VIEWERS: 84
[2019-08-27 08:44:43] <%ilynx73> ahahaha
[2019-08-27 08:44:49] <%ilynx73> poggers
[2019-08-27 08:44:57] <+Pwnito> this is making me angry now...
[2019-08-27 08:45:07] <%ilynx73>* Hacker LUL
[2019-08-27 08:45:09] <+Pwnito> cause i had a lose streak of 10k points
[2019-08-27 08:45:14] <+Pwnito> and now im getting them back
[2019-08-27 08:45:21] <+Pwnito> well whatever...
[2019-08-27 08:45:29] <%ilynx73> your building them up again today tho dude..
[2019-08-27 08:45:38] JOIN: Aspextz, Bolendian, Wadimskiii
[2019-08-27 08:45:38] PART: StreamElements, Hutch66, Freast, Mesotuff1, Red__plague
[2019-08-27 08:45:38] UNMOD: StreamElements
[2019-08-27 08:45:42] <%ilynx73> gg ez..
[2019-08-27 08:46:39] Viewerstats (08:18-08:46): avg:82 min:73 max:91 [15/73+2+2-1+4+5+1+0+0+1+4-7+3-3+0]
[2019-08-27 08:46:39] VIEWERS: 84
[2019-08-27 08:46:44] VIEWERS: 84
[2019-08-27 08:46:44] JOIN: Thatfkingbastrd, StreamElements, Freast
[2019-08-27 08:46:44] PART: Flofeni80, Sardeth, Vampirehunterd
[2019-08-27 08:46:44] MOD: StreamElements
# Log closed: 2019-08-27 08:47:05 +0100
-
