# Log started: 2019-09-03 18:36:54 +0100
[2019-09-03 18:36:54] Joining #failarmy..
[2019-09-03 18:36:54] ~FailArmy Live | Celebrating Failure 24/7 | #FailArmy #FALive (Always On)~
[2019-09-03 18:36:54] You have joined #failarmy
[2019-09-03 18:36:54] MOD: Streamelements
[2019-09-03 18:37:02] <+SurlyDev> !roulette 95%
[2019-09-03 18:37:02] <@^StreamElements>* SurlyDev won 7751 Coins in roulette and now has 15910 Coins! HSWP
[2019-09-03 18:37:41] VIEWERS: 141
[2019-09-03 18:38:27] JOIN: Lvlajlb4ik, Rocketpoweredhillbilly, Twitchdatamining, Lipsch90, Miitcherino, Andyboryssenko, Zomorgs
[2019-09-03 18:38:27] PART: Thattimmkid
[2019-09-03 18:38:56] <$Lisbeth111> !slot lilychWarcry
[2019-09-03 18:38:56] <@^StreamElements> @Lisbeth111 you got PJSugar | PJSalt | PJSalt and lost your 100 Coins LUL
[2019-09-03 18:39:21] VIEWERS: 145
[2019-09-03 18:39:41] VIEWERS: 145
[2019-09-03 18:40:12] <+TioJin> !slot
[2019-09-03 18:40:13] <@^StreamElements> @TioJin you got PJSalt | DoritosChip | PJSalt and lost your 100 Coins LUL
[2019-09-03 18:40:34] JOIN: Calthness, Zyperis, Ericthered567, Luki4fun_bot_master, Virgoproz
[2019-09-03 18:40:34] PART: Lvlajlb4ik, Justin_portant, Freddyybot, Lipsch90, Miitcherino, Ngamipro66, Vvheavy, Cheesehovel, 0abe0, Jabberdoose
[2019-09-03 18:40:34] PART: Momogchan, Mattyfresh
[2019-09-03 18:41:34] JOIN: 604yp
[2019-09-03 18:41:41] VIEWERS: 138
[2019-09-03 18:42:38] JOIN: Whiz_ow, Jadloskaila, Fullmetaluky, Logviewer, Nemzes
[2019-09-03 18:42:38] PART: Qewerka, Decaey24
[2019-09-03 18:42:38] MOD: Logviewer
[2019-09-03 18:42:41] VIEWERS: 141
[2019-09-03 18:43:41] VIEWERS: 144
[2019-09-03 18:43:48] JOIN: Gorty_, Jnkchris, Boblong80, Montcleazy, Shaul97
[2019-09-03 18:43:48] PART: Hostmeraffle, Whiteprincess22, Andyboryssenko, Zomorgs, Whiz_ow, Dgx_6
[2019-09-03 18:44:56] PART: Montcleazy, Jadloskaila, Fullmetaluky, Shaul97, Rocketpoweredhillbilly
[2019-09-03 18:45:41] VIEWERS: 137
[2019-09-03 18:45:44] <%Blippie> !slot 200
[2019-09-03 18:45:44] <@^StreamElements> @Blippie you got PJSalt | DoritosChip | PJSugar and lost your 200 Coins LUL
[2019-09-03 18:45:57] <%Blippie> !roulette 500
[2019-09-03 18:45:57] <@^StreamElements>* Blippie won 500 Coins in roulette and now has 8037 Coins! HSWP
[2019-09-03 18:46:01] VIEWERS: 138
[2019-09-03 18:46:04] JOIN: I_figured, Jadloskaila
[2019-09-03 18:46:04] PART: Tidalparanoia
[2019-09-03 18:47:41] VIEWERS: 137
[2019-09-03 18:48:07] JOIN: Hostmeraffle, Denisclobo, Cr8zychuckles
[2019-09-03 18:48:07] PART: Macroxylo, Lisbeth111
[2019-09-03 18:49:15] JOIN: Brainping1000
[2019-09-03 18:49:15] PART: Denisclobo, Ericthered567
[2019-09-03 18:49:21] VIEWERS: 139
[2019-09-03 18:49:41] VIEWERS: 138
[2019-09-03 18:50:22] JOIN: Bolt_chipotle, Officialdragonstar, Ooknallerbseoo, Msvrd
[2019-09-03 18:50:22] PART: Squallorz_, Boblong80, Veterannds
[2019-09-03 18:50:36] <citizen186> !roulette all
[2019-09-03 18:50:37] <@^StreamElements>* citizen186 went all in and lost every single one of their 200 Coins LUL
[2019-09-03 18:51:42] VIEWERS: 140
[2019-09-03 18:52:16] JOIN: Gdawgfizzle, Omegastardragon, Kokichaga, Hagueth, Skyblu_tv, Goodshawn, Baroquefirma, Infolinkdx
[2019-09-03 18:52:16] PART: Officialdragonstar, V_and_k, 604yp, Bolt_chipotle
[2019-09-03 18:52:42] VIEWERS: 144
[2019-09-03 18:53:14] JOIN: Shizzler73, Floggi83
[2019-09-03 18:53:14] PART: Nam_yi, Msvrd, Jnkchris
[2019-09-03 18:53:42] VIEWERS: 148
[2019-09-03 18:55:19] JOIN: Xthomas
[2019-09-03 18:55:19] PART: Hagueth, Deanmrd, Skyblu_tv
[2019-09-03 18:55:42] VIEWERS: 143
[2019-09-03 18:56:02] VIEWERS: 143
[2019-09-03 18:56:24] JOIN: Deanmrd, Cheesehovel, Rudisduckis
[2019-09-03 18:56:24] PART: Kokichaga, Gankbait, Floggi83
[2019-09-03 18:56:47] <yolunchguys> !points
[2019-09-03 18:56:47] <@^StreamElements> @yolunchguys, yolunchguys has 708430 Coins and is rank 12/156220 on the leaderboard.
[2019-09-03 18:57:02] <yolunchguys> !roulette 8430
[2019-09-03 18:57:02] <@^StreamElements>* yolunchguys lost 8430 Coins in roulette and now has 700000 Coins! WutFace
[2019-09-03 18:57:24] JOIN: Demonedellamontagna, Silverfox7703
[2019-09-03 18:57:24] PART: Deanmrd, Yksiloe, Rudisduckis, Ooknallerbseoo
[2019-09-03 18:57:42] VIEWERS: 146
[2019-09-03 18:58:28] JOIN: Ak47offsuit, yolunchguys, Syntheticboy
[2019-09-03 18:59:22] VIEWERS: 147
[2019-09-03 18:59:31] JOIN: Aura1k
[2019-09-03 18:59:31] PART: Ak47offsuit, Linnovokain
[2019-09-03 18:59:36] <%iamashadowlord> WutFace
[2019-09-03 18:59:42] VIEWERS: 149
[2019-09-03 19:00:08] <^Stay_Hydrated_Bot>* @failarmy stayhyBottle You've been live for just over 11 hours. By this point in your broadcast you should have consumed at least 44oz (1.32L) of water to maintain optimum hydration.
[2019-09-03 19:00:37] JOIN: Demsiehuldigen, Bubiline
[2019-09-03 19:00:37] PART: Aura1k, Blippie, Heinz_w, Rocketpsyence420
[2019-09-03 19:00:39] <Wod1nn> rip that guitar
[2019-09-03 19:00:52] <%iamashadowlord> !points
[2019-09-03 19:00:52] <@^StreamElements> @iamashadowlord, iamashadowlord has 7388 Coins and is rank 2084/156220 on the leaderboard.
[2019-09-03 19:00:52] <Wod1nn> sure looks like it was a nice one too
[2019-09-03 19:00:59] <%iamashadowlord> !roulette 400
[2019-09-03 19:00:59] <@^StreamElements>* iamashadowlord won 400 Coins in roulette and now has 7788 Coins! HSWP
[2019-09-03 19:01:25] <Wod1nn> justin beiber can't break wood? such a surprise
[2019-09-03 19:01:36] JOIN: Badfish4650, Ariusdude, Rocketpsyence420, Jay12348, Knightshade483
[2019-09-03 19:01:36] PART: The_kinglog, Nemzes
[2019-09-03 19:01:42] <%iamashadowlord> he does other stuff with it :p
[2019-09-03 19:01:42] VIEWERS: 142
[2019-09-03 19:01:52] <Wod1nn> heyo
[2019-09-03 19:02:13] <%iamashadowlord> :p
[2019-09-03 19:02:41] PART: Bubiline, Knightshade483
[2019-09-03 19:02:42] VIEWERS: 144
[2019-09-03 19:03:15] <TazMania2003> !roulette 40
[2019-09-03 19:03:15] <@^StreamElements>* TazMania2003 won 40 Coins in roulette and now has 523 Coins! HSWP
[2019-09-03 19:03:28] <%iamashadowlord> !give @TazMania2003 77
[2019-09-03 19:03:28] <@^StreamElements> iamashadowlord gave 77 Coins to tazmania2003 PogChamp
[2019-09-03 19:03:42] VIEWERS: 143
[2019-09-03 19:03:45] JOIN: TazMania2003, Lagbrain_68, Bubiline, Emkael, V_and_k
[2019-09-03 19:03:45] PART: Megamodx, Garvsehgal98, Ageeignet, Ariusdude, Virgoproz, Wod1nn, Brainping1000
[2019-09-03 19:04:03] <TazMania2003> Ayy Shadow. Thanks, you should keep em though :)
[2019-09-03 19:04:07] <xthomas> !points
[2019-09-03 19:04:07] <@^StreamElements> @xthomas, xthomas has 250 Coins and is rank 55573/156220 on the leaderboard.
[2019-09-03 19:04:15] <%iamashadowlord> yea you should :) your welcome
[2019-09-03 19:04:16] <TazMania2003> !give @iamashadowlord 80
[2019-09-03 19:04:16] <@^StreamElements> TazMania2003 gave 80 Coins to iamashadowlord PogChamp
[2019-09-03 19:04:31] <%iamashadowlord> !give @TazMania2003 80
[2019-09-03 19:04:32] <@^StreamElements> iamashadowlord gave 80 Coins to tazmania2003 PogChamp
[2019-09-03 19:04:47] JOIN: Megamodx, Azrael573, Miitcherino, Ketapan_, Wod1nn, Garvsehgal98
[2019-09-03 19:04:47] PART: Slowgameplay, Emkael
[2019-09-03 19:04:50] <TazMania2003> Oh come on LUL
[2019-09-03 19:04:53] <@^StreamElements> Roulette, dueling, points, what does it all mean?! Find out what you can cash those points in for here (applicable to our hosted content Tu/Fri): https://streamelements.com/failarmy/store
[2019-09-03 19:04:56] <%iamashadowlord> LUL
[2019-09-03 19:05:01] <%iamashadowlord> you know you wanted them
[2019-09-03 19:05:05] <twitch_lilmansnake> !roulette 5%
[2019-09-03 19:05:06] <@^StreamElements>* twitch_lilmansnake lost 1323 Coins in roulette and now has 25141 Coins! WutFace
[2019-09-03 19:05:06] <TazMania2003> !give @iamashadowlord 85
[2019-09-03 19:05:07] <@^StreamElements> TazMania2003 gave 85 Coins to iamashadowlord PogChamp
[2019-09-03 19:05:11] <xthomas> !gamble 25
[2019-09-03 19:05:21] <%iamashadowlord> !give @TazMania2003 86
[2019-09-03 19:05:22] <@^StreamElements> iamashadowlord gave 86 Coins to tazmania2003 PogChamp
[2019-09-03 19:05:33] <+imMachete> !points
[2019-09-03 19:05:34] <@^StreamElements> @imMachete, imMachete has 5940 Coins and is rank 2665/156220 on the leaderboard.
[2019-09-03 19:05:38] <TazMania2003> !give @iamashadowlord 90
[2019-09-03 19:05:40] <@^StreamElements> TazMania2003 gave 90 Coins to iamashadowlord PogChamp
[2019-09-03 19:05:45] VIEWERS: 148
[2019-09-03 19:05:46] <%iamashadowlord> FailFish
[2019-09-03 19:05:47] <xthomas> !roulette 25
[2019-09-03 19:05:47] <@^StreamElements>* xthomas won 25 Coins in roulette and now has 285 Coins! HSWP
[2019-09-03 19:05:51] <TazMania2003> Keep them :D
[2019-09-03 19:05:52] JOIN: Spaenny, Cloud3nhhyu
[2019-09-03 19:05:52] PART: Twitchprimereminder, S1faka, Lagbrain_68, Miitcherino
[2019-09-03 19:05:58] <%iamashadowlord> !give @TazMania2003 90 +love and hugs
[2019-09-03 19:05:58] <@^StreamElements> iamashadowlord gave 90 Coins to tazmania2003 PogChamp
[2019-09-03 19:06:02] VIEWERS: 149
[2019-09-03 19:06:06] <+imMachete> !roulette
[2019-09-03 19:06:16] <%iamashadowlord> they are yours
[2019-09-03 19:06:17] <+imMachete> !roulette 140
[2019-09-03 19:06:17] <@^StreamElements>* imMachete lost 140 Coins in roulette and now has 5800 Coins! WutFace
[2019-09-03 19:06:22] <xthomas> !Uptime
[2019-09-03 19:06:23] <@^StreamElements> Here at FailArmy, uptime is all the time!
[2019-09-03 19:06:26] <%iamashadowlord> WutFace
[2019-09-03 19:06:34] <TazMania2003> !give @iamashadowlord 100 +Hugs <3
[2019-09-03 19:06:35] <@^StreamElements> TazMania2003 gave 100 Coins to iamashadowlord PogChamp
[2019-09-03 19:06:50] <xthomas> !Roulette 5%
[2019-09-03 19:06:53] <%iamashadowlord> !give @TazMania2003 100 +Tight hugs <3
[2019-09-03 19:06:53] <@^StreamElements> iamashadowlord gave 100 Coins to tazmania2003 PogChamp
[2019-09-03 19:07:02] PART: Azrael573, Demonedellamontagna, Luki4fun_bot_master, Rocketpsyence420
[2019-09-03 19:07:14] <xthomas> !roulette 56
[2019-09-03 19:07:42] Viewerstats (18:37-19:07): avg:142 min:137 max:149 [16/141+4-7+6-7+0+1+2+8-5+3+3-7+1+5+0]
[2019-09-03 19:07:42] VIEWERS: 148
[2019-09-03 19:07:47] <TazMania2003> @give @iamashadowlord 150 Really, i'm good, don't much want coins. Hugs :)
[2019-09-03 19:07:47] <+TioJin> !roulette 140
[2019-09-03 19:07:48] <@^StreamElements>* TioJin won 140 Coins in roulette and now has 4972 Coins! HSWP
[2019-09-03 19:07:56] <TazMania2003> Feck
[2019-09-03 19:08:01] <%iamashadowlord> :)
[2019-09-03 19:08:04] <TazMania2003> i messed that up
[2019-09-03 19:08:11] <%iamashadowlord> even streamelements knows you need them hugs
[2019-09-03 19:08:16] <TazMania2003> !give @iamashadowlord 150
[2019-09-03 19:08:17] <@^StreamElements> TazMania2003 gave 150 Coins to iamashadowlord PogChamp
[2019-09-03 19:08:24] <%iamashadowlord> FailFish
[2019-09-03 19:08:35] <%iamashadowlord> !give @TazMania2003 151
[2019-09-03 19:08:36] <@^StreamElements> iamashadowlord gave 151 Coins to tazmania2003 PogChamp
[2019-09-03 19:08:37] <xthomas> This is y i prefer dogs over kids
[2019-09-03 19:08:42] <%iamashadowlord> please
[2019-09-03 19:08:55] <TazMania2003> Shadow......
[2019-09-03 19:09:19] <TazMania2003> !give @iamashadowlord 155 <3
[2019-09-03 19:09:19] <@^StreamElements> TazMania2003 gave 155 Coins to iamashadowlord PogChamp
[2019-09-03 19:09:20] <%iamashadowlord> Taz.. i will keep going til you keep them or gamble them
[2019-09-03 19:09:22] VIEWERS: 146
[2019-09-03 19:09:34] <+TioJin> !slot
[2019-09-03 19:09:35] <@^StreamElements> @TioJin you got BibleThump | DoritosChip | PogChamp and lost your 100 Coins LUL
[2019-09-03 19:09:35] <%iamashadowlord> !give @TazMania2003 155 with love <3
[2019-09-03 19:09:35] <@^StreamElements> iamashadowlord gave 155 Coins to tazmania2003 PogChamp
[2019-09-03 19:09:42] VIEWERS: 146
[2019-09-03 19:09:44] <TazMania2003> I'll go all in LUL
[2019-09-03 19:09:55] <%iamashadowlord> then i can give you more LUL
[2019-09-03 19:10:06] JOIN: Martianak47, Imilchreisi, Twitchprimereminder, Udayan, Ericthered567
[2019-09-03 19:10:06] PART: Cloud3nhhyu, Cr8zychuckles, Dirtyxpool, Garvsehgal98, Ketapan_
[2019-09-03 19:10:32] <TazMania2003> Oh wait, that could be a plan. I go all in, if i win i give you half, and if i lose i'm just broke
[2019-09-03 19:10:34] <%iamashadowlord> !roulette 100
[2019-09-03 19:10:34] <@^StreamElements>* iamashadowlord won 100 Coins in roulette and now has 7829 Coins! HSWP
[2019-09-03 19:10:42] <TazMania2003> Sound good?
[2019-09-03 19:10:58] <%iamashadowlord> no if you lose i give you some and if you win the most i would accept is 1/4th
[2019-09-03 19:11:07] JOIN: Rocketpsyence420
[2019-09-03 19:11:07] PART: Stargazer1820, imMachete, Udayan, xthomas, I_figured
[2019-09-03 19:11:23] <+BaDFiSh4650> HAHAHAHA its funny cuz shes fat
[2019-09-03 19:11:24] <TazMania2003> Damnit LUL
[2019-09-03 19:11:30] <%iamashadowlord> LUL
[2019-09-03 19:11:42] VIEWERS: 136
[2019-09-03 19:11:46] <TazMania2003> Hmm, i have a better plan :)
[2019-09-03 19:12:04] JOIN: Bamamedic3, Jnkchris, Ales_levshenkov
[2019-09-03 19:12:04] PART: Bubiline, Rocketpsyence420
[2019-09-03 19:12:05] <TazMania2003> !give @iamashadowlord 99.99%
[2019-09-03 19:12:06] <@^StreamElements> TazMania2003 gave 611 Coins to iamashadowlord PogChamp
[2019-09-03 19:12:09] <%iamashadowlord> i am always open to hearing your thoughts :)
[2019-09-03 19:12:20] <%iamashadowlord> !give @TazMania2003 612
[2019-09-03 19:12:20] <@^StreamElements> iamashadowlord gave 612 Coins to tazmania2003 PogChamp
[2019-09-03 19:12:36] <%iamashadowlord> it worked well :p
[2019-09-03 19:12:37] <TazMania2003> why do you do this to me LUL
[2019-09-03 19:12:42] VIEWERS: 140
[2019-09-03 19:12:47] <%iamashadowlord> because i love you :p LUL
[2019-09-03 19:13:15] JOIN: Str0ngbad88
[2019-09-03 19:13:15] PART: Bamamedic3
[2019-09-03 19:13:22] <TazMania2003> Really though mate, i don't want coins :p
[2019-09-03 19:13:42] VIEWERS: 140
[2019-09-03 19:14:02] <%iamashadowlord> then just use the ones you have but you know if you have very few i have to give some it is who i am :p
[2019-09-03 19:14:21] JOIN: Mulrichfendt, Rocketpsyence420
[2019-09-03 19:14:21] PART: Minclark, Jay12348, Ales_levshenkov
[2019-09-03 19:15:14] <TazMania2003> I know Shadow :) you're to kind
[2019-09-03 19:15:21] JOIN: Project8oh1, Yaketiyak, Audrius027
[2019-09-03 19:15:21] PART: TioJin, Martianak47
[2019-09-03 19:15:22] <%iamashadowlord> or not enough :)
[2019-09-03 19:15:42] VIEWERS: 137
[2019-09-03 19:16:02] VIEWERS: 137
[2019-09-03 19:16:24] JOIN: Justinsanity804, Virgoproz, Elias_ffskk, Prawdziwysmok
[2019-09-03 19:16:24] PART: Gorik7979, Yaketiyak, Bloodymina
[2019-09-03 19:16:32] <TazMania2003> <3 <3 <3
[2019-09-03 19:16:40] <%iamashadowlord> <3 <3 <3
[2019-09-03 19:16:53] <%+Nimhnoid> hello lovelys
[2019-09-03 19:17:01] <%iamashadowlord> hey dude
[2019-09-03 19:17:12] <TazMania2003> Heya Nim HeyGuys
[2019-09-03 19:17:42] VIEWERS: 138
[2019-09-03 19:17:44] <%+Nimhnoid> sup sup
[2019-09-03 19:17:51] <%+Nimhnoid> !roulette 100
[2019-09-03 19:17:51] <@^StreamElements>* Nimhnoid lost 100 Coins in roulette and now has 6046 Coins! WutFace
[2019-09-03 19:18:01] <%iamashadowlord> WutFace
[2019-09-03 19:18:34] JOIN: Bloodymina, TioJin, Bread_roll_z, Whiteprincess22
[2019-09-03 19:18:34] PART: Audrius027, Elias_ffskk, Rocketpsyence420, Silverfox7703, Baroquefirma, Str0ngbad88, Ericthered567
[2019-09-03 19:19:15] <%iamashadowlord> at least they have comedy with some of there fails
[2019-09-03 19:19:23] VIEWERS: 132
[2019-09-03 19:19:34] JOIN: Rocketpsyence420, Sinlau
[2019-09-03 19:19:34] PART: Mazongar, Ixnevix
[2019-09-03 19:19:42] VIEWERS: 132
[2019-09-03 19:20:32] JOIN: Mazongar, Lipsch90, Ixnevix
[2019-09-03 19:20:32] PART: Syntheticboy
[2019-09-03 19:21:31] JOIN: Biolitschi, Wakkaman87, Garvsehgal98
[2019-09-03 19:21:43] VIEWERS: 131
[2019-09-03 19:22:11] <TazMania2003> !roulette 45%
[2019-09-03 19:22:11] <@^StreamElements>* TazMania2003 won 280 Coins in roulette and now has 903 Coins! HSWP
[2019-09-03 19:22:39] JOIN: Fran6530, Gorik7979, Thehunter0102
[2019-09-03 19:22:39] PART: Garvsehgal98, Imilchreisi
[2019-09-03 19:22:43] VIEWERS: 134
[2019-09-03 19:22:49] <%+Nimhnoid> well played
[2019-09-03 19:23:02] <%+Nimhnoid> you done with school today taz?
[2019-09-03 19:23:11] <%iamashadowlord> gj :D
[2019-09-03 19:23:15] <TazMania2003> Yeah man
[2019-09-03 19:23:23] <%+Nimhnoid> woot woot
[2019-09-03 19:23:33] <TazMania2003> Thank god LUL
[2019-09-03 19:23:37] <ZombieShroom> That dude with the rollerblades is straighrt up gangster
[2019-09-03 19:23:38] JOIN: Miitcherino, Rgangsterr1, ZombieShroom, Plati1970, Nimhnation, Romuslapisimus
[2019-09-03 19:23:38] PART: Wakkaman87, Twitchdatamining
[2019-09-03 19:23:41] <ZombieShroom> You can tell he runs the streest
[2019-09-03 19:23:43] VIEWERS: 143
[2019-09-03 19:23:45] <ZombieShroom> streets*
[2019-09-03 19:23:56] <%+Nimhnoid> he created the streets
[2019-09-03 19:24:15] <%+Nimhnoid> straight up G
[2019-09-03 19:24:42] <ZombieShroom> HECK YEAH HE DID. You know whats up dog XD
[2019-09-03 19:25:01] <ZombieShroom> haha that guy tried to parkour and hit his willy
[2019-09-03 19:25:32] <ZombieShroom> that tree's got some game
[2019-09-03 19:25:39] <ZombieShroom> and another tree that has game!
[2019-09-03 19:25:41] JOIN: Sprunger002, Killerkaztv, Sephi_44, Xblutkirsche
[2019-09-03 19:25:41] PART: Fran6530, Twitchprimereminder, Lurxx, Sinlau, Rgangsterr1, Prawdziwysmok, Miitcherino
[2019-09-03 19:25:43] VIEWERS: 145
[2019-09-03 19:25:47] <ZombieShroom> WTF is up with dem trees man
[2019-09-03 19:26:03] VIEWERS: 145
[2019-09-03 19:26:45] JOIN: Lurxx, Twitchprimereminder, Garvsehgal98
[2019-09-03 19:26:45] PART: Jnkchris, Plati1970, Lipsch90, Spaenny
[2019-09-03 19:27:43] VIEWERS: 139
[2019-09-03 19:27:50] JOIN: Plati1970, Cloud3nhhyu
[2019-09-03 19:27:50] PART: ZombieShroom, Garvsehgal98
[2019-09-03 19:28:59] JOIN: Garvsehgal98, Intensify_tv
[2019-09-03 19:28:59] PART: Sprunger002
[2019-09-03 19:29:23] VIEWERS: 141
[2019-09-03 19:29:43] VIEWERS: 144
[2019-09-03 19:30:02] JOIN: Robycsek76, Kimara_frances
[2019-09-03 19:30:02] PART: Garvsehgal98, Killerkaztv
[2019-09-03 19:31:09] JOIN: Audrius027, Sinlau, Garvsehgal98, Twitchdatamining
[2019-09-03 19:31:09] PART: Xblutkirsche
[2019-09-03 19:31:22] <+infolinkdx> aayyyyy
[2019-09-03 19:31:43] VIEWERS: 141
[2019-09-03 19:32:06] <nimhnation> !roulette 100
[2019-09-03 19:32:08] <@^StreamElements>* nimhnation won 100 Coins in roulette and now has 1269 Coins! HSWP
[2019-09-03 19:32:09] JOIN: Marse11e
[2019-09-03 19:32:09] PART: Garvsehgal98, Sinlau, Cloud3nhhyu, Audrius027
[2019-09-03 19:32:43] VIEWERS: 142
[2019-09-03 19:33:10] JOIN: Vapeking18, Sinlau, Garvsehgal98
[2019-09-03 19:33:10] PART: Dukebax, Neisep
[2019-09-03 19:33:44] VIEWERS: 149
[2019-09-03 19:33:50] <AngelSammy> !roulette 200
[2019-09-03 19:33:50] <@^StreamElements>* AngelSammy lost 200 Coins in roulette and now has 660 Coins! WutFace
[2019-09-03 19:34:10] JOIN: Aufthcdurchbrd, Verwaltungsassi, AngelSammy, Dziubski_
[2019-09-03 19:34:10] PART: Rocketpsyence420, Mulrichfendt
[2019-09-03 19:34:43] <%+Nimhnoid> !roulette 250
[2019-09-03 19:34:43] <@^StreamElements>* Nimhnoid lost 250 Coins in roulette and now has 5836 Coins! WutFace
[2019-09-03 19:35:11] JOIN: Rocketpsyence420, Relyk7
[2019-09-03 19:35:11] PART: Dziubski_
[2019-09-03 19:35:44] VIEWERS: 146
[2019-09-03 19:36:04] VIEWERS: 146
[2019-09-03 19:36:20] JOIN: S1faka, Christhunder, Lelecrodia
[2019-09-03 19:36:20] PART: Mazongar, Calthness, Robycsek76
[2019-09-03 19:37:25] <+TioJin> !roulette 350
[2019-09-03 19:37:25] <@^StreamElements>* TioJin won 350 Coins in roulette and now has 5252 Coins! HSWP
[2019-09-03 19:37:44] Viewerstats (19:09-19:37): avg:140 min:131 max:149 [15/146-10+4-3+1-6-1+12+2-6+5-3+8-3-3]
[2019-09-03 19:37:44] VIEWERS: 143
[2019-09-03 19:37:51] <whiteprincess22> !points
[2019-09-03 19:37:51] <@^StreamElements> @whiteprincess22, whiteprincess22 has 2140 Coins and is rank 8327/156222 on the leaderboard.
[2019-09-03 19:38:13] <+TioJin> !slot
[2019-09-03 19:38:13] <@^StreamElements> @TioJin you got DoritosChip | PJSugar | BibleThump and lost your 100 Coins LUL
[2019-09-03 19:38:25] JOIN: Chananand26
[2019-09-03 19:38:40] <citizen186> !roulette all
[2019-09-03 19:38:41] <@^StreamElements>* citizen186 went all in and lost every single one of their 50 Coins LUL
[2019-09-03 19:38:42] <TazMania2003> !roulette 58%
[2019-09-03 19:39:24] VIEWERS: 149
[2019-09-03 19:39:44] VIEWERS: 153
[2019-09-03 19:39:52] <+hikarilp> !points
[2019-09-03 19:39:53] <@^StreamElements> @hikarilp, hikarilp has 1090 Coins and is rank 16836/156222 on the leaderboard.
[2019-09-03 19:40:04] <+hikarilp> !roulette 1000
[2019-09-03 19:40:04] <@^StreamElements>* hikarilp lost 1000 Coins in roulette and now has 90 Coins! WutFace
[2019-09-03 19:40:19] <+TioJin> !give @hikarilp 10
[2019-09-03 19:40:19] <TazMania2003> !roulette all
[2019-09-03 19:40:19] <@^StreamElements> TioJin gave 10 Coins to hikarilp PogChamp
[2019-09-03 19:40:25] JOIN: Johnnybaerbel, Cloud3nhhyu, Canadiancyrus, Blippie, Grizzlynels, Lexdrift1
[2019-09-03 19:40:25] PART: Sinlau, Christhunder, Bread_roll_z, Lelecrodia, Marse11e, Dunasbh
[2019-09-03 19:41:16] <+TioJin> !roulette 999
[2019-09-03 19:41:29] JOIN: Dunasbh, Imfrommars, Freddyybot, Allacalo
[2019-09-03 19:41:44] VIEWERS: 151
[2019-09-03 19:42:28] JOIN: Robidu112, Cervo112_online, Iznano4nik, Phlip81
[2019-09-03 19:42:28] PART: Corsar_rus, Scott184076969, Xghostkillerx, 0_doriii_0, Shininghill
[2019-09-03 19:42:44] VIEWERS: 152
[2019-09-03 19:43:15] <%+Nimhnoid> !roulette 500
[2019-09-03 19:43:15] <@^StreamElements>* Nimhnoid won 500 Coins in roulette and now has 6336 Coins! HSWP
[2019-09-03 19:43:44] VIEWERS: 160
[2019-09-03 19:44:32] JOIN: Randomtangents_, Xghostkillerx, Black_trix, Shininghill, Corsar_rus, 0_doriii_0, Scott184076969
[2019-09-03 19:44:32] PART: Rocketpsyence420, Robidu112, Allacalo
[2019-09-03 19:44:46] <+TioJin> !roulette 100
[2019-09-03 19:44:47] <@^StreamElements>* TioJin lost 100 Coins in roulette and now has 5052 Coins! WutFace
[2019-09-03 19:45:32] JOIN: Therealkruemel, Wintex_moto
[2019-09-03 19:45:32] PART: Randomtangents_, Sephi_44, Cervo112_online
[2019-09-03 19:45:44] VIEWERS: 153
[2019-09-03 19:46:04] VIEWERS: 153
[2019-09-03 19:46:32] JOIN: Dannceitt1990
[2019-09-03 19:46:32] PART: Therealkruemel
[2019-09-03 19:46:52] <TazMania2003> !roulette 99%
[2019-09-03 19:46:52] <@^StreamElements>* TazMania2003 won 923 Coins in roulette and now has 1856 Coins! HSWP
[2019-09-03 19:47:30] <%+Nimhnoid> GG
[2019-09-03 19:47:32] <%+Nimhnoid> well played
[2019-09-03 19:47:39] JOIN: Spaenny, Matheus_alcantara, Rocketpsyence420
[2019-09-03 19:47:39] PART: Canadiancyrus, Iznano4nik, Dannceitt1990, Plati1970
[2019-09-03 19:47:44] VIEWERS: 153
[2019-09-03 19:48:20] <TazMania2003> BloodTrail
[2019-09-03 19:48:30] <TazMania2003> !give @Nimhnoid 55%
[2019-09-03 19:48:30] <@^StreamElements> TazMania2003 gave 1020 Coins to nimhnoid PogChamp
[2019-09-03 19:48:42] <%+Nimhnoid> santa taz thank you
[2019-09-03 19:48:45] JOIN: Marcuslol, Sbhrazen, Pineapplecules, Dmanyaz
[2019-09-03 19:48:45] PART: Amazeful, Perrapil, Vapeking18, Wai69, Matheus_alcantara
[2019-09-03 19:49:24] <TazMania2003> Anytime HolidaySanta
[2019-09-03 19:49:24] VIEWERS: 155
[2019-09-03 19:49:44] VIEWERS: 148
[2019-09-03 19:49:51] <+TioJin> jseus
[2019-09-03 19:49:53] JOIN: Amazeful, Dilatoryhero, Perrapil, Pocrevocrednu, Wai69
[2019-09-03 19:49:53] PART: Cheesehovel, Wintex_moto, Kimara_frances
[2019-09-03 19:50:11] <+TioJin> these people have shit in their heads
[2019-09-03 19:50:51] JOIN: Tydaleplaysgames, Krympan, Plati1970, Marcodanti99
[2019-09-03 19:50:51] PART: Pineapplecules
[2019-09-03 19:51:36] <%Blippie> !slot
[2019-09-03 19:51:37] <@^StreamElements> @Blippie you got BibleThump | PJSugar | PJSugar and lost your 100 Coins LUL
[2019-09-03 19:51:44] VIEWERS: 158
[2019-09-03 19:52:30] <+TioJin> !slot
[2019-09-03 19:52:30] <@^StreamElements> @TioJin you got BibleThump | PJSugar | BibleThump and lost your 100 Coins LUL
[2019-09-03 19:52:44] VIEWERS: 162
[2019-09-03 19:52:59] JOIN: Lvlajlb4ik, Thirstyman, Aiekike
[2019-09-03 19:52:59] PART: Sbhrazen, Imfrommars, Krympan, Freddyybot, Black_trix, Dilatoryhero, Phasskione
[2019-09-03 19:53:10] <TazMania2003> !slot
[2019-09-03 19:53:11] <@^StreamElements> @TazMania2003 you got PJSugar | PJSalt | PJSugar and lost your 100 Coins LUL
[2019-09-03 19:53:27] <+TioJin> !give @TazMania2003 100
[2019-09-03 19:53:27] <@^StreamElements> TioJin gave 100 Coins to tazmania2003 PogChamp
[2019-09-03 19:53:44] VIEWERS: 162
[2019-09-03 19:53:44] <%+Nimhnoid> !slot
[2019-09-03 19:53:45] <@^StreamElements> @Nimhnoid you got PJSugar | DoritosChip | BibleThump and lost your 100 Coins LUL
[2019-09-03 19:53:51] <TazMania2003> !give @TioJin 200 :D <3
[2019-09-03 19:53:51] <@^StreamElements> TazMania2003 gave 200 Coins to tiojin PogChamp
[2019-09-03 19:54:02] <+TioJin> PogChamp
[2019-09-03 19:54:04] <%+Nimhnoid> santa taz strikes again
[2019-09-03 19:54:08] <+TioJin> <3
[2019-09-03 19:54:40] <TazMania2003> BloodTrail HolidaySanta
[2019-09-03 19:55:10] JOIN: User1306, Samilaboz
[2019-09-03 19:55:10] PART: Cloud3nhhyu, Marcuslol, Twitchprimereminder, S1faka, Broli007, Tydaleplaysgames, Aiekike, Rocketpsyence420, Gorty_
[2019-09-03 19:55:44] VIEWERS: 160
[2019-09-03 19:55:54] <%+Nimhnoid> there once was a man from Nantucket
[2019-09-03 19:56:04] VIEWERS: 160
[2019-09-03 19:56:08] JOIN: Rocketpsyence420
[2019-09-03 19:56:08] PART: Plati1970, Hostmeraffle
[2019-09-03 19:57:07] <%+Nimhnoid> when he saw a chicken he would.....
[2019-09-03 19:57:15] <%+Nimhnoid> pluck it
[2019-09-03 19:57:16] JOIN: Goatlover3000, Twitchprimereminder
[2019-09-03 19:57:45] VIEWERS: 153
[2019-09-03 19:57:51] <+xGhOsTkiLLeRx> !slots 101
[2019-09-03 19:57:52] <@^StreamElements> @xGhOsTkiLLeRx you got BibleThump | PJSalt | PJSugar and lost your 101 Coins LUL
[2019-09-03 19:58:14] JOIN: Hostmeraffle, Battojutzu
[2019-09-03 19:58:14] PART: Grimscribev, Spaenny
[2019-09-03 19:58:22] <+TioJin> !slot
[2019-09-03 19:58:22] <@^StreamElements> @TioJin you got PogChamp | PJSalt | DoritosChip and lost your 100 Coins LUL
[2019-09-03 19:58:35] <+xGhOsTkiLLeRx> !points
[2019-09-03 19:58:35] <@^StreamElements> @xGhOsTkiLLeRx, xGhOsTkiLLeRx has 6075 Coins and is rank 2606/156224 on the leaderboard.
[2019-09-03 19:59:23] JOIN: Georginator805, Zerotoan, Ixztxi_skitzo
[2019-09-03 19:59:23] PART: Marcodanti99, Battojutzu
[2019-09-03 19:59:25] VIEWERS: 158
[2019-09-03 19:59:44] VIEWERS: 158
[2019-09-03 20:00:10] <^Stay_Hydrated_Bot>* @failarmy stayhyBottle You've been live for just over 12 hours. By this point in your broadcast you should have consumed at least 48oz (1.44L) of water to maintain optimum hydration.
[2019-09-03 20:00:29] <%+Nimhnoid> !points ilynx73
[2019-09-03 20:00:30] <@^StreamElements> @Nimhnoid, ilynx73 has 18120 Coins and is rank 784/156224 on the leaderboard.
[2019-09-03 20:00:31] JOIN: Vrony, Fjs1994, Czski
[2019-09-03 20:00:31] PART: Solring, Nimhnoid, Br00n89, Alterien, Garvsehgal98, Pocrevocrednu, Jadloskaila, Biolitschi, Thehunter0102, Tenshimoyama
[2019-09-03 20:00:31] PART: Mrkiltcha
[2019-09-03 20:01:35] JOIN: Solring, Garvsehgal98, Nimhnoid, Alterien, Biolitschi, Tenshimoyama, Jadloskaila, Mrkiltcha, Plati1970, Pocrevocrednu
[2019-09-03 20:01:35] JOIN: Br00n89
[2019-09-03 20:01:35] PART: Fjs1994, Zyperis
[2019-09-03 20:01:45] VIEWERS: 156
[2019-09-03 20:02:24] <TazMania2003> Did lynx just leave his PC up when he went on Holiday? LUL
[2019-09-03 20:02:37] JOIN: Tini_und_jens, Dziubski_, Zyperis
[2019-09-03 20:02:37] PART: Goatlover3000
[2019-09-03 20:02:45] VIEWERS: 174
[2019-09-03 20:02:47] <%+Nimhnoid> he did
[2019-09-03 20:02:52] <%+Nimhnoid> those are all afk points
[2019-09-03 20:03:21] <TazMania2003> Ayy, smart move SeemsGood
[2019-09-03 20:03:27] <loft> !points
[2019-09-03 20:03:27] <@^StreamElements> @loft, loft has 9273 Coins and is rank 1617/156224 on the leaderboard.
[2019-09-03 20:03:37] <loft> !roulette 10%
[2019-09-03 20:03:38] <@^StreamElements>* loft won 927 Coins in roulette and now has 10200 Coins! HSWP
[2019-09-03 20:03:45] VIEWERS: 169
[2019-09-03 20:03:47] JOIN: Pirate1012, Lordmcseven, Neondertalec16rus, Miitcherino, Jnkchris, Meko2z
[2019-09-03 20:03:47] PART: citizen186, Omegastardragon, Biolitschi, Pocrevocrednu, Demsiehuldigen, Lexdrift1, Rocketpsyence420, Vrony, Tini_und_jens
[2019-09-03 20:04:54] <@^StreamElements> Roulette, dueling, points, what does it all mean?! Find out what you can cash those points in for here (applicable to our hosted content Tu/Fri): https://streamelements.com/failarmy/store
[2019-09-03 20:04:54] JOIN: Rocketpsyence420, Donquichottie
[2019-09-03 20:04:54] PART: Lvlajlb4ik, Pirate1012
[2019-09-03 20:05:45] VIEWERS: 161
[2019-09-03 20:06:03] JOIN: Lvlajlb4ik, Happytimepanda, Spaenny, Naiade36, Nuramis, The_real_zorvan, Runnyegggs
[2019-09-03 20:06:03] PART: Ixztxi_skitzo
[2019-09-03 20:06:05] VIEWERS: 161
[2019-09-03 20:06:21] <nimhnation> !roulette 100
[2019-09-03 20:06:21] <@^StreamElements>* nimhnation lost 100 Coins in roulette and now has 1209 Coins! WutFace
[2019-09-03 20:07:05] JOIN: S1faka
[2019-09-03 20:07:05] PART: Tefarrus, Runnyegggs, Lvlajlb4ik, Giggle_bot13, Timeok, Plungerjim, Plati1970, Grizzlynels, Cdranobm, Virgoproz
[2019-09-03 20:07:05] PART: Naiade36
[2019-09-03 20:07:45] Viewerstats (19:39-20:07): avg:157 min:148 max:169 [15/153-2+9-7+0-5+10+4-2-7+5-2+13-8+7]
[2019-09-03 20:07:45] VIEWERS: 168
[2019-09-03 20:08:06] JOIN: Grizzlynels, Plati1970, Giggle_bot13, Timeok, Tefarrus, Plungerjim, Cdranobm
[2019-09-03 20:08:07] PART: Thirstyman, The_real_zorvan, Miitcherino, Tenshimoyama, Spaenny
[2019-09-03 20:09:07] JOIN: Saftsack_666, Virgoproz, Inobia
[2019-09-03 20:09:07] PART: Lordmcseven, Czski, Happytimepanda, Dziubski_
[2019-09-03 20:09:19] <+TioJin> !roulette 200
[2019-09-03 20:09:19] <@^StreamElements>* TioJin lost 200 Coins in roulette and now has 4772 Coins! WutFace
[2019-09-03 20:09:25] VIEWERS: 169
[2019-09-03 20:09:45] VIEWERS: 172
[2019-09-03 20:09:45] <TazMania2003> !roulette 10%
[2019-09-03 20:10:13] JOIN: Magetaorn
[2019-09-03 20:10:13] PART: User1306, Neondertalec16rus, Zyperis, Saftsack_666, Jnkchris, Jadloskaila, Project8oh1, Shizzler73, Georginator805
[2019-09-03 20:11:22] JOIN: Pretty_bad, Weirdbard, Simf, Toastytacoria, Bolt_chipotle
[2019-09-03 20:11:22] PART: Vinnarn, Majaai, BaDFiSh4650, Stull3nandy, Zanata666, Renatusalex
[2019-09-03 20:11:45] VIEWERS: 161
[2019-09-03 20:11:48] <%+Nimhnoid> !roulette 250
[2019-09-03 20:11:48] <@^StreamElements>* Nimhnoid won 250 Coins in roulette and now has 7566 Coins! HSWP
[2019-09-03 20:12:20] <%Blippie> !slot
[2019-09-03 20:12:20] JOIN: Renatusalex, Stull3nandy, Zanata666, Chimpee2002, Vinnarn
[2019-09-03 20:12:20] PART: Chananand26, Nuramis, Simf
[2019-09-03 20:12:20] <@^StreamElements> @Blippie you got PJSugar | PJSalt | PJSugar and lost your 100 Coins LUL
[2019-09-03 20:12:45] VIEWERS: 157
[2019-09-03 20:13:21] JOIN: Magnustomra, Adrinfer
[2019-09-03 20:13:21] PART: Weirdbard, Bolt_chipotle, Plati1970, Magetaorn
[2019-09-03 20:13:45] VIEWERS: 159
[2019-09-03 20:14:18] JOIN: Vvheavy
[2019-09-03 20:15:18] PART: Romuslapisimus, Chimpee2002
[2019-09-03 20:15:45] VIEWERS: 159
[2019-09-03 20:16:05] VIEWERS: 161
[2019-09-03 20:16:23] JOIN: citizen186
[2019-09-03 20:17:28] JOIN: King_bussanut
[2019-09-03 20:17:28] PART: Mrkiltcha
[2019-09-03 20:17:45] VIEWERS: 161
[2019-09-03 20:18:20] <nimhnation> !roulette 250
[2019-09-03 20:18:20] <@^StreamElements>* nimhnation won 250 Coins in roulette and now has 1469 Coins! HSWP
[2019-09-03 20:19:25] VIEWERS: 164
[2019-09-03 20:19:32] JOIN: Xblutkirsche, Madriethiel, Marcoh987
[2019-09-03 20:19:32] PART: Neddyteddy38, Magnustomra, Donquichottie
[2019-09-03 20:19:45] VIEWERS: 164
[2019-09-03 20:20:39] JOIN: Battojutzu, Condor6666, Feroxcustos
[2019-09-03 20:20:39] PART: Madriethiel, Toastytacoria
[2019-09-03 20:21:44] JOIN: Tenshimoyama, Jnkchris, Verticon3, Diablos84
[2019-09-03 20:21:44] PART: Verwaltungsassi, Logviewer
[2019-09-03 20:21:44] UNMOD: Logviewer
[2019-09-03 20:21:45] VIEWERS: 169
[2019-09-03 20:22:45] VIEWERS: 172
[2019-09-03 20:23:45] VIEWERS: 173
[2019-09-03 20:23:45] JOIN: Imfrommars
[2019-09-03 20:23:45] PART: Jnkchris
[2019-09-03 20:24:02] <TazMania2003> !roulette 45%
[2019-09-03 20:24:02] <@^StreamElements>* TazMania2003 lost 299 Coins in roulette and now has 367 Coins! WutFace
[2019-09-03 20:24:39] <TazMania2003>* OUT
[2019-09-03 20:24:42] JOIN: Botlosaurus, Itchylp17
[2019-09-03 20:24:42] PART: Verticon3, Rocketpsyence420
[2019-09-03 20:24:47] <%Blippie> wait
[2019-09-03 20:24:53] <%+Nimhnoid> you leaving taz?
[2019-09-03 20:25:10] <%Blippie> !give @TazMania2003 2000¨
[2019-09-03 20:25:10] <@^StreamElements> @Blippie, usage: !givepoints username 123
[2019-09-03 20:25:32] <%Blippie> !give @TazMania2003 2000
[2019-09-03 20:25:32] <@^StreamElements> Blippie gave 2000 Coins to tazmania2003 PogChamp
[2019-09-03 20:25:40] <%Blippie> there <3
[2019-09-03 20:25:45] VIEWERS: 174
[2019-09-03 20:26:05] VIEWERS: 174
[2019-09-03 20:26:22] <%Blippie> !slot 200
[2019-09-03 20:26:23] <@^StreamElements> @Blippie you got PJSalt | DoritosChip | PogChamp and lost your 200 Coins LUL
[2019-09-03 20:26:45] JOIN: Rocketpsyence420, Phasskione, Alinblob
[2019-09-03 20:26:45] PART: Imfrommars, Intensify_tv, Xblutkirsche, Adrinfer, Tenshimoyama, TazMania2003, Vvheavy
[2019-09-03 20:27:29] <%Blippie> !roulette 420
[2019-09-03 20:27:29] <@^StreamElements>* Blippie won 420 Coins in roulette and now has 6177 Coins! HSWP
[2019-09-03 20:27:45] VIEWERS: 166
[2019-09-03 20:28:51] JOIN: Tenshimoyama
[2019-09-03 20:29:25] VIEWERS: 133
[2019-09-03 20:29:45] VIEWERS: 133
[2019-09-03 20:29:52] JOIN: Lordmcseven
[2019-09-03 20:29:52] PART: Alinblob, Feroxcustos
[2019-09-03 20:30:21] <%+Nimhnoid> !roulette 100
[2019-09-03 20:30:21] <@^StreamElements>* Nimhnoid lost 100 Coins in roulette and now has 7506 Coins! WutFace
[2019-09-03 20:30:59] JOIN: Mcnaanaa, Allacalo
[2019-09-03 20:30:59] PART: Siixsten, Samilaboz, S1faka
[2019-09-03 20:31:00] <+xGhOsTkiLLeRx> !roulette 75
[2019-09-03 20:31:00] <@^StreamElements>* xGhOsTkiLLeRx won 75 Coins in roulette and now has 6180 Coins! HSWP
[2019-09-03 20:31:46] VIEWERS: 135
[2019-09-03 20:31:57] JOIN: Siixsten, S1faka, Jnkchris, Intensify_tv
[2019-09-03 20:31:57] PART: V_and_k
[2019-09-03 20:32:12] <+xGhOsTkiLLeRx> !roulette 50
[2019-09-03 20:32:44] <%+Nimhnoid> There is a 5min cool down after your last roulette
[2019-09-03 20:32:46] VIEWERS: 136
[2019-09-03 20:32:59] JOIN: Sirgrifis, Boonkopf, Dxgow
[2019-09-03 20:32:59] PART: Marcoh987, Mcnaanaa, Feuerwehr, Rocketpsyence420, Oascyrix404
[2019-09-03 20:33:46] VIEWERS: 140
[2019-09-03 20:33:56] JOIN: Feuerwehr, Supremario, Oascyrix404, Rocketpsyence420, Napsident
[2019-09-03 20:33:56] PART: Sirgrifis, Allacalo, Bustopher, Q20air
[2019-09-03 20:35:01] PART: S1faka
[2019-09-03 20:35:36] <%Blippie> !slot
[2019-09-03 20:35:36] <@^StreamElements> @Blippie you got DoritosChip | BibleThump | BibleThump and lost your 100 Coins LUL
[2019-09-03 20:35:46] VIEWERS: 137
[2019-09-03 20:35:49] <+xGhOsTkiLLeRx> 5min? i thought it was shorter
[2019-09-03 20:35:54] <+xGhOsTkiLLeRx> !roulette 53
[2019-09-03 20:36:06] VIEWERS: 139
[2019-09-03 20:36:27] <MissBellaQ> !points
[2019-09-03 20:36:27] <@^StreamElements> @MissBellaQ, MissBellaQ has 11530 Coins and is rank 1255/156228 on the leaderboard.
[2019-09-03 20:37:17] PART: Napsident
[2019-09-03 20:37:46] Viewerstats (20:09-20:37): avg:156 min:133 max:174 [15/172-11-2+0+2+3+5+4+1-8-33+2+5-3+0]
[2019-09-03 20:37:46] VIEWERS: 137
[2019-09-03 20:38:26] JOIN: Teljukin
[2019-09-03 20:38:26] PART: Networkpro, Supremario
[2019-09-03 20:39:26] VIEWERS: 137
[2019-09-03 20:39:27] JOIN: Jabberdoose
[2019-09-03 20:39:27] PART: Jnkchris
[2019-09-03 20:39:46] VIEWERS: 137
[2019-09-03 20:40:33] JOIN: Xxquiet, V_and_k
[2019-09-03 20:40:33] PART: Jabberdoose, Lordmcseven, King_bussanut
[2019-09-03 20:40:57] <intensify_tv> enough with these ugly naked men
[2019-09-03 20:41:03] <intensify_tv> we want gurlz!!!!!!!!!!!!!!!
[2019-09-03 20:41:23] <intensify_tv> right guys?
[2019-09-03 20:41:42] JOIN: Kunfyoozhen
[2019-09-03 20:41:42] PART: Phlip81, Amazeful
[2019-09-03 20:41:46] VIEWERS: 131
[2019-09-03 20:42:46] VIEWERS: 132
[2019-09-03 20:42:50] JOIN: Trydster, Wtfriis, Meetniceone
[2019-09-03 20:43:01] <%Blippie> Knock, Knock...
[2019-09-03 20:43:12] <intensify_tv> who's there?
[2019-09-03 20:43:21] <%Blippie> Little old lady
[2019-09-03 20:43:24] <intensify_tv> inb4: "your mum"
[2019-09-03 20:43:29] <intensify_tv> ah...
[2019-09-03 20:43:44] <intensify_tv> you got me @Blippie
[2019-09-03 20:43:46] VIEWERS: 136
[2019-09-03 20:43:47] <%Blippie> Hey! I didnt know you could Jodle ;P
[2019-09-03 20:44:08] <%Blippie> "little old lady who" :P
[2019-09-03 20:44:16] <intensify_tv> jo-la-la-la-i-huuuuuuu
[2019-09-03 20:44:27] <%Blippie> jallalai
[2019-09-03 20:44:34] <intensify_tv> who? who? am I an owl?
[2019-09-03 20:44:53] JOIN: Tomthepom696, Oppugnant, Wiskers5, Huglife69
[2019-09-03 20:44:53] PART: Rocketpsyence420, TioJin, Kunfyoozhen
[2019-09-03 20:45:18] <%Blippie> !roulette 420
[2019-09-03 20:45:18] <@^StreamElements>* Blippie won 420 Coins in roulette and now has 6537 Coins! HSWP
[2019-09-03 20:45:46] VIEWERS: 141
[2019-09-03 20:46:06] VIEWERS: 140
[2019-09-03 20:46:15] <intensify_tv> kek. I like this Planeshift. 20 years and still in Alpha
[2019-09-03 20:46:43] <intensify_tv> this reminds me when I was a dev of this game
[2019-09-03 20:46:58] JOIN: Rocketpsyence420, Kunfyoozhen, Thereal_mrj, Gamorex366, S1faka, Bruzzzler
[2019-09-03 20:46:58] PART: Huglife69, Oppugnant, Wod1nn, infolinkdx, Wiskers5
[2019-09-03 20:47:46] VIEWERS: 138
[2019-09-03 20:49:03] JOIN: Y0jx
[2019-09-03 20:49:03] PART: Meetniceone, Bruzzzler, Tomthepom696
[2019-09-03 20:49:26] VIEWERS: 135
[2019-09-03 20:49:46] VIEWERS: 135
[2019-09-03 20:50:44] <%Blippie> what do you get if you crossbreed a Satanist with a Jehovas Witness?
[2019-09-03 20:50:59] JOIN: Linnovokain, Mortezahots
[2019-09-03 20:50:59] PART: Thereal_mrj
[2019-09-03 20:51:46] VIEWERS: 132
[2019-09-03 20:51:56] JOIN: Jnkchris, Myp4ukrock
[2019-09-03 20:51:56] PART: Kunfyoozhen, Battojutzu
[2019-09-03 20:52:08] <%Blippie> sorry mods, was just telling a joke
[2019-09-03 20:52:35] <intensify_tv> the antichrist?
[2019-09-03 20:52:46] VIEWERS: 131
[2019-09-03 20:52:54] JOIN: Changs_ddr, Battojutzu
[2019-09-03 20:53:46] VIEWERS: 133
[2019-09-03 20:54:11] <%Blippie> if my last msg was not sent; heres the jist; Someone that knocks on your door and tells you to go to heck ^^
[2019-09-03 20:55:08] PART: Condor6666, Lurxx, Y0jx, Changs_ddr
[2019-09-03 20:55:24] <Necroguptor> LUL
[2019-09-03 20:55:46] VIEWERS: 129
[2019-09-03 20:56:05] JOIN: Henkieisoveral
[2019-09-03 20:56:05] PART: nimhnation, Botlosaurus, Renatusalex, Inobia
[2019-09-03 20:56:06] VIEWERS: 129
[2019-09-03 20:57:15] JOIN: Amazeful, Necroguptor, Helioros
[2019-09-03 20:57:46] VIEWERS: 128
[2019-09-03 20:58:15] JOIN: Gus84
[2019-09-03 20:58:15] PART: Jaret
[2019-09-03 20:59:21] JOIN: Jaret, Copycakes
[2019-09-03 20:59:21] PART: Myp4ukrock, Necroguptor
[2019-09-03 20:59:26] VIEWERS: 131
[2019-09-03 20:59:46] VIEWERS: 131
[2019-09-03 21:00:08] <^Stay_Hydrated_Bot>* @failarmy stayhyBottle You've been live for just over 13 hours. By this point in your broadcast you should have consumed at least 52oz (1.56L) of water to maintain optimum hydration.
[2019-09-03 21:00:20] PART: Mortezahots
[2019-09-03 21:00:37] <%Blippie> !slot 200
[2019-09-03 21:00:38] <@^StreamElements> @Blippie you got PJSalt | PJSalt | DoritosChip and lost your 200 Coins LUL
[2019-09-03 21:01:25] JOIN: Inobia
[2019-09-03 21:01:46] VIEWERS: 132
[2019-09-03 21:02:24] JOIN: Zaxx67, Huncho_sike
[2019-09-03 21:02:46] VIEWERS: 132
[2019-09-03 21:03:31] JOIN: Eblarus_, V60lock
[2019-09-03 21:03:32] PART: Rocketpsyence420, Poppa209, Huncho_sike, Spookysica, Gus84, Onehotginga, Copycakes
[2019-09-03 21:03:46] VIEWERS: 130
[2019-09-03 21:04:03] <%Blippie> !roulette 330
[2019-09-03 21:04:04] <@^StreamElements>* Blippie lost 330 Coins in roulette and now has 6027 Coins! WutFace
[2019-09-03 21:04:28] JOIN: Poppa209, Spookysica, Onehotginga, Rocketpsyence420, Fredg
[2019-09-03 21:05:33] JOIN: Jadloskaila
[2019-09-03 21:05:33] PART: Twitchprimereminder, Eblarus_, Ixnevix
[2019-09-03 21:05:46] VIEWERS: 131
[2019-09-03 21:06:06] VIEWERS: 130
[2019-09-03 21:06:34] JOIN: Ixnevix, Gipdog, Truenecro, Twitchprimereminder
[2019-09-03 21:06:34] PART: Giggle_bot13
[2019-09-03 21:07:42] JOIN: Muhmed2, Ericthered567
[2019-09-03 21:07:46] Viewerstats (20:39-21:07): avg:133 min:128 max:141 [15/137-6+5+5-3-3-3+1-4-1+3+1-2+1+3]
[2019-09-03 21:07:46] VIEWERS: 134
[2019-09-03 21:08:43] PART: Ericthered567
[2019-09-03 21:09:26] VIEWERS: 133
[2019-09-03 21:09:43] JOIN: Nick82me, Bredahl_cs
[2019-09-03 21:09:43] PART: Rocketpsyence420
[2019-09-03 21:09:46] VIEWERS: 133
[2019-09-03 21:11:41] JOIN: Lunchbox1978, Renny_s
[2019-09-03 21:11:41] PART: Fredg, Xxquiet, V60lock, Icetoast_on_twitch, Trydster, Teljukin
[2019-09-03 21:11:46] VIEWERS: 135
[2019-09-03 21:12:46] VIEWERS: 127
[2019-09-03 21:12:48] JOIN: Xxquiet, Icetoast_on_twitch
[2019-09-03 21:12:48] PART: Helioros, Allthashenanigans
[2019-09-03 21:13:46] VIEWERS: 127
[2019-09-03 21:13:56] JOIN: Allthashenanigans, Rocketpsyence420, Tankezone
[2019-09-03 21:13:56] PART: Relyk7
[2019-09-03 21:14:54] JOIN: Eninlol, Dissolu1e, Vainestcoast81
[2019-09-03 21:14:54] PART: Jnkchris, Hapabae, Ladybaws, Puiistrings
[2019-09-03 21:15:46] VIEWERS: 129
[2019-09-03 21:15:59] JOIN: Ladybaws, Hapabae, Firerage123, Puiistrings, Meuchel_
[2019-09-03 21:15:59] PART: Eninlol, Henkieisoveral, Zaxx67, Bredahl_cs
[2019-09-03 21:16:06] VIEWERS: 130
[2019-09-03 21:16:56] PART: Zerotoan, Rocketpsyence420, Dissolu1e
[2019-09-03 21:17:46] VIEWERS: 127
[2019-09-03 21:19:26] VIEWERS: 131
[2019-09-03 21:19:46] VIEWERS: 131
[2019-09-03 21:21:01] <Jadloskaila> !points
[2019-09-03 21:21:01] <@^StreamElements> @Jadloskaila, Jadloskaila has 110 Coins and is rank 93707/156229 on the leaderboard.
[2019-09-03 21:21:01] JOIN: Helioros, Just_a_pixall_uk, B0b1n, Rocketpsyence420, Phlip81
[2019-09-03 21:21:01] PART: Tankezone, Wtfriis, Virgoproz, Nick82me
[2019-09-03 21:21:06] <Jadloskaila> !roulette all
[2019-09-03 21:21:07] <@^StreamElements>* Jadloskaila went all in and lost every single one of their 110 Coins LUL
[2019-09-03 21:21:47] VIEWERS: 134
[2019-09-03 21:22:00] JOIN: Slipandslideslim, Indianstanker
[2019-09-03 21:22:00] PART: B0b1n, Pesiru
[2019-09-03 21:22:47] VIEWERS: 134
[2019-09-03 21:23:05] JOIN: Ericthered567, Pesiru, Funplayer974
[2019-09-03 21:23:05] PART: V_and_k, Gamearnt, Indianstanker
[2019-09-03 21:23:47] VIEWERS: 136
[2019-09-03 21:24:12] JOIN: Gamearnt, Hlf14
[2019-09-03 21:24:12] PART: Funplayer974, Lunchbox1978, Makilar, Dunasbh
[2019-09-03 21:25:15] JOIN: Deaconn_
[2019-09-03 21:25:15] PART: Battojutzu, Rocketpsyence420, Phlip81, Ericthered567
[2019-09-03 21:25:47] VIEWERS: 131
[2019-09-03 21:26:07] VIEWERS: 131
[2019-09-03 21:26:20] JOIN: Roofpainter, Dunasbh, Wolfkillerm, Rocketpsyence420, Over9000trucks
[2019-09-03 21:26:20] PART: Muhmed2, Hlf14
[2019-09-03 21:27:47] VIEWERS: 127
[2019-09-03 21:28:08] <크라켄ㅤ (meko2z)> !roulette all
[2019-09-03 21:28:09] <@^StreamElements>* 크라켄ㅤ went all in and lost every single one of their 90 Coins LUL
[2019-09-03 21:28:19] JOIN: Korkronth
[2019-09-03 21:28:19] PART: Wolfkillerm, Vainestcoast81
[2019-09-03 21:29:26] JOIN: Virgoproz, Zeruel87, V_and_k
[2019-09-03 21:29:27] VIEWERS: 125
[2019-09-03 21:29:47] VIEWERS: 125
[2019-09-03 21:30:33] JOIN: Freddyybot, Jnkchris, Zzzzing
[2019-09-03 21:30:33] PART: MissBellaQ, Cdranobm, Tefarrus, Jaret, Grizzlynels, Timeok
[2019-09-03 21:31:27] <citizen186> !roulette all
[2019-09-03 21:31:28] <@^StreamElements>* PogChamp citizen186 went all in and won 90 Coins PogChamp they now have 180 Coins HSWP
[2019-09-03 21:31:30] JOIN: Zena543683333, Cdranobm, Timeok, Grizzlynels, Tefarrus
[2019-09-03 21:31:30] PART: Twitchprimereminder
[2019-09-03 21:31:34] <+SurlyDev> !roulette 5%
[2019-09-03 21:31:47] VIEWERS: 124
[2019-09-03 21:31:48] <+SurlyDev> !watchtime
[2019-09-03 21:31:49] <@^StreamElements> SurlyDev has spent 2 months 12 days 23 hours watching failarmy
[2019-09-03 21:31:51] <citizen186> !points @ilynx73
[2019-09-03 21:31:51] <@^StreamElements> @citizen186, ilynx73 has 18300 Coins and is rank 778/156230 on the leaderboard.
[2019-09-03 21:31:59] <+SurlyDev> !points
[2019-09-03 21:32:00] <@^StreamElements> @SurlyDev, SurlyDev has 16080 Coins and is rank 918/156230 on the leaderboard.
[2019-09-03 21:32:19] <+SurlyDev> !watchtime ilynx73
[2019-09-03 21:32:20] <@^StreamElements> ilynx73 has spent 3 months 15 hours watching failarmy
[2019-09-03 21:32:29] JOIN: Bear_hawk
[2019-09-03 21:32:29] PART: Deaconn_, Zena543683333, Inobia, Helioros
[2019-09-03 21:32:41] <citizen186> !give @ilynx73 all
[2019-09-03 21:32:41] <@^StreamElements> citizen186 gave 180 Coins to ilynx73 PogChamp
[2019-09-03 21:32:47] VIEWERS: 123
[2019-09-03 21:32:51] <citizen186> :p
[2019-09-03 21:32:54] <+SurlyDev> lol
[2019-09-03 21:33:34] PART: Dmanyaz, Gipdog, Commanderroot, Bear_hawk, Jeremysnake, Spectatorlo_ol, Freddyybot
[2019-09-03 21:33:47] VIEWERS: 125
[2019-09-03 21:33:49] <citizen186> all in Dev?
[2019-09-03 21:33:55] <doubledot> !roulette all
[2019-09-03 21:33:55] <@^StreamElements>* PogChamp doubledot went all in and won 920 Coins PogChamp they now have 1840 Coins HSWP
[2019-09-03 21:34:35] JOIN: Spectatorlo_ol, Jeremysnake, Dasnoopy, Dmanyaz, Commanderroot
[2019-09-03 21:35:47] VIEWERS: 124
[2019-09-03 21:36:07] VIEWERS: 121
[2019-09-03 21:36:31] JOIN: Rokorumble, Luki4fun_bot_master
[2019-09-03 21:36:31] PART: Zeruel87, Megamodx, Roofpainter
[2019-09-03 21:37:38] JOIN: Battojutzu, Tamtam_83, Mcyoung1111
[2019-09-03 21:37:47] Viewerstats (21:09-21:37): avg:128 min:122 max:136 [15/133+2-8+2-2+4+3+2-5-4-2-1+1-1-2]
[2019-09-03 21:37:47] VIEWERS: 122
[2019-09-03 21:38:42] JOIN: Poxuxol_
[2019-09-03 21:38:42] PART: Mcyoung1111
[2019-09-03 21:39:27] VIEWERS: 126
[2019-09-03 21:39:42] JOIN: Bratheering, Nicemelons123, Extradose2
[2019-09-03 21:39:42] PART: Omcboone, Jadloskaila, Poxuxol_
[2019-09-03 21:39:47] VIEWERS: 128
[2019-09-03 21:39:55] <nicemelons123> HOI+
[2019-09-03 21:41:45] JOIN: Thirstyman, Jadloskaila, Twitchprimereminder, Kasse_zahltag
[2019-09-03 21:41:45] PART: Scott184076969, Rocketpsyence420, Jnkchris, Dasnoopy, Gartsu
[2019-09-03 21:41:47] VIEWERS: 123
[2019-09-03 21:42:47] VIEWERS: 125
[2019-09-03 21:42:51] JOIN: Rocketpsyence420
[2019-09-03 21:42:51] PART: Tsp1der, Linnovokain, Jjclav14
[2019-09-03 21:43:47] VIEWERS: 125
[2019-09-03 21:43:51] JOIN: Linnovokain, Jjclav14, Tsp1der, Gjarrion
[2019-09-03 21:43:51] PART: Slipandslideslim
[2019-09-03 21:44:57] <extradose2> hoi
[2019-09-03 21:45:47] VIEWERS: 127
[2019-09-03 21:45:54] JOIN: Sithninja13, Dannceitt1990, Est_bot_player, Zerotoan, Higzilla
[2019-09-03 21:45:54] PART: Gjarrion, Rocketpsyence420
[2019-09-03 21:46:07] VIEWERS: 127
[2019-09-03 21:46:56] JOIN: Rocketpsyence420, Ajmadgwick
[2019-09-03 21:46:56] PART: Scott3648, 0x4c554b49, Higzilla
[2019-09-03 21:47:47] VIEWERS: 128
[2019-09-03 21:48:00] JOIN: Scott3648, 0x4c554b49
[2019-09-03 21:48:00] PART: nicemelons123, extradose2
[2019-09-03 21:49:02] JOIN: Thehunter0102
[2019-09-03 21:49:02] PART: Zzzzing, Bratheering, Ajmadgwick, Tenshimoyama, xGhOsTkiLLeRx, Kasse_zahltag
[2019-09-03 21:49:27] VIEWERS: 125
[2019-09-03 21:49:47] VIEWERS: 123
[2019-09-03 21:49:58] JOIN: Tenshimoyama, Shizzler73, Borutigin
[2019-09-03 21:49:58] PART: Johnnybaerbel
[2019-09-03 21:50:56] JOIN: Deadastaire, Slipandslideslim
[2019-09-03 21:50:56] PART: Kristians80
[2019-09-03 21:51:47] VIEWERS: 127
[2019-09-03 21:52:47] VIEWERS: 126
[2019-09-03 21:53:47] VIEWERS: 127
[2019-09-03 21:54:06] JOIN: Snudelful, Xtriple_seven7x, Dominusinferos, Johndo_, Jonny_poolside, Jnkchris, Dah1976, Kristians80
[2019-09-03 21:54:06] PART: G_rom_, Borutigin, Boonkopf, Est_bot_player, Rocketpsyence420, Jadloskaila
[2019-09-03 21:55:15] JOIN: Phatz420, Rocketpsyence420, Budman69
[2019-09-03 21:55:15] PART: Pretty_bad, Thirstyman, Slipandslideslim, Jimmyboycbs, Judoboy69, Dah1976
[2019-09-03 21:55:38] <AngelSammy> !points
[2019-09-03 21:55:38] <@^StreamElements> @AngelSammy, AngelSammy has 810 Coins and is rank 22359/156234 on the leaderboard.
[2019-09-03 21:55:47] VIEWERS: 131
[2019-09-03 21:56:07] VIEWERS: 133
[2019-09-03 21:57:19] JOIN: Faintvibe, Pretty_bad, Hanna1, Jimmyboycbs, Judoboy69
[2019-09-03 21:57:19] PART: Jonny_poolside, Battojutzu, Sithninja13, Rocketpsyence420
[2019-09-03 21:57:47] VIEWERS: 127
[2019-09-03 21:58:17] JOIN: Rocketpsyence420
[2019-09-03 21:58:17] PART: Virgoproz, V_and_k
[2019-09-03 21:59:27] VIEWERS: 126
[2019-09-03 21:59:47] VIEWERS: 122
[2019-09-03 22:00:12] <^Stay_Hydrated_Bot>* @failarmy stayhyBottle You've been live for just over 14 hours. By this point in your broadcast you should have consumed at least 56oz (1.68L) of water to maintain optimum hydration.
[2019-09-03 22:00:33] JOIN: Karskil, Sadokan_, Arkam4577, Slipandslideslim, Bennylebelge, Xzitruspresse
[2019-09-03 22:00:33] PART: Bloodymina, citizen186, Faintvibe, Deadastaire
[2019-09-03 22:01:48] VIEWERS: 125
[2019-09-03 22:02:41] PART: Karskil, Phasskione, Hanna1, Diablos84, Gorik7979, Otakusama_
[2019-09-03 22:02:47] VIEWERS: 120
[2019-09-03 22:03:44] JOIN: Frophix
[2019-09-03 22:03:44] PART: Hapabae, Tamtam_83, Slipandslideslim, Bennylebelge, Arkam4577, Twitchdatamining
[2019-09-03 22:03:47] VIEWERS: 121
[2019-09-03 22:04:52] JOIN: Lycien08, Dmark1202, Azulcavallo, Tamtam_83, Slipandslideslim
[2019-09-03 22:04:52] PART: Over9000trucks, Boelol, iamashadowlord, Renny_s
[2019-09-03 22:05:47] VIEWERS: 130
[2019-09-03 22:06:07] VIEWERS: 128
[2019-09-03 22:06:51] JOIN: Littlekazu, Boelol, Karskil, Smotryu_dotu, Oonef, Heusmich, Over9000trucks, Lurxx, Alexbrantas, Ordiiii
[2019-09-03 22:06:51] JOIN: Virgoproz, V_and_k
[2019-09-03 22:06:51] PART: Nzfishkiller, Azulcavallo, Jnkchris, Frophix
[2019-09-03 22:07:23] <ftgri> !points
[2019-09-03 22:07:24] <@^StreamElements> @ftgri, ftgri has 2819 Coins and is rank 6186/156235 on the leaderboard.
[2019-09-03 22:07:39] <ftgri> !roulette 19
[2019-09-03 22:07:40] <@^StreamElements>* ftgri lost 19 Coins in roulette and now has 2800 Coins! WutFace
[2019-09-03 22:07:47] Viewerstats (21:39-22:07): avg:126 min:121 max:131 [15/128-5+2+2+1-5+4+0+4-4-5+3-4+9+0]
[2019-09-03 22:07:47] VIEWERS: 130
[2019-09-03 22:07:54] JOIN: Funplayer974, Soundwave80
[2019-09-03 22:07:54] PART: Ordiiii
[2019-09-03 22:08:57] JOIN: Xisp3, Jopeco94, Dellydel143, ftgri, Chamba
[2019-09-03 22:08:57] PART: Rocketpsyence420
[2019-09-03 22:09:28] VIEWERS: 130
[2019-09-03 22:09:47] VIEWERS: 131
[2019-09-03 22:10:01] JOIN: Rocketpsyence420, Pocrevocrednu
[2019-09-03 22:10:01] PART: Alexbrantas, S1faka, Dmark1202
[2019-09-03 22:10:59] PART: Heusmich, Hostmeraffle
[2019-09-03 22:11:47] VIEWERS: 124
[2019-09-03 22:12:04] PART: Pocrevocrednu, Littlekazu, Dellydel143, Smotryu_dotu
[2019-09-03 22:12:48] VIEWERS: 121
[2019-09-03 22:13:12] JOIN: Kelle001, Lummpi, Pocrevocrednu
[2019-09-03 22:13:12] PART: Karskil, Xzitruspresse
[2019-09-03 22:13:48] VIEWERS: 126
[2019-09-03 22:13:53] <ftgri> !roulette 100
[2019-09-03 22:13:54] <@^StreamElements>* ftgri lost 100 Coins in roulette and now has 2700 Coins! WutFace
[2019-09-03 22:14:03] <ftgri> !slot
[2019-09-03 22:14:04] <@^StreamElements> @ftgri you got BibleThump | PJSugar | PJSalt and lost your 100 Coins LUL
[2019-09-03 22:14:15] <+Dannceitt1990> !roulette 20%
[2019-09-03 22:14:21] JOIN: imMachete, Twitchdatamining, Phasskione
[2019-09-03 22:14:21] PART: Johndo_, Plungerjim, Lummpi
[2019-09-03 22:15:24] JOIN: Plungerjim, Lankina, Diro212
[2019-09-03 22:15:24] PART: Rocketpsyence420, Rokorumble, Xisp3, Nimhnoid
[2019-09-03 22:15:48] VIEWERS: 120
[2019-09-03 22:16:08] VIEWERS: 119
[2019-09-03 22:16:20] JOIN: Nindzor, S1faka, Multivitaminauto, Battojutzu, Rocketpsyence420, Mndz_
[2019-09-03 22:16:20] PART: Chamba, Judoboy69, Kelle001, Dannceitt1990, Soundwave80, Korkronth, Gamorex366, Lankina, Thehunter0102, Diro212
[2019-09-03 22:16:20] PART: Steelworker1155
[2019-09-03 22:17:48] VIEWERS: 121
[2019-09-03 22:18:30] JOIN: Steelworker1155, Kelle001, Lummpi, Soundwave80
[2019-09-03 22:18:30] PART: V_and_k, Rocketpsyence420, Over9000trucks, Zekev2, Sadokan_, Senseidiablo, Nindzor, Slipandslideslim, Funplayer974
[2019-09-03 22:19:28] VIEWERS: 117
[2019-09-03 22:19:31] JOIN: Newgamefrontier, Rocketpsyence420, V_and_k, Lennyklein1151, Met4llicgod
[2019-09-03 22:19:31] PART: Poppa209, Multivitaminauto
[2019-09-03 22:19:48] VIEWERS: 116
[2019-09-03 22:20:33] <bombumma> !roulette all
[2019-09-03 22:20:34] <@^StreamElements>* PogChamp bombumma went all in and won 50 Coins PogChamp they now have 100 Coins HSWP
[2019-09-03 22:20:40] JOIN: Kappa_206, Acadian7
[2019-09-03 22:20:50] <bombumma> squilGG
[2019-09-03 22:21:03] <ftgri> !roulette all
[2019-09-03 22:21:48] VIEWERS: 114
[2019-09-03 22:21:50] JOIN: bombumma
[2019-09-03 22:21:50] PART: Virgoproz
[2019-09-03 22:22:15] <ftgri> !roulette all
[2019-09-03 22:22:15] <@^StreamElements>* ftgri went all in and lost every single one of their 2610 Coins LUL
[2019-09-03 22:22:40] <%Blippie> !roulette 420
[2019-09-03 22:22:48] VIEWERS: 116
[2019-09-03 22:22:58] <%Blippie> !slot
[2019-09-03 22:22:59] <@^StreamElements> @Blippie you got PJSugar | DoritosChip | PJSalt and lost your 100 Coins LUL
[2019-09-03 22:22:59] JOIN: Sharkyman419, Bobidoo
[2019-09-03 22:22:59] PART: Pompeiimagnus, Doala1999, ftgri
[2019-09-03 22:23:48] VIEWERS: 120
[2019-09-03 22:24:08] JOIN: Doala1999, ftgri, Pompeiimagnus, Maniek5000
[2019-09-03 22:24:08] PART: Lummpi, Luki4fun_bot_master, Twitchdatamining
[2019-09-03 22:25:12] JOIN: Jnkchris
[2019-09-03 22:25:12] PART: Dominusinferos, Justinsanity804
[2019-09-03 22:25:48] VIEWERS: 122
[2019-09-03 22:26:08] VIEWERS: 119
[2019-09-03 22:26:22] JOIN: Dominusinferos, Martimcflaye, Justinsanity804
[2019-09-03 22:26:22] PART: Just_a_pixall_uk, Firerage123, Linnovokain, ftgri, bombumma, Bobidoo
[2019-09-03 22:27:48] VIEWERS: 116
[2019-09-03 22:28:34] JOIN: Thirstyman, Holodread, Mogelman, Oukapaka
[2019-09-03 22:28:34] PART: Lennyklein1151, Snudelful, Shizzler73
[2019-09-03 22:29:28] VIEWERS: 120
[2019-09-03 22:29:43] JOIN: Linnovokain, iamashadowlord, Hostmeraffle, Freddyybot
[2019-09-03 22:29:43] PART: Phasskione, imMachete, Sharkyman419, Phatz420, Gamearnt, Pocrevocrednu, Kappa_206
[2019-09-03 22:29:48] VIEWERS: 115
[2019-09-03 22:31:42] JOIN: Hostilitybln, Phasskione, Dizboard, Wiskers5, Virgoproz, imMachete, Gamearnt, Sharkyman419
[2019-09-03 22:31:42] PART: Rocketpsyence420, Aufthcdurchbrd, Linnovokain, Battojutzu, Budman69, whiteprincess22
[2019-09-03 22:31:48] VIEWERS: 118
[2019-09-03 22:32:48] VIEWERS: 119
[2019-09-03 22:33:44] JOIN: Canttouchmywii, Lummpi, Renny_s, Murraymince, Rocketpsyence420, Agrystyr, Twitchdatamining
[2019-09-03 22:33:44] PART: Martimcflaye, Maniek5000
[2019-09-03 22:33:48] VIEWERS: 116
[2019-09-03 22:35:49] VIEWERS: 117
[2019-09-03 22:35:52] JOIN: Shadynastys26, Koubiak37
[2019-09-03 22:35:52] PART: Renny_s, Agrystyr, Oonef, intensify_tv, V_and_k
[2019-09-03 22:36:08] VIEWERS: 111
[2019-09-03 22:37:48] Viewerstats (22:09-22:37): avg:119 min:114 max:131 [15/131-7+2-6+1-5-2+6+2-6-1+3-2+1-1]
[2019-09-03 22:37:48] VIEWERS: 116
[2019-09-03 22:37:58] JOIN: Keisakusensei
[2019-09-03 22:37:58] PART: Koubiak37, Shadynastys26
[2019-09-03 22:39:04] JOIN: Trashman_007
[2019-09-03 22:39:04] PART: Wiskers5, Lummpi, Truenecro
[2019-09-03 22:39:28] VIEWERS: 108
[2019-09-03 22:39:48] VIEWERS: 108
[2019-09-03 22:40:01] PART: Trashman_007, Oukapaka, Keisakusensei
[2019-09-03 22:41:05] PART: Parvelz, Acadian7
[2019-09-03 22:41:48] VIEWERS: 111
[2019-09-03 22:42:08] PART: meko2z, Donnerxm
[2019-09-03 22:42:48] VIEWERS: 106
[2019-09-03 22:43:12] JOIN: Panic677
[2019-09-03 22:43:12] PART: Thirstyman, Virgoproz, Hostilitybln
[2019-09-03 22:43:48] VIEWERS: 107
[2019-09-03 22:44:10] JOIN: V_and_k, Akurii, Mikhangel
[2019-09-03 22:44:10] PART: Spookysica
[2019-09-03 22:45:18] JOIN: Madden129, Virgoproz
[2019-09-03 22:45:18] PART: Mikhangel, Rocketpsyence420
[2019-09-03 22:45:48] VIEWERS: 108
[2019-09-03 22:46:08] VIEWERS: 108
[2019-09-03 22:46:14] JOIN: Xxsubj3ctxx, Rocketpsyence420, S0nsjackl29l
[2019-09-03 22:46:14] PART: Cherriesrockmysox
[2019-09-03 22:47:23] JOIN: Cherriesrockmysox, Neddyteddy38, Makia0890, Hertzdisaster, Eskimo_cboy
[2019-09-03 22:47:48] VIEWERS: 116
[2019-09-03 22:48:33] JOIN: Mvpatrick, Maowzii, Renny_s
[2019-09-03 22:48:33] PART: Winsock
[2019-09-03 22:49:28] VIEWERS: 114
[2019-09-03 22:49:48] VIEWERS: 114
[2019-09-03 22:50:41] JOIN: 133_th, Winsock, Djtwotimes
[2019-09-03 22:50:41] PART: Maowzii, Renny_s
[2019-09-03 22:51:38] JOIN: Ithinkitscharlie1
[2019-09-03 22:51:49] VIEWERS: 117
[2019-09-03 22:52:38] JOIN: Moritzgaush, God_cascata
[2019-09-03 22:52:38] PART: Newgamefrontier, Jnkchris, Djtwotimes
[2019-09-03 22:52:49] VIEWERS: 121
[2019-09-03 22:53:41] JOIN: Patau759, Samlex63
[2019-09-03 22:53:41] PART: Freddyybot, Holodread, Moritzgaush
[2019-09-03 22:53:49] VIEWERS: 121
[2019-09-03 22:54:45] JOIN: Linodr995, Clubberson
[2019-09-03 22:54:45] PART: Gdawgfizzle, Dunasbh
[2019-09-03 22:55:46] JOIN: Fsdynasty
[2019-09-03 22:55:46] PART: Virgoproz, Ithinkitscharlie1, Patau759, Linodr995, Samlex63, 133_th
[2019-09-03 22:55:49] VIEWERS: 117
[2019-09-03 22:56:09] VIEWERS: 105
[2019-09-03 22:56:19] <doubledot> !roulette all
[2019-09-03 22:56:20] <@^StreamElements>* doubledot went all in and lost every single one of their 1930 Coins LUL
[2019-09-03 22:56:54] PART: Panic677, Jobi_essen, Itchylp17, Freast
[2019-09-03 22:57:49] VIEWERS: 117
[2019-09-03 22:58:01] JOIN: Freast, Virgoproz, Pinhu13, Jnkchris, Sinaria92, Jobi_essen
[2019-09-03 22:59:11] JOIN: Greybeard717, Ace550554
[2019-09-03 22:59:11] PART: Zanata666, Jopeco94
[2019-09-03 22:59:29] VIEWERS: 117
[2019-09-03 22:59:49] VIEWERS: 117
[2019-09-03 23:00:08] <^Stay_Hydrated_Bot>* @failarmy stayhyBottle You've been live for just over 15 hours. By this point in your broadcast you should have consumed at least 60oz (1.80L) of water to maintain optimum hydration.
[2019-09-03 23:00:15] JOIN: Drosselbart_82, Djtwotimes, Freddyybot
[2019-09-03 23:00:15] PART: Trampel81, Akurii, loft, Twitchprimereminder
[2019-09-03 23:01:22] JOIN: Kibsnbritches, loft, Trampel81, Port_engine, Akurii, Phatz420
[2019-09-03 23:01:22] PART: Kristians80, Twitchdatamining
[2019-09-03 23:01:49] VIEWERS: 121
[2019-09-03 23:01:55] <AngelSammy> !points
[2019-09-03 23:01:55] <@^StreamElements> @AngelSammy, AngelSammy has 870 Coins and is rank 20955/156237 on the leaderboard.
[2019-09-03 23:02:30] JOIN: Testerro2
[2019-09-03 23:02:30] PART: Freast, Rocketpsyence420, Djtwotimes
[2019-09-03 23:02:49] VIEWERS: 119
[2019-09-03 23:03:40] JOIN: Rocketpsyence420, Buddy514, Wepdep, Ozcorp, Codenamelucas, Def_army
[2019-09-03 23:03:40] PART: Akurii, V_and_k, Makia0890, Greybeard717
[2019-09-03 23:03:49] VIEWERS: 119
[2019-09-03 23:04:49] JOIN: Twitchprimereminder, Multivitaminauto, Telinha
[2019-09-03 23:04:49] PART: Codenamelucas
[2019-09-03 23:05:46] JOIN: Dmark1202, Miitcherino, Lucas_hiroshi16, Spaenny, Ghoulbane3
[2019-09-03 23:05:49] VIEWERS: 127
[2019-09-03 23:06:09] VIEWERS: 126
[2019-09-03 23:06:55] JOIN: Krawattenjohnny, Twitchdatamining, Rissikaxoxo, Bangbuds, Kateefox, Evil_cranium
[2019-09-03 23:06:55] PART: Lucas_hiroshi16, Steelworker1155, Sinaria92
[2019-09-03 23:07:49] Viewerstats (22:39-23:07): avg:116 min:107 max:129 [15/108+3-4+1+8-2+3+4-4+0+0+4-2+8+2]
[2019-09-03 23:07:49] VIEWERS: 129
[2019-09-03 23:07:58] JOIN: Cerber2b, Sael24
[2019-09-03 23:07:58] PART: Dmark1202, Def_army, Buddy514
[2019-09-03 23:09:00] JOIN: Yochiama, Freast, V_and_k
[2019-09-03 23:09:00] PART: Madden129, Canttouchmywii, Jnkchris, Rocketpsyence420
[2019-09-03 23:09:29] VIEWERS: 125
[2019-09-03 23:09:49] VIEWERS: 125
[2019-09-03 23:10:09] JOIN: The_moxnix, Derlichtbringer, Techtex, Rocketpsyence420
[2019-09-03 23:10:09] PART: S0nsjackl29l, Freddyybot, Kateefox, Sael24, Evil_cranium, Rissikaxoxo
[2019-09-03 23:10:23] <+eskimo_cboy> !points
[2019-09-03 23:10:23] <@^StreamElements> @eskimo_cboy, eskimo_cboy has 130 Coins and is rank 85427/156238 on the leaderboard.
[2019-09-03 23:10:33] <+eskimo_cboy> !slots
[2019-09-03 23:10:33] <@^StreamElements> @eskimo_cboy you got PogChamp | PogChamp | PJSugar and lost your 100 Coins LUL
[2019-09-03 23:11:07] PART: Xxquiet
[2019-09-03 23:11:49] VIEWERS: 123
[2019-09-03 23:12:07] JOIN: Sophus_theron, Sevensez
[2019-09-03 23:12:07] PART: Wepdep, Rocketpsyence420, Yochiama
[2019-09-03 23:12:49] VIEWERS: 121
[2019-09-03 23:13:05] JOIN: Rocketpsyence420
[2019-09-03 23:13:05] PART: Spaenny, Allthashenanigans, Tsp1der, Jjclav14, Testerro2, S1faka
[2019-09-03 23:13:49] VIEWERS: 123
[2019-09-03 23:14:03] JOIN: S1faka, Tsp1der, Allthashenanigans, Logancio, Jjclav14
[2019-09-03 23:15:05] JOIN: Poxuxol_, Glenstertx
[2019-09-03 23:15:05] PART: Bangbuds, Boelol, Sevensez
[2019-09-03 23:15:49] VIEWERS: 127
[2019-09-03 23:16:07] JOIN: Sarasiilva, Wisdomfang, Mattizagamer, Dmark1202, Boelol, Allanbalder
[2019-09-03 23:16:07] PART: Poxuxol_
[2019-09-03 23:16:09] VIEWERS: 127
[2019-09-03 23:16:49] <AngelSammy> !slots
[2019-09-03 23:16:49] <@^StreamElements> @AngelSammy you got PJSugar | BibleThump | DoritosChip and lost your 100 Coins LUL
[2019-09-03 23:17:15] <AngelSammy> !roulette 120
[2019-09-03 23:17:15] <@^StreamElements>* AngelSammy lost 120 Coins in roulette and now has 670 Coins! WutFace
[2019-09-03 23:17:49] VIEWERS: 129
[2019-09-03 23:19:21] JOIN: Cocktail_killa, Amish_ninja_608
[2019-09-03 23:19:21] PART: Wisdomfang, Lycien08, Telinha, eskimo_cboy, Logancio, Allanbalder, Ace550554, Pinhu13, Ozcorp, Dmark1202
[2019-09-03 23:19:21] PART: Sarasiilva, Sophus_theron, Virgoproz
[2019-09-03 23:19:29] VIEWERS: 118
[2019-09-03 23:19:49] VIEWERS: 118
[2019-09-03 23:20:23] JOIN: Ace550554, Luki4fun_bot_master, Ozcorp, Lycien08
[2019-09-03 23:20:23] PART: AngelSammy
[2019-09-03 23:21:21] JOIN: Jnkchris
[2019-09-03 23:21:21] PART: Lycien08, Krawattenjohnny
[2019-09-03 23:21:49] VIEWERS: 114
[2019-09-03 23:22:19] JOIN: Skeeteruk, Virgoproz
[2019-09-03 23:22:19] PART: Siixsten
[2019-09-03 23:22:49] VIEWERS: 114
[2019-09-03 23:23:49] VIEWERS: 115
[2019-09-03 23:24:28] JOIN: Beafysteak, Siixsten, Fl3id
[2019-09-03 23:24:28] PART: Skeeteruk, Ghoulbane3, V_and_k, The_moxnix, Rocketpsyence420
[2019-09-03 23:25:28] JOIN: Rocketpsyence420, Un4rattl3r, Reiner_zufall__
[2019-09-03 23:25:28] PART: Phatz420, Jnkchris
[2019-09-03 23:25:49] VIEWERS: 116
[2019-09-03 23:26:08] <+mr_cr3at0r> mrchenOmg
[2019-09-03 23:26:09] VIEWERS: 115
[2019-09-03 23:26:25] <+mr_cr3at0r> FrankerZ
[2019-09-03 23:26:27] JOIN: Jnkchris
[2019-09-03 23:26:27] PART: Rocketpsyence420, Derlichtbringer, Glenstertx, Fl3id
[2019-09-03 23:27:27] JOIN: Unai33pit, mr_cr3at0r, Rocketpsyence420, Cyguy_
[2019-09-03 23:27:49] VIEWERS: 119
[2019-09-03 23:28:27] JOIN: Colbyroblox56
[2019-09-03 23:28:27] PART: Cyguy_, Beafysteak, Ace550554, Unai33pit
[2019-09-03 23:29:28] JOIN: Telinha
[2019-09-03 23:29:28] PART: Zerotoan, Murraymince
[2019-09-03 23:29:29] VIEWERS: 116
[2019-09-03 23:29:49] VIEWERS: 116
[2019-09-03 23:30:36] PART: Telinha, mr_cr3at0r, Multivitaminauto, Colbyroblox56
[2019-09-03 23:31:35] JOIN: Joj0taro, Derspeckistweg
[2019-09-03 23:31:35] PART: Rocketpsyence420, Allthashenanigans, Luki4fun_bot_master, Tenshimoyama, Grizzlynels, Varvajk
[2019-09-03 23:31:44] <rocketpsyence420> !slot
[2019-09-03 23:31:44] <@^StreamElements> @rocketpsyence420 you got PJSugar | PJSalt | PogChamp and lost your 100 Coins LUL
[2019-09-03 23:31:49] VIEWERS: 115
[2019-09-03 23:32:49] VIEWERS: 116
[2019-09-03 23:33:47] JOIN: Valholl_awaits_me, Luki4fun_bot_master, Varvajk, rocketpsyence420, Tenshimoyama, Beardog2010, Lulah_mour
[2019-09-03 23:33:47] PART: Jimmyboycbs, Nonzerix, Neddyteddy38, Pretty_bad
[2019-09-03 23:33:49] VIEWERS: 117
[2019-09-03 23:34:55] JOIN: Ahitchcock, Neddyteddy38, Pretty_bad, Jimmyboycbs, Kontan_live, V_and_k, Nonzerix, Proofquest, Logancio, D_chapp
[2019-09-03 23:34:55] PART: Lulah_mour, Virgoproz, Joj0taro
[2019-09-03 23:35:28] <doubledot> !roulette all
[2019-09-03 23:35:28] <@^StreamElements>* doubledot went all in and lost every single one of their 40 Coins LUL
[2019-09-03 23:35:49] VIEWERS: 117
[2019-09-03 23:35:56] <kokkai_> !give @doubledot 100
[2019-09-03 23:35:56] <@^StreamElements> kokkai_ gave 100 Coins to doubledot PogChamp
[2019-09-03 23:36:02] JOIN: Virgoproz
[2019-09-03 23:36:02] PART: Un4rattl3r, Logancio, Rhuvian
[2019-09-03 23:36:06] <rocketpsyence420> !roulette 500
[2019-09-03 23:36:06] <@^StreamElements>* rocketpsyence420 lost 500 Coins in roulette and now has 16886 Coins! WutFace
[2019-09-03 23:36:09] VIEWERS: 117
[2019-09-03 23:37:07] JOIN: Azulcavallo, Poxuxol_, kokkai_, Un4rattl3r
[2019-09-03 23:37:07] PART: Valholl_awaits_me, Hostmeraffle
[2019-09-03 23:37:49] Viewerstats (23:09-23:37): avg:119 min:114 max:129 [15/125-2+0+4+2-11-4+1+1+3-3-1+2+0-1]
[2019-09-03 23:37:49] VIEWERS: 116
[2019-09-03 23:38:05] JOIN: Eusiworkshop, Deluxa1, Hostmeraffle, Teyyd
[2019-09-03 23:38:05] PART: D_chapp, Puiistrings
[2019-09-03 23:38:24] <kokkai_> !roulette 100
[2019-09-03 23:38:25] <@^StreamElements>* kokkai_ won 100 Coins in roulette and now has 670 Coins! HSWP
[2019-09-03 23:39:05] JOIN: Sirkaspi, Microweave98, Andy_c0re
[2019-09-03 23:39:05] PART: Derspeckistweg, Mattizagamer, Poxuxol_
[2019-09-03 23:39:29] VIEWERS: 123
[2019-09-03 23:39:49] VIEWERS: 124
[2019-09-03 23:40:09] PART: Azulcavallo
[2019-09-03 23:40:52] <Lyke_A_Glove> ohmygerd
[2019-09-03 23:41:16] JOIN: Darksilhouette, Kunjie_, Lewisbevo12
[2019-09-03 23:41:49] VIEWERS: 121
[2019-09-03 23:42:21] JOIN: Poxuxol_, Mxyoshi, Mystic_peanut_butter, Evil_cranium, Tylertheterrible_, Lyke_A_Glove
[2019-09-03 23:42:49] VIEWERS: 131
[2019-09-03 23:43:22] JOIN: Director_general, Veryoldracer, Stifler106
[2019-09-03 23:43:22] PART: Darksilhouette
[2019-09-03 23:43:49] VIEWERS: 131
[2019-09-03 23:44:18] JOIN: Mfontana3, Derspeckistweg
[2019-09-03 23:44:18] PART: Jnkchris, Meuchel_, Poxuxol_, Tamtam_83, Tylertheterrible_, Lewisbevo12, Lyke_A_Glove
[2019-09-03 23:45:14] JOIN: Icezeit, Putinforever21, Mengland5164
[2019-09-03 23:45:14] PART: Cerber2b
[2019-09-03 23:45:49] VIEWERS: 125
[2019-09-03 23:46:09] VIEWERS: 125
[2019-09-03 23:47:35] <+imMachete> !slots
[2019-09-03 23:47:35] <@^StreamElements> @imMachete you got PJSalt | BibleThump | PJSugar and lost your 100 Coins LUL
[2019-09-03 23:47:48] <microweave98> !points
[2019-09-03 23:47:49] <@^StreamElements> @microweave98, microweave98 has 90 Coins and is rank 104165/156241 on the leaderboard.
[2019-09-03 23:47:49] VIEWERS: 123
[2019-09-03 23:47:57] <microweave98> !roulette all
[2019-09-03 23:47:57] <@^StreamElements>* PogChamp microweave98 went all in and won 90 Coins PogChamp they now have 180 Coins HSWP
[2019-09-03 23:48:15] JOIN: Rudkins, Sumpunk84
[2019-09-03 23:48:15] PART: Xtriple_seven7x, Evil_cranium, Mxyoshi, kokkai_, Beardog2010
[2019-09-03 23:49:10] <microweave98> !roulette all
[2019-09-03 23:49:13] JOIN: Jasonscarface, Raymbael, Pixelbleed
[2019-09-03 23:49:13] PART: Stifler106, Andy_c0re, Proofquest
[2019-09-03 23:49:29] VIEWERS: 117
[2019-09-03 23:49:49] VIEWERS: 118
[2019-09-03 23:50:18] JOIN: Oneshot_yt_, Jnkchris
[2019-09-03 23:50:18] PART: Jasonscarface, Veryoldracer
[2019-09-03 23:51:22] JOIN: Xluzif3rx, Rocketboy, Nosthrodk
[2019-09-03 23:51:22] PART: Deluxa1, Oneshot_yt_
[2019-09-03 23:51:49] VIEWERS: 119
[2019-09-03 23:52:27] PART: Nosthrodk, microweave98, Xluzif3rx, Dxgow, Rocketboy, Cherriesrockmysox, Hertzdisaster
[2019-09-03 23:52:49] VIEWERS: 120
[2019-09-03 23:53:26] JOIN: Poxuxol_, Cherriesrockmysox, Exoticgent, Ixsant, Hertzdisaster
[2019-09-03 23:53:26] PART: StreamElements, Kibsnbritches
[2019-09-03 23:53:26] UNMOD: StreamElements
[2019-09-03 23:53:38] <%iamashadowlord> !points
[2019-09-03 23:53:38] <@^StreamElements> @iamashadowlord, iamashadowlord has 8348 Coins and is rank 1833/156241 on the leaderboard.
[2019-09-03 23:53:49] VIEWERS: 121
[2019-09-03 23:53:53] <%iamashadowlord> !give @microweave98 348
[2019-09-03 23:53:53] <@^StreamElements> iamashadowlord gave 348 Coins to microweave98 PogChamp
[2019-09-03 23:54:29] JOIN: Bignoogz, StreamElements, Kibsnbritches, Bolddark
[2019-09-03 23:54:29] PART: Amish_ninja_608, V_and_k, Soundwave80
[2019-09-03 23:54:29] MOD: StreamElements
[2019-09-03 23:55:25] JOIN: Samy9992
[2019-09-03 23:55:25] PART: Icezeit
[2019-09-03 23:55:49] VIEWERS: 121
[2019-09-03 23:56:09] VIEWERS: 121
[2019-09-03 23:56:31] JOIN: Chiefhoopalot, Norah008
[2019-09-03 23:56:31] PART: Mystic_peanut_butter, Poxuxol_, Bignoogz, Plactu, Mogelman, Bolddark, Techtex, Virgoproz
[2019-09-03 23:57:32] JOIN: Plactu, Steffy162017, Mystic_peanut_butter
[2019-09-03 23:57:32] PART: Ixsant, Raymbael
[2019-09-03 23:57:49] VIEWERS: 115
[2019-09-03 23:58:41] PART: Jnkchris
[2019-09-03 23:59:29] VIEWERS: 119
[2019-09-03 23:59:42] JOIN: V_and_k
[2019-09-03 23:59:42] PART: Miitcherino
[2019-09-03 23:59:49] VIEWERS: 119
